ARM GAS  C:\Users\Lenovo\AppData\Local\Temp\cctiEzLS.s 			page 1


   1              		.syntax unified
   2              		.cpu cortex-m3
   3              		.fpu softvfp
   4              		.eabi_attribute 20, 1
   5              		.eabi_attribute 21, 1
   6              		.eabi_attribute 23, 3
   7              		.eabi_attribute 24, 1
   8              		.eabi_attribute 25, 1
   9              		.eabi_attribute 26, 1
  10              		.eabi_attribute 30, 6
  11              		.eabi_attribute 34, 1
  12              		.eabi_attribute 18, 4
  13              		.thumb
  14              		.syntax unified
  15              		.file	"Gbr.c"
  16              		.text
  17              	.Ltext0:
  18              		.cfi_sections	.debug_frame
  19              		.comm	PollCounter,2,2
  20              		.comm	CurrentState,1,1
  21              		.comm	Receipt,1,1
  22              		.comm	side,1164,4
  23              		.comm	MepsanResponse,50,4
  24              		.comm	MepsanSendTo,50,4
  25              		.comm	PumpAddress,15,4
  26              		.comm	CRC,2,2
  27              		.comm	crc_lo,1,1
  28              		.comm	crc_hi,1,1
  29              		.comm	Positions,1,1
  30              		.comm	TotalRequestType,1,1
  31              		.comm	DecVol,1,1
  32              		.comm	dirGbr,1,1
  33              		.section	.text.StateTransform,"ax",%progbits
  34              		.align	2
  35              		.global	StateTransform
  36              		.thumb
  37              		.thumb_func
  38              		.type	StateTransform, %function
  39              	StateTransform:
  40              	.LFB63:
  41              		.file 1 "Gbr.c"
   1:Gbr.c         **** /* ========================================
   2:Gbr.c         ****  *
   3:Gbr.c         ****  * Copyright YOUR COMPANY, THE YEAR
   4:Gbr.c         ****  * All Rights Reserved
   5:Gbr.c         ****  * UNPUBLISHED, LICENSED SOFTWARE.
   6:Gbr.c         ****  *
   7:Gbr.c         ****  * CONFIDENTIAL AND PROPRIETARY INFORMATION
   8:Gbr.c         ****  * WHICH IS THE PROPERTY OF your company.
   9:Gbr.c         ****  *
  10:Gbr.c         ****  * ========================================
  11:Gbr.c         **** */
  12:Gbr.c         **** 
  13:Gbr.c         **** /* [] END OF FILE */
  14:Gbr.c         **** #include <GVar.h>
  15:Gbr.c         **** 
  16:Gbr.c         **** void StateTransform(){
ARM GAS  C:\Users\Lenovo\AppData\Local\Temp\cctiEzLS.s 			page 2


  42              		.loc 1 16 0
  43              		.cfi_startproc
  44              		@ args = 0, pretend = 0, frame = 0
  45              		@ frame_needed = 1, uses_anonymous_args = 0
  46 0000 80B5     		push	{r7, lr}
  47              		.cfi_def_cfa_offset 8
  48              		.cfi_offset 7, -8
  49              		.cfi_offset 14, -4
  50 0002 00AF     		add	r7, sp, #0
  51              		.cfi_def_cfa_register 7
  17:Gbr.c         ****     //if(dirGbr == side.a.dir)
  18:Gbr.c         ****     UART_2_PutChar(GILB_IDLE);
  52              		.loc 1 18 0
  53 0004 6020     		movs	r0, #96
  54 0006 FFF7FEFF 		bl	UART_2_PutChar
  19:Gbr.c         ****     
  20:Gbr.c         **** }
  55              		.loc 1 20 0
  56 000a 00BF     		nop
  57 000c 80BD     		pop	{r7, pc}
  58              		.cfi_endproc
  59              	.LFE63:
  60              		.size	StateTransform, .-StateTransform
  61 000e 00BF     		.section	.text.SystemQ,"ax",%progbits
  62              		.align	2
  63              		.global	SystemQ
  64              		.thumb
  65              		.thumb_func
  66              		.type	SystemQ, %function
  67              	SystemQ:
  68              	.LFB64:
  21:Gbr.c         **** 
  22:Gbr.c         **** void SystemQ(){
  69              		.loc 1 22 0
  70              		.cfi_startproc
  71              		@ args = 0, pretend = 0, frame = 8
  72              		@ frame_needed = 1, uses_anonymous_args = 0
  73 0000 80B5     		push	{r7, lr}
  74              		.cfi_def_cfa_offset 8
  75              		.cfi_offset 7, -8
  76              		.cfi_offset 14, -4
  77 0002 82B0     		sub	sp, sp, #8
  78              		.cfi_def_cfa_offset 16
  79 0004 00AF     		add	r7, sp, #0
  80              		.cfi_def_cfa_register 7
  23:Gbr.c         ****     uint8 QSystem;
  24:Gbr.c         ****     uint8 size;
  25:Gbr.c         ****     size = UART_2_GetRxBufferSize();
  81              		.loc 1 25 0
  82 0006 FFF7FEFF 		bl	UART_2_GetRxBufferSize
  83 000a 0346     		mov	r3, r0
  84 000c FB71     		strb	r3, [r7, #7]
  26:Gbr.c         ****     dirGbr = UART_2_ReadRxData()&0x0F;
  85              		.loc 1 26 0
  86 000e FFF7FEFF 		bl	UART_2_ReadRxData
  87 0012 0346     		mov	r3, r0
  88 0014 03F00F03 		and	r3, r3, #15
ARM GAS  C:\Users\Lenovo\AppData\Local\Temp\cctiEzLS.s 			page 3


  89 0018 DAB2     		uxtb	r2, r3
  90 001a 124B     		ldr	r3, .L12
  91 001c 1A70     		strb	r2, [r3]
  27:Gbr.c         ****     if(size== 1){
  92              		.loc 1 27 0
  93 001e FB79     		ldrb	r3, [r7, #7]	@ zero_extendqisi2
  94 0020 012B     		cmp	r3, #1
  95 0022 1BD1     		bne	.L10
  28:Gbr.c         ****         QSystem = UART_2_ReadRxData();
  96              		.loc 1 28 0
  97 0024 FFF7FEFF 		bl	UART_2_ReadRxData
  98 0028 0346     		mov	r3, r0
  99 002a BB71     		strb	r3, [r7, #6]
  29:Gbr.c         ****         switch(QSystem){
 100              		.loc 1 29 0
 101 002c BB79     		ldrb	r3, [r7, #6]	@ zero_extendqisi2
 102 002e 062B     		cmp	r3, #6
 103 0030 14D8     		bhi	.L10
 104 0032 01A2     		adr	r2, .L5
 105 0034 52F823F0 		ldr	pc, [r2, r3, lsl #2]
 106              		.p2align 2
 107              	.L5:
 108 0038 55000000 		.word	.L4+1
 109 003c 5D000000 		.word	.L10+1
 110 0040 5B000000 		.word	.L11+1
 111 0044 5D000000 		.word	.L10+1
 112 0048 5B000000 		.word	.L11+1
 113 004c 5B000000 		.word	.L11+1
 114 0050 5B000000 		.word	.L11+1
 115              		.p2align 1
 116              	.L4:
  30:Gbr.c         ****             case 0:
  31:Gbr.c         ****                 StateTransform();
 117              		.loc 1 31 0
 118 0054 FFF7FEFF 		bl	StateTransform
  32:Gbr.c         ****             break;
 119              		.loc 1 32 0
 120 0058 00E0     		b	.L3
 121              	.L11:
  33:Gbr.c         ****                 
  34:Gbr.c         ****             case 2:
  35:Gbr.c         ****                 
  36:Gbr.c         ****             break;
 122              		.loc 1 36 0
 123 005a 00BF     		nop
 124              	.L3:
 125              	.L10:
  37:Gbr.c         ****             
  38:Gbr.c         ****             case 4:
  39:Gbr.c         ****                 
  40:Gbr.c         ****             break;
  41:Gbr.c         ****             
  42:Gbr.c         ****             case 5:
  43:Gbr.c         ****                 
  44:Gbr.c         ****             break;
  45:Gbr.c         ****                 
  46:Gbr.c         ****             case 6:
ARM GAS  C:\Users\Lenovo\AppData\Local\Temp\cctiEzLS.s 			page 4


  47:Gbr.c         ****                 
  48:Gbr.c         ****             break;
  49:Gbr.c         ****         }
  50:Gbr.c         ****     }
  51:Gbr.c         ****     if(size > 1){
  52:Gbr.c         ****     }
  53:Gbr.c         **** }
 126              		.loc 1 53 0
 127 005c 00BF     		nop
 128 005e 0837     		adds	r7, r7, #8
 129              		.cfi_def_cfa_offset 8
 130 0060 BD46     		mov	sp, r7
 131              		.cfi_def_cfa_register 13
 132              		@ sp needed
 133 0062 80BD     		pop	{r7, pc}
 134              	.L13:
 135              		.align	2
 136              	.L12:
 137 0064 00000000 		.word	dirGbr
 138              		.cfi_endproc
 139              	.LFE64:
 140              		.size	SystemQ, .-SystemQ
 141              		.text
 142              	.Letext0:
 143              		.file 2 "c:\\program files (x86)\\cypress\\psoc creator\\4.2\\psoc creator\\import\\gnu\\arm\\5.4.
 144              		.file 3 "c:\\program files (x86)\\cypress\\psoc creator\\4.2\\psoc creator\\import\\gnu\\arm\\5.4.
 145              		.file 4 "Generated_Source\\PSoC5/cytypes.h"
 146              		.file 5 "./GVar.h"
 147              		.file 6 "Generated_Source\\PSoC5/core_cm3.h"
 148              		.section	.debug_info,"",%progbits
 149              	.Ldebug_info0:
 150 0000 F1030000 		.4byte	0x3f1
 151 0004 0400     		.2byte	0x4
 152 0006 00000000 		.4byte	.Ldebug_abbrev0
 153 000a 04       		.byte	0x4
 154 000b 01       		.uleb128 0x1
 155 000c 53000000 		.4byte	.LASF58
 156 0010 0C       		.byte	0xc
 157 0011 E5020000 		.4byte	.LASF59
 158 0015 4F020000 		.4byte	.LASF60
 159 0019 00000000 		.4byte	.Ldebug_ranges0+0
 160 001d 00000000 		.4byte	0
 161 0021 00000000 		.4byte	.Ldebug_line0
 162 0025 02       		.uleb128 0x2
 163 0026 01       		.byte	0x1
 164 0027 06       		.byte	0x6
 165 0028 A2010000 		.4byte	.LASF0
 166 002c 02       		.uleb128 0x2
 167 002d 01       		.byte	0x1
 168 002e 08       		.byte	0x8
 169 002f 94010000 		.4byte	.LASF1
 170 0033 02       		.uleb128 0x2
 171 0034 02       		.byte	0x2
 172 0035 05       		.byte	0x5
 173 0036 27000000 		.4byte	.LASF2
 174 003a 02       		.uleb128 0x2
 175 003b 02       		.byte	0x2
ARM GAS  C:\Users\Lenovo\AppData\Local\Temp\cctiEzLS.s 			page 5


 176 003c 07       		.byte	0x7
 177 003d 06020000 		.4byte	.LASF3
 178 0041 03       		.uleb128 0x3
 179 0042 40020000 		.4byte	.LASF9
 180 0046 02       		.byte	0x2
 181 0047 3F       		.byte	0x3f
 182 0048 4C000000 		.4byte	0x4c
 183 004c 02       		.uleb128 0x2
 184 004d 04       		.byte	0x4
 185 004e 05       		.byte	0x5
 186 004f 34010000 		.4byte	.LASF4
 187 0053 02       		.uleb128 0x2
 188 0054 04       		.byte	0x4
 189 0055 07       		.byte	0x7
 190 0056 B5020000 		.4byte	.LASF5
 191 005a 02       		.uleb128 0x2
 192 005b 08       		.byte	0x8
 193 005c 05       		.byte	0x5
 194 005d 17010000 		.4byte	.LASF6
 195 0061 02       		.uleb128 0x2
 196 0062 08       		.byte	0x8
 197 0063 07       		.byte	0x7
 198 0064 B8010000 		.4byte	.LASF7
 199 0068 04       		.uleb128 0x4
 200 0069 04       		.byte	0x4
 201 006a 05       		.byte	0x5
 202 006b 696E7400 		.ascii	"int\000"
 203 006f 02       		.uleb128 0x2
 204 0070 04       		.byte	0x4
 205 0071 07       		.byte	0x7
 206 0072 CF010000 		.4byte	.LASF8
 207 0076 03       		.uleb128 0x3
 208 0077 28020000 		.4byte	.LASF10
 209 007b 03       		.byte	0x3
 210 007c 2C       		.byte	0x2c
 211 007d 41000000 		.4byte	0x41
 212 0081 05       		.uleb128 0x5
 213 0082 FC000000 		.4byte	.LASF11
 214 0086 04       		.byte	0x4
 215 0087 E401     		.2byte	0x1e4
 216 0089 2C000000 		.4byte	0x2c
 217 008d 05       		.uleb128 0x5
 218 008e EB000000 		.4byte	.LASF12
 219 0092 04       		.byte	0x4
 220 0093 E501     		.2byte	0x1e5
 221 0095 3A000000 		.4byte	0x3a
 222 0099 02       		.uleb128 0x2
 223 009a 04       		.byte	0x4
 224 009b 04       		.byte	0x4
 225 009c 11010000 		.4byte	.LASF13
 226 00a0 02       		.uleb128 0x2
 227 00a1 08       		.byte	0x8
 228 00a2 04       		.byte	0x4
 229 00a3 27030000 		.4byte	.LASF14
 230 00a7 02       		.uleb128 0x2
 231 00a8 01       		.byte	0x1
 232 00a9 08       		.byte	0x8
ARM GAS  C:\Users\Lenovo\AppData\Local\Temp\cctiEzLS.s 			page 6


 233 00aa 23020000 		.4byte	.LASF15
 234 00ae 02       		.uleb128 0x2
 235 00af 08       		.byte	0x8
 236 00b0 04       		.byte	0x4
 237 00b1 7C010000 		.4byte	.LASF16
 238 00b5 02       		.uleb128 0x2
 239 00b6 04       		.byte	0x4
 240 00b7 07       		.byte	0x7
 241 00b8 31000000 		.4byte	.LASF17
 242 00bc 06       		.uleb128 0x6
 243 00bd 00000000 		.4byte	.LASF30
 244 00c1 2301     		.2byte	0x123
 245 00c3 05       		.byte	0x5
 246 00c4 1C       		.byte	0x1c
 247 00c5 68010000 		.4byte	0x168
 248 00c9 07       		.uleb128 0x7
 249 00ca 64697200 		.ascii	"dir\000"
 250 00ce 05       		.byte	0x5
 251 00cf 1D       		.byte	0x1d
 252 00d0 81000000 		.4byte	0x81
 253 00d4 00       		.byte	0
 254 00d5 08       		.uleb128 0x8
 255 00d6 9B020000 		.4byte	.LASF18
 256 00da 05       		.byte	0x5
 257 00db 1E       		.byte	0x1e
 258 00dc 68010000 		.4byte	0x168
 259 00e0 01       		.byte	0x1
 260 00e1 08       		.uleb128 0x8
 261 00e2 F2000000 		.4byte	.LASF19
 262 00e6 05       		.byte	0x5
 263 00e7 1F       		.byte	0x1f
 264 00e8 84010000 		.4byte	0x184
 265 00ec 29       		.byte	0x29
 266 00ed 08       		.uleb128 0x8
 267 00ee 19020000 		.4byte	.LASF20
 268 00f2 05       		.byte	0x5
 269 00f3 20       		.byte	0x20
 270 00f4 9A010000 		.4byte	0x19a
 271 00f8 35       		.byte	0x35
 272 00f9 08       		.uleb128 0x8
 273 00fa 58010000 		.4byte	.LASF21
 274 00fe 05       		.byte	0x5
 275 00ff 21       		.byte	0x21
 276 0100 9A010000 		.4byte	0x19a
 277 0104 39       		.byte	0x39
 278 0105 08       		.uleb128 0x8
 279 0106 E9010000 		.4byte	.LASF22
 280 010a 05       		.byte	0x5
 281 010b 22       		.byte	0x22
 282 010c AA010000 		.4byte	0x1aa
 283 0110 3D       		.byte	0x3d
 284 0111 08       		.uleb128 0x8
 285 0112 70010000 		.4byte	.LASF23
 286 0116 05       		.byte	0x5
 287 0117 23       		.byte	0x23
 288 0118 81000000 		.4byte	0x81
 289 011c 4B       		.byte	0x4b
ARM GAS  C:\Users\Lenovo\AppData\Local\Temp\cctiEzLS.s 			page 7


 290 011d 08       		.uleb128 0x8
 291 011e 2D010000 		.4byte	.LASF24
 292 0122 05       		.byte	0x5
 293 0123 24       		.byte	0x24
 294 0124 BA010000 		.4byte	0x1ba
 295 0128 4C       		.byte	0x4c
 296 0129 08       		.uleb128 0x8
 297 012a 08030000 		.4byte	.LASF25
 298 012e 05       		.byte	0x5
 299 012f 25       		.byte	0x25
 300 0130 CA010000 		.4byte	0x1ca
 301 0134 51       		.byte	0x51
 302 0135 08       		.uleb128 0x8
 303 0136 17000000 		.4byte	.LASF26
 304 013a 05       		.byte	0x5
 305 013b 26       		.byte	0x26
 306 013c DA010000 		.4byte	0x1da
 307 0140 83       		.byte	0x83
 308 0141 08       		.uleb128 0x8
 309 0142 14030000 		.4byte	.LASF27
 310 0146 05       		.byte	0x5
 311 0147 27       		.byte	0x27
 312 0148 F6010000 		.4byte	0x1f6
 313 014c FB       		.byte	0xfb
 314 014d 09       		.uleb128 0x9
 315 014e 3D010000 		.4byte	.LASF28
 316 0152 05       		.byte	0x5
 317 0153 28       		.byte	0x28
 318 0154 F6010000 		.4byte	0x1f6
 319 0158 0301     		.2byte	0x103
 320 015a 09       		.uleb128 0x9
 321 015b A8020000 		.4byte	.LASF29
 322 015f 05       		.byte	0x5
 323 0160 29       		.byte	0x29
 324 0161 06020000 		.4byte	0x206
 325 0165 0B01     		.2byte	0x10b
 326 0167 00       		.byte	0
 327 0168 0A       		.uleb128 0xa
 328 0169 81000000 		.4byte	0x81
 329 016d 84010000 		.4byte	0x184
 330 0171 0B       		.uleb128 0xb
 331 0172 B5000000 		.4byte	0xb5
 332 0176 03       		.byte	0x3
 333 0177 0B       		.uleb128 0xb
 334 0178 B5000000 		.4byte	0xb5
 335 017c 01       		.byte	0x1
 336 017d 0B       		.uleb128 0xb
 337 017e B5000000 		.4byte	0xb5
 338 0182 04       		.byte	0x4
 339 0183 00       		.byte	0
 340 0184 0A       		.uleb128 0xa
 341 0185 81000000 		.4byte	0x81
 342 0189 9A010000 		.4byte	0x19a
 343 018d 0B       		.uleb128 0xb
 344 018e B5000000 		.4byte	0xb5
 345 0192 03       		.byte	0x3
 346 0193 0B       		.uleb128 0xb
ARM GAS  C:\Users\Lenovo\AppData\Local\Temp\cctiEzLS.s 			page 8


 347 0194 B5000000 		.4byte	0xb5
 348 0198 02       		.byte	0x2
 349 0199 00       		.byte	0
 350 019a 0A       		.uleb128 0xa
 351 019b 81000000 		.4byte	0x81
 352 019f AA010000 		.4byte	0x1aa
 353 01a3 0B       		.uleb128 0xb
 354 01a4 B5000000 		.4byte	0xb5
 355 01a8 03       		.byte	0x3
 356 01a9 00       		.byte	0
 357 01aa 0A       		.uleb128 0xa
 358 01ab 81000000 		.4byte	0x81
 359 01af BA010000 		.4byte	0x1ba
 360 01b3 0B       		.uleb128 0xb
 361 01b4 B5000000 		.4byte	0xb5
 362 01b8 0D       		.byte	0xd
 363 01b9 00       		.byte	0
 364 01ba 0A       		.uleb128 0xa
 365 01bb 81000000 		.4byte	0x81
 366 01bf CA010000 		.4byte	0x1ca
 367 01c3 0B       		.uleb128 0xb
 368 01c4 B5000000 		.4byte	0xb5
 369 01c8 04       		.byte	0x4
 370 01c9 00       		.byte	0
 371 01ca 0A       		.uleb128 0xa
 372 01cb 81000000 		.4byte	0x81
 373 01cf DA010000 		.4byte	0x1da
 374 01d3 0B       		.uleb128 0xb
 375 01d4 B5000000 		.4byte	0xb5
 376 01d8 31       		.byte	0x31
 377 01d9 00       		.byte	0
 378 01da 0A       		.uleb128 0xa
 379 01db 81000000 		.4byte	0x81
 380 01df F6010000 		.4byte	0x1f6
 381 01e3 0B       		.uleb128 0xb
 382 01e4 B5000000 		.4byte	0xb5
 383 01e8 03       		.byte	0x3
 384 01e9 0B       		.uleb128 0xb
 385 01ea B5000000 		.4byte	0xb5
 386 01ee 02       		.byte	0x2
 387 01ef 0B       		.uleb128 0xb
 388 01f0 B5000000 		.4byte	0xb5
 389 01f4 09       		.byte	0x9
 390 01f5 00       		.byte	0
 391 01f6 0A       		.uleb128 0xa
 392 01f7 81000000 		.4byte	0x81
 393 01fb 06020000 		.4byte	0x206
 394 01ff 0B       		.uleb128 0xb
 395 0200 B5000000 		.4byte	0xb5
 396 0204 07       		.byte	0x7
 397 0205 00       		.byte	0
 398 0206 0A       		.uleb128 0xa
 399 0207 81000000 		.4byte	0x81
 400 020b 1C020000 		.4byte	0x21c
 401 020f 0B       		.uleb128 0xb
 402 0210 B5000000 		.4byte	0xb5
 403 0214 03       		.byte	0x3
ARM GAS  C:\Users\Lenovo\AppData\Local\Temp\cctiEzLS.s 			page 9


 404 0215 0B       		.uleb128 0xb
 405 0216 B5000000 		.4byte	0xb5
 406 021a 05       		.byte	0x5
 407 021b 00       		.byte	0
 408 021c 06       		.uleb128 0x6
 409 021d 4A020000 		.4byte	.LASF31
 410 0221 8C04     		.2byte	0x48c
 411 0223 05       		.byte	0x5
 412 0224 2D       		.byte	0x2d
 413 0225 55020000 		.4byte	0x255
 414 0229 07       		.uleb128 0x7
 415 022a 6100     		.ascii	"a\000"
 416 022c 05       		.byte	0x5
 417 022d 2E       		.byte	0x2e
 418 022e BC000000 		.4byte	0xbc
 419 0232 00       		.byte	0
 420 0233 0C       		.uleb128 0xc
 421 0234 6200     		.ascii	"b\000"
 422 0236 05       		.byte	0x5
 423 0237 2F       		.byte	0x2f
 424 0238 BC000000 		.4byte	0xbc
 425 023c 2301     		.2byte	0x123
 426 023e 0C       		.uleb128 0xc
 427 023f 6300     		.ascii	"c\000"
 428 0241 05       		.byte	0x5
 429 0242 30       		.byte	0x30
 430 0243 BC000000 		.4byte	0xbc
 431 0247 4602     		.2byte	0x246
 432 0249 0C       		.uleb128 0xc
 433 024a 6400     		.ascii	"d\000"
 434 024c 05       		.byte	0x5
 435 024d 31       		.byte	0x31
 436 024e BC000000 		.4byte	0xbc
 437 0252 6903     		.2byte	0x369
 438 0254 00       		.byte	0
 439 0255 0D       		.uleb128 0xd
 440 0256 FC020000 		.4byte	.LASF61
 441 025a 01       		.byte	0x1
 442 025b 2C000000 		.4byte	0x2c
 443 025f 05       		.byte	0x5
 444 0260 51       		.byte	0x51
 445 0261 A2020000 		.4byte	0x2a2
 446 0265 0E       		.uleb128 0xe
 447 0266 C7020000 		.4byte	.LASF32
 448 026a 00       		.byte	0
 449 026b 0E       		.uleb128 0xe
 450 026c 59030000 		.4byte	.LASF33
 451 0270 60       		.byte	0x60
 452 0271 0E       		.uleb128 0xe
 453 0272 46000000 		.4byte	.LASF34
 454 0276 70       		.byte	0x70
 455 0277 0E       		.uleb128 0xe
 456 0278 30020000 		.4byte	.LASF35
 457 027c 80       		.byte	0x80
 458 027d 0E       		.uleb128 0xe
 459 027e 91020000 		.4byte	.LASF36
 460 0282 90       		.byte	0x90
ARM GAS  C:\Users\Lenovo\AppData\Local\Temp\cctiEzLS.s 			page 10


 461 0283 0E       		.uleb128 0xe
 462 0284 AE010000 		.4byte	.LASF37
 463 0288 A0       		.byte	0xa0
 464 0289 0E       		.uleb128 0xe
 465 028a 48030000 		.4byte	.LASF38
 466 028e B0       		.byte	0xb0
 467 028f 0E       		.uleb128 0xe
 468 0290 DC010000 		.4byte	.LASF39
 469 0294 C0       		.byte	0xc0
 470 0295 0E       		.uleb128 0xe
 471 0296 02010000 		.4byte	.LASF40
 472 029a D0       		.byte	0xd0
 473 029b 0E       		.uleb128 0xe
 474 029c 84020000 		.4byte	.LASF41
 475 02a0 FF       		.byte	0xff
 476 02a1 00       		.byte	0
 477 02a2 0F       		.uleb128 0xf
 478 02a3 63030000 		.4byte	.LASF62
 479 02a7 01       		.byte	0x1
 480 02a8 10       		.byte	0x10
 481 02a9 00000000 		.4byte	.LFB63
 482 02ad 0E000000 		.4byte	.LFE63-.LFB63
 483 02b1 01       		.uleb128 0x1
 484 02b2 9C       		.byte	0x9c
 485 02b3 10       		.uleb128 0x10
 486 02b4 25010000 		.4byte	.LASF63
 487 02b8 01       		.byte	0x1
 488 02b9 16       		.byte	0x16
 489 02ba 00000000 		.4byte	.LFB64
 490 02be 68000000 		.4byte	.LFE64-.LFB64
 491 02c2 01       		.uleb128 0x1
 492 02c3 9C       		.byte	0x9c
 493 02c4 E5020000 		.4byte	0x2e5
 494 02c8 11       		.uleb128 0x11
 495 02c9 FE010000 		.4byte	.LASF42
 496 02cd 01       		.byte	0x1
 497 02ce 17       		.byte	0x17
 498 02cf 81000000 		.4byte	0x81
 499 02d3 02       		.uleb128 0x2
 500 02d4 91       		.byte	0x91
 501 02d5 76       		.sleb128 -10
 502 02d6 11       		.uleb128 0x11
 503 02d7 E0020000 		.4byte	.LASF43
 504 02db 01       		.byte	0x1
 505 02dc 18       		.byte	0x18
 506 02dd 81000000 		.4byte	0x81
 507 02e1 02       		.uleb128 0x2
 508 02e2 91       		.byte	0x91
 509 02e3 77       		.sleb128 -9
 510 02e4 00       		.byte	0
 511 02e5 12       		.uleb128 0x12
 512 02e6 3B030000 		.4byte	.LASF44
 513 02ea 06       		.byte	0x6
 514 02eb 1207     		.2byte	0x712
 515 02ed F1020000 		.4byte	0x2f1
 516 02f1 13       		.uleb128 0x13
 517 02f2 76000000 		.4byte	0x76
ARM GAS  C:\Users\Lenovo\AppData\Local\Temp\cctiEzLS.s 			page 11


 518 02f6 14       		.uleb128 0x14
 519 02f7 3A000000 		.4byte	.LASF45
 520 02fb 05       		.byte	0x5
 521 02fc 10       		.byte	0x10
 522 02fd 8D000000 		.4byte	0x8d
 523 0301 05       		.uleb128 0x5
 524 0302 03       		.byte	0x3
 525 0303 00000000 		.4byte	PollCounter
 526 0307 14       		.uleb128 0x14
 527 0308 F1010000 		.4byte	.LASF46
 528 030c 05       		.byte	0x5
 529 030d 11       		.byte	0x11
 530 030e 81000000 		.4byte	0x81
 531 0312 05       		.uleb128 0x5
 532 0313 03       		.byte	0x3
 533 0314 00000000 		.4byte	CurrentState
 534 0318 14       		.uleb128 0x14
 535 0319 2E030000 		.4byte	.LASF47
 536 031d 05       		.byte	0x5
 537 031e 12       		.byte	0x12
 538 031f 81000000 		.4byte	0x81
 539 0323 05       		.uleb128 0x5
 540 0324 03       		.byte	0x3
 541 0325 00000000 		.4byte	Receipt
 542 0329 14       		.uleb128 0x14
 543 032a 36030000 		.4byte	.LASF48
 544 032e 05       		.byte	0x5
 545 032f 34       		.byte	0x34
 546 0330 1C020000 		.4byte	0x21c
 547 0334 05       		.uleb128 0x5
 548 0335 03       		.byte	0x3
 549 0336 00000000 		.4byte	side
 550 033a 14       		.uleb128 0x14
 551 033b D1020000 		.4byte	.LASF49
 552 033f 05       		.byte	0x5
 553 0340 3D       		.byte	0x3d
 554 0341 CA010000 		.4byte	0x1ca
 555 0345 05       		.uleb128 0x5
 556 0346 03       		.byte	0x3
 557 0347 00000000 		.4byte	MepsanResponse
 558 034b 14       		.uleb128 0x14
 559 034c 63010000 		.4byte	.LASF50
 560 0350 05       		.byte	0x5
 561 0351 3E       		.byte	0x3e
 562 0352 CA010000 		.4byte	0x1ca
 563 0356 05       		.uleb128 0x5
 564 0357 03       		.byte	0x3
 565 0358 00000000 		.4byte	MepsanSendTo
 566 035c 0A       		.uleb128 0xa
 567 035d 81000000 		.4byte	0x81
 568 0361 6C030000 		.4byte	0x36c
 569 0365 0B       		.uleb128 0xb
 570 0366 B5000000 		.4byte	0xb5
 571 036a 0E       		.byte	0xe
 572 036b 00       		.byte	0
 573 036c 14       		.uleb128 0x14
 574 036d 88010000 		.4byte	.LASF51
ARM GAS  C:\Users\Lenovo\AppData\Local\Temp\cctiEzLS.s 			page 12


 575 0371 05       		.byte	0x5
 576 0372 3F       		.byte	0x3f
 577 0373 5C030000 		.4byte	0x35c
 578 0377 05       		.uleb128 0x5
 579 0378 03       		.byte	0x3
 580 0379 00000000 		.4byte	PumpAddress
 581 037d 15       		.uleb128 0x15
 582 037e 43524300 		.ascii	"CRC\000"
 583 0382 05       		.byte	0x5
 584 0383 40       		.byte	0x40
 585 0384 8D000000 		.4byte	0x8d
 586 0388 05       		.uleb128 0x5
 587 0389 03       		.byte	0x3
 588 038a 00000000 		.4byte	CRC
 589 038e 14       		.uleb128 0x14
 590 038f 10000000 		.4byte	.LASF52
 591 0393 05       		.byte	0x5
 592 0394 41       		.byte	0x41
 593 0395 81000000 		.4byte	0x81
 594 0399 05       		.uleb128 0x5
 595 039a 03       		.byte	0x3
 596 039b 00000000 		.4byte	crc_lo
 597 039f 14       		.uleb128 0x14
 598 03a0 52030000 		.4byte	.LASF53
 599 03a4 05       		.byte	0x5
 600 03a5 41       		.byte	0x41
 601 03a6 81000000 		.4byte	0x81
 602 03aa 05       		.uleb128 0x5
 603 03ab 03       		.byte	0x3
 604 03ac 00000000 		.4byte	crc_hi
 605 03b0 14       		.uleb128 0x14
 606 03b1 E1000000 		.4byte	.LASF54
 607 03b5 05       		.byte	0x5
 608 03b6 42       		.byte	0x42
 609 03b7 81000000 		.4byte	0x81
 610 03bb 05       		.uleb128 0x5
 611 03bc 03       		.byte	0x3
 612 03bd 00000000 		.4byte	Positions
 613 03c1 14       		.uleb128 0x14
 614 03c2 EB020000 		.4byte	.LASF55
 615 03c6 05       		.byte	0x5
 616 03c7 43       		.byte	0x43
 617 03c8 81000000 		.4byte	0x81
 618 03cc 05       		.uleb128 0x5
 619 03cd 03       		.byte	0x3
 620 03ce 00000000 		.4byte	TotalRequestType
 621 03d2 14       		.uleb128 0x14
 622 03d3 09000000 		.4byte	.LASF56
 623 03d7 05       		.byte	0x5
 624 03d8 44       		.byte	0x44
 625 03d9 81000000 		.4byte	0x81
 626 03dd 05       		.uleb128 0x5
 627 03de 03       		.byte	0x3
 628 03df 00000000 		.4byte	DecVol
 629 03e3 14       		.uleb128 0x14
 630 03e4 51010000 		.4byte	.LASF57
 631 03e8 05       		.byte	0x5
ARM GAS  C:\Users\Lenovo\AppData\Local\Temp\cctiEzLS.s 			page 13


 632 03e9 4F       		.byte	0x4f
 633 03ea 81000000 		.4byte	0x81
 634 03ee 05       		.uleb128 0x5
 635 03ef 03       		.byte	0x3
 636 03f0 00000000 		.4byte	dirGbr
 637 03f4 00       		.byte	0
 638              		.section	.debug_abbrev,"",%progbits
 639              	.Ldebug_abbrev0:
 640 0000 01       		.uleb128 0x1
 641 0001 11       		.uleb128 0x11
 642 0002 01       		.byte	0x1
 643 0003 25       		.uleb128 0x25
 644 0004 0E       		.uleb128 0xe
 645 0005 13       		.uleb128 0x13
 646 0006 0B       		.uleb128 0xb
 647 0007 03       		.uleb128 0x3
 648 0008 0E       		.uleb128 0xe
 649 0009 1B       		.uleb128 0x1b
 650 000a 0E       		.uleb128 0xe
 651 000b 55       		.uleb128 0x55
 652 000c 17       		.uleb128 0x17
 653 000d 11       		.uleb128 0x11
 654 000e 01       		.uleb128 0x1
 655 000f 10       		.uleb128 0x10
 656 0010 17       		.uleb128 0x17
 657 0011 00       		.byte	0
 658 0012 00       		.byte	0
 659 0013 02       		.uleb128 0x2
 660 0014 24       		.uleb128 0x24
 661 0015 00       		.byte	0
 662 0016 0B       		.uleb128 0xb
 663 0017 0B       		.uleb128 0xb
 664 0018 3E       		.uleb128 0x3e
 665 0019 0B       		.uleb128 0xb
 666 001a 03       		.uleb128 0x3
 667 001b 0E       		.uleb128 0xe
 668 001c 00       		.byte	0
 669 001d 00       		.byte	0
 670 001e 03       		.uleb128 0x3
 671 001f 16       		.uleb128 0x16
 672 0020 00       		.byte	0
 673 0021 03       		.uleb128 0x3
 674 0022 0E       		.uleb128 0xe
 675 0023 3A       		.uleb128 0x3a
 676 0024 0B       		.uleb128 0xb
 677 0025 3B       		.uleb128 0x3b
 678 0026 0B       		.uleb128 0xb
 679 0027 49       		.uleb128 0x49
 680 0028 13       		.uleb128 0x13
 681 0029 00       		.byte	0
 682 002a 00       		.byte	0
 683 002b 04       		.uleb128 0x4
 684 002c 24       		.uleb128 0x24
 685 002d 00       		.byte	0
 686 002e 0B       		.uleb128 0xb
 687 002f 0B       		.uleb128 0xb
 688 0030 3E       		.uleb128 0x3e
ARM GAS  C:\Users\Lenovo\AppData\Local\Temp\cctiEzLS.s 			page 14


 689 0031 0B       		.uleb128 0xb
 690 0032 03       		.uleb128 0x3
 691 0033 08       		.uleb128 0x8
 692 0034 00       		.byte	0
 693 0035 00       		.byte	0
 694 0036 05       		.uleb128 0x5
 695 0037 16       		.uleb128 0x16
 696 0038 00       		.byte	0
 697 0039 03       		.uleb128 0x3
 698 003a 0E       		.uleb128 0xe
 699 003b 3A       		.uleb128 0x3a
 700 003c 0B       		.uleb128 0xb
 701 003d 3B       		.uleb128 0x3b
 702 003e 05       		.uleb128 0x5
 703 003f 49       		.uleb128 0x49
 704 0040 13       		.uleb128 0x13
 705 0041 00       		.byte	0
 706 0042 00       		.byte	0
 707 0043 06       		.uleb128 0x6
 708 0044 13       		.uleb128 0x13
 709 0045 01       		.byte	0x1
 710 0046 03       		.uleb128 0x3
 711 0047 0E       		.uleb128 0xe
 712 0048 0B       		.uleb128 0xb
 713 0049 05       		.uleb128 0x5
 714 004a 3A       		.uleb128 0x3a
 715 004b 0B       		.uleb128 0xb
 716 004c 3B       		.uleb128 0x3b
 717 004d 0B       		.uleb128 0xb
 718 004e 01       		.uleb128 0x1
 719 004f 13       		.uleb128 0x13
 720 0050 00       		.byte	0
 721 0051 00       		.byte	0
 722 0052 07       		.uleb128 0x7
 723 0053 0D       		.uleb128 0xd
 724 0054 00       		.byte	0
 725 0055 03       		.uleb128 0x3
 726 0056 08       		.uleb128 0x8
 727 0057 3A       		.uleb128 0x3a
 728 0058 0B       		.uleb128 0xb
 729 0059 3B       		.uleb128 0x3b
 730 005a 0B       		.uleb128 0xb
 731 005b 49       		.uleb128 0x49
 732 005c 13       		.uleb128 0x13
 733 005d 38       		.uleb128 0x38
 734 005e 0B       		.uleb128 0xb
 735 005f 00       		.byte	0
 736 0060 00       		.byte	0
 737 0061 08       		.uleb128 0x8
 738 0062 0D       		.uleb128 0xd
 739 0063 00       		.byte	0
 740 0064 03       		.uleb128 0x3
 741 0065 0E       		.uleb128 0xe
 742 0066 3A       		.uleb128 0x3a
 743 0067 0B       		.uleb128 0xb
 744 0068 3B       		.uleb128 0x3b
 745 0069 0B       		.uleb128 0xb
ARM GAS  C:\Users\Lenovo\AppData\Local\Temp\cctiEzLS.s 			page 15


 746 006a 49       		.uleb128 0x49
 747 006b 13       		.uleb128 0x13
 748 006c 38       		.uleb128 0x38
 749 006d 0B       		.uleb128 0xb
 750 006e 00       		.byte	0
 751 006f 00       		.byte	0
 752 0070 09       		.uleb128 0x9
 753 0071 0D       		.uleb128 0xd
 754 0072 00       		.byte	0
 755 0073 03       		.uleb128 0x3
 756 0074 0E       		.uleb128 0xe
 757 0075 3A       		.uleb128 0x3a
 758 0076 0B       		.uleb128 0xb
 759 0077 3B       		.uleb128 0x3b
 760 0078 0B       		.uleb128 0xb
 761 0079 49       		.uleb128 0x49
 762 007a 13       		.uleb128 0x13
 763 007b 38       		.uleb128 0x38
 764 007c 05       		.uleb128 0x5
 765 007d 00       		.byte	0
 766 007e 00       		.byte	0
 767 007f 0A       		.uleb128 0xa
 768 0080 01       		.uleb128 0x1
 769 0081 01       		.byte	0x1
 770 0082 49       		.uleb128 0x49
 771 0083 13       		.uleb128 0x13
 772 0084 01       		.uleb128 0x1
 773 0085 13       		.uleb128 0x13
 774 0086 00       		.byte	0
 775 0087 00       		.byte	0
 776 0088 0B       		.uleb128 0xb
 777 0089 21       		.uleb128 0x21
 778 008a 00       		.byte	0
 779 008b 49       		.uleb128 0x49
 780 008c 13       		.uleb128 0x13
 781 008d 2F       		.uleb128 0x2f
 782 008e 0B       		.uleb128 0xb
 783 008f 00       		.byte	0
 784 0090 00       		.byte	0
 785 0091 0C       		.uleb128 0xc
 786 0092 0D       		.uleb128 0xd
 787 0093 00       		.byte	0
 788 0094 03       		.uleb128 0x3
 789 0095 08       		.uleb128 0x8
 790 0096 3A       		.uleb128 0x3a
 791 0097 0B       		.uleb128 0xb
 792 0098 3B       		.uleb128 0x3b
 793 0099 0B       		.uleb128 0xb
 794 009a 49       		.uleb128 0x49
 795 009b 13       		.uleb128 0x13
 796 009c 38       		.uleb128 0x38
 797 009d 05       		.uleb128 0x5
 798 009e 00       		.byte	0
 799 009f 00       		.byte	0
 800 00a0 0D       		.uleb128 0xd
 801 00a1 04       		.uleb128 0x4
 802 00a2 01       		.byte	0x1
ARM GAS  C:\Users\Lenovo\AppData\Local\Temp\cctiEzLS.s 			page 16


 803 00a3 03       		.uleb128 0x3
 804 00a4 0E       		.uleb128 0xe
 805 00a5 0B       		.uleb128 0xb
 806 00a6 0B       		.uleb128 0xb
 807 00a7 49       		.uleb128 0x49
 808 00a8 13       		.uleb128 0x13
 809 00a9 3A       		.uleb128 0x3a
 810 00aa 0B       		.uleb128 0xb
 811 00ab 3B       		.uleb128 0x3b
 812 00ac 0B       		.uleb128 0xb
 813 00ad 01       		.uleb128 0x1
 814 00ae 13       		.uleb128 0x13
 815 00af 00       		.byte	0
 816 00b0 00       		.byte	0
 817 00b1 0E       		.uleb128 0xe
 818 00b2 28       		.uleb128 0x28
 819 00b3 00       		.byte	0
 820 00b4 03       		.uleb128 0x3
 821 00b5 0E       		.uleb128 0xe
 822 00b6 1C       		.uleb128 0x1c
 823 00b7 0B       		.uleb128 0xb
 824 00b8 00       		.byte	0
 825 00b9 00       		.byte	0
 826 00ba 0F       		.uleb128 0xf
 827 00bb 2E       		.uleb128 0x2e
 828 00bc 00       		.byte	0
 829 00bd 3F       		.uleb128 0x3f
 830 00be 19       		.uleb128 0x19
 831 00bf 03       		.uleb128 0x3
 832 00c0 0E       		.uleb128 0xe
 833 00c1 3A       		.uleb128 0x3a
 834 00c2 0B       		.uleb128 0xb
 835 00c3 3B       		.uleb128 0x3b
 836 00c4 0B       		.uleb128 0xb
 837 00c5 11       		.uleb128 0x11
 838 00c6 01       		.uleb128 0x1
 839 00c7 12       		.uleb128 0x12
 840 00c8 06       		.uleb128 0x6
 841 00c9 40       		.uleb128 0x40
 842 00ca 18       		.uleb128 0x18
 843 00cb 9642     		.uleb128 0x2116
 844 00cd 19       		.uleb128 0x19
 845 00ce 00       		.byte	0
 846 00cf 00       		.byte	0
 847 00d0 10       		.uleb128 0x10
 848 00d1 2E       		.uleb128 0x2e
 849 00d2 01       		.byte	0x1
 850 00d3 3F       		.uleb128 0x3f
 851 00d4 19       		.uleb128 0x19
 852 00d5 03       		.uleb128 0x3
 853 00d6 0E       		.uleb128 0xe
 854 00d7 3A       		.uleb128 0x3a
 855 00d8 0B       		.uleb128 0xb
 856 00d9 3B       		.uleb128 0x3b
 857 00da 0B       		.uleb128 0xb
 858 00db 11       		.uleb128 0x11
 859 00dc 01       		.uleb128 0x1
ARM GAS  C:\Users\Lenovo\AppData\Local\Temp\cctiEzLS.s 			page 17


 860 00dd 12       		.uleb128 0x12
 861 00de 06       		.uleb128 0x6
 862 00df 40       		.uleb128 0x40
 863 00e0 18       		.uleb128 0x18
 864 00e1 9642     		.uleb128 0x2116
 865 00e3 19       		.uleb128 0x19
 866 00e4 01       		.uleb128 0x1
 867 00e5 13       		.uleb128 0x13
 868 00e6 00       		.byte	0
 869 00e7 00       		.byte	0
 870 00e8 11       		.uleb128 0x11
 871 00e9 34       		.uleb128 0x34
 872 00ea 00       		.byte	0
 873 00eb 03       		.uleb128 0x3
 874 00ec 0E       		.uleb128 0xe
 875 00ed 3A       		.uleb128 0x3a
 876 00ee 0B       		.uleb128 0xb
 877 00ef 3B       		.uleb128 0x3b
 878 00f0 0B       		.uleb128 0xb
 879 00f1 49       		.uleb128 0x49
 880 00f2 13       		.uleb128 0x13
 881 00f3 02       		.uleb128 0x2
 882 00f4 18       		.uleb128 0x18
 883 00f5 00       		.byte	0
 884 00f6 00       		.byte	0
 885 00f7 12       		.uleb128 0x12
 886 00f8 34       		.uleb128 0x34
 887 00f9 00       		.byte	0
 888 00fa 03       		.uleb128 0x3
 889 00fb 0E       		.uleb128 0xe
 890 00fc 3A       		.uleb128 0x3a
 891 00fd 0B       		.uleb128 0xb
 892 00fe 3B       		.uleb128 0x3b
 893 00ff 05       		.uleb128 0x5
 894 0100 49       		.uleb128 0x49
 895 0101 13       		.uleb128 0x13
 896 0102 3F       		.uleb128 0x3f
 897 0103 19       		.uleb128 0x19
 898 0104 3C       		.uleb128 0x3c
 899 0105 19       		.uleb128 0x19
 900 0106 00       		.byte	0
 901 0107 00       		.byte	0
 902 0108 13       		.uleb128 0x13
 903 0109 35       		.uleb128 0x35
 904 010a 00       		.byte	0
 905 010b 49       		.uleb128 0x49
 906 010c 13       		.uleb128 0x13
 907 010d 00       		.byte	0
 908 010e 00       		.byte	0
 909 010f 14       		.uleb128 0x14
 910 0110 34       		.uleb128 0x34
 911 0111 00       		.byte	0
 912 0112 03       		.uleb128 0x3
 913 0113 0E       		.uleb128 0xe
 914 0114 3A       		.uleb128 0x3a
 915 0115 0B       		.uleb128 0xb
 916 0116 3B       		.uleb128 0x3b
ARM GAS  C:\Users\Lenovo\AppData\Local\Temp\cctiEzLS.s 			page 18


 917 0117 0B       		.uleb128 0xb
 918 0118 49       		.uleb128 0x49
 919 0119 13       		.uleb128 0x13
 920 011a 3F       		.uleb128 0x3f
 921 011b 19       		.uleb128 0x19
 922 011c 02       		.uleb128 0x2
 923 011d 18       		.uleb128 0x18
 924 011e 00       		.byte	0
 925 011f 00       		.byte	0
 926 0120 15       		.uleb128 0x15
 927 0121 34       		.uleb128 0x34
 928 0122 00       		.byte	0
 929 0123 03       		.uleb128 0x3
 930 0124 08       		.uleb128 0x8
 931 0125 3A       		.uleb128 0x3a
 932 0126 0B       		.uleb128 0xb
 933 0127 3B       		.uleb128 0x3b
 934 0128 0B       		.uleb128 0xb
 935 0129 49       		.uleb128 0x49
 936 012a 13       		.uleb128 0x13
 937 012b 3F       		.uleb128 0x3f
 938 012c 19       		.uleb128 0x19
 939 012d 02       		.uleb128 0x2
 940 012e 18       		.uleb128 0x18
 941 012f 00       		.byte	0
 942 0130 00       		.byte	0
 943 0131 00       		.byte	0
 944              		.section	.debug_aranges,"",%progbits
 945 0000 24000000 		.4byte	0x24
 946 0004 0200     		.2byte	0x2
 947 0006 00000000 		.4byte	.Ldebug_info0
 948 000a 04       		.byte	0x4
 949 000b 00       		.byte	0
 950 000c 0000     		.2byte	0
 951 000e 0000     		.2byte	0
 952 0010 00000000 		.4byte	.LFB63
 953 0014 0E000000 		.4byte	.LFE63-.LFB63
 954 0018 00000000 		.4byte	.LFB64
 955 001c 68000000 		.4byte	.LFE64-.LFB64
 956 0020 00000000 		.4byte	0
 957 0024 00000000 		.4byte	0
 958              		.section	.debug_ranges,"",%progbits
 959              	.Ldebug_ranges0:
 960 0000 00000000 		.4byte	.LFB63
 961 0004 0E000000 		.4byte	.LFE63
 962 0008 00000000 		.4byte	.LFB64
 963 000c 68000000 		.4byte	.LFE64
 964 0010 00000000 		.4byte	0
 965 0014 00000000 		.4byte	0
 966              		.section	.debug_line,"",%progbits
 967              	.Ldebug_line0:
 968 0000 89010000 		.section	.debug_str,"MS",%progbits,1
 968      02005701 
 968      00000201 
 968      FB0E0D00 
 968      01010101 
 969              	.LASF30:
ARM GAS  C:\Users\Lenovo\AppData\Local\Temp\cctiEzLS.s 			page 19


 970 0000 706F7369 		.ascii	"position\000"
 970      74696F6E 
 970      00
 971              	.LASF56:
 972 0009 44656356 		.ascii	"DecVol\000"
 972      6F6C00
 973              	.LASF52:
 974 0010 6372635F 		.ascii	"crc_lo\000"
 974      6C6F00
 975              	.LASF26:
 976 0017 50726F63 		.ascii	"ProcessedTotals\000"
 976      65737365 
 976      64546F74 
 976      616C7300 
 977              	.LASF2:
 978 0027 73686F72 		.ascii	"short int\000"
 978      7420696E 
 978      7400
 979              	.LASF17:
 980 0031 73697A65 		.ascii	"sizetype\000"
 980      74797065 
 980      00
 981              	.LASF45:
 982 003a 506F6C6C 		.ascii	"PollCounter\000"
 982      436F756E 
 982      74657200 
 983              	.LASF34:
 984 0046 47494C42 		.ascii	"GILB_CALLING\000"
 984      5F43414C 
 984      4C494E47 
 984      00
 985              	.LASF58:
 986 0053 474E5520 		.ascii	"GNU C11 5.4.1 20160609 (release) [ARM/embedded-5-br"
 986      43313120 
 986      352E342E 
 986      31203230 
 986      31363036 
 987 0086 616E6368 		.ascii	"anch revision 237715] -mcpu=cortex-m3 -mthumb -g -O"
 987      20726576 
 987      6973696F 
 987      6E203233 
 987      37373135 
 988 00b9 30202D66 		.ascii	"0 -ffunction-sections -ffat-lto-objects\000"
 988      66756E63 
 988      74696F6E 
 988      2D736563 
 988      74696F6E 
 989              	.LASF54:
 990 00e1 506F7369 		.ascii	"Positions\000"
 990      74696F6E 
 990      7300
 991              	.LASF12:
 992 00eb 75696E74 		.ascii	"uint16\000"
 992      313600
 993              	.LASF19:
 994 00f2 7070754E 		.ascii	"ppuNozzle\000"
 994      6F7A7A6C 
ARM GAS  C:\Users\Lenovo\AppData\Local\Temp\cctiEzLS.s 			page 20


 994      6500
 995              	.LASF11:
 996 00fc 75696E74 		.ascii	"uint8\000"
 996      3800
 997              	.LASF40:
 998 0102 47494C42 		.ascii	"GILB_SEND_DATA\000"
 998      5F53454E 
 998      445F4441 
 998      544100
 999              	.LASF13:
 1000 0111 666C6F61 		.ascii	"float\000"
 1000      7400
 1001              	.LASF6:
 1002 0117 6C6F6E67 		.ascii	"long long int\000"
 1002      206C6F6E 
 1002      6720696E 
 1002      7400
 1003              	.LASF63:
 1004 0125 53797374 		.ascii	"SystemQ\000"
 1004      656D5100 
 1005              	.LASF24:
 1006 012d 73746174 		.ascii	"states\000"
 1006      657300
 1007              	.LASF4:
 1008 0134 6C6F6E67 		.ascii	"long int\000"
 1008      20696E74 
 1008      00
 1009              	.LASF28:
 1010 013d 50726F63 		.ascii	"ProcessedvolumeSale\000"
 1010      65737365 
 1010      64766F6C 
 1010      756D6553 
 1010      616C6500 
 1011              	.LASF57:
 1012 0151 64697247 		.ascii	"dirGbr\000"
 1012      627200
 1013              	.LASF21:
 1014 0158 766F6C75 		.ascii	"volumeSale\000"
 1014      6D655361 
 1014      6C6500
 1015              	.LASF50:
 1016 0163 4D657073 		.ascii	"MepsanSendTo\000"
 1016      616E5365 
 1016      6E64546F 
 1016      00
 1017              	.LASF23:
 1018 0170 70726F64 		.ascii	"productSale\000"
 1018      75637453 
 1018      616C6500 
 1019              	.LASF16:
 1020 017c 6C6F6E67 		.ascii	"long double\000"
 1020      20646F75 
 1020      626C6500 
 1021              	.LASF51:
 1022 0188 50756D70 		.ascii	"PumpAddress\000"
 1022      41646472 
 1022      65737300 
ARM GAS  C:\Users\Lenovo\AppData\Local\Temp\cctiEzLS.s 			page 21


 1023              	.LASF1:
 1024 0194 756E7369 		.ascii	"unsigned char\000"
 1024      676E6564 
 1024      20636861 
 1024      7200
 1025              	.LASF0:
 1026 01a2 7369676E 		.ascii	"signed char\000"
 1026      65642063 
 1026      68617200 
 1027              	.LASF37:
 1028 01ae 47494C42 		.ascii	"GILB_PEOT\000"
 1028      5F50454F 
 1028      5400
 1029              	.LASF7:
 1030 01b8 6C6F6E67 		.ascii	"long long unsigned int\000"
 1030      206C6F6E 
 1030      6720756E 
 1030      7369676E 
 1030      65642069 
 1031              	.LASF8:
 1032 01cf 756E7369 		.ascii	"unsigned int\000"
 1032      676E6564 
 1032      20696E74 
 1032      00
 1033              	.LASF39:
 1034 01dc 47494C42 		.ascii	"GILB_STOPPED\000"
 1034      5F53544F 
 1034      50504544 
 1034      00
 1035              	.LASF22:
 1036 01e9 70707553 		.ascii	"ppuSale\000"
 1036      616C6500 
 1037              	.LASF46:
 1038 01f1 43757272 		.ascii	"CurrentState\000"
 1038      656E7453 
 1038      74617465 
 1038      00
 1039              	.LASF42:
 1040 01fe 51537973 		.ascii	"QSystem\000"
 1040      74656D00 
 1041              	.LASF3:
 1042 0206 73686F72 		.ascii	"short unsigned int\000"
 1042      7420756E 
 1042      7369676E 
 1042      65642069 
 1042      6E7400
 1043              	.LASF20:
 1044 0219 6D6F6E65 		.ascii	"moneySale\000"
 1044      7953616C 
 1044      6500
 1045              	.LASF15:
 1046 0223 63686172 		.ascii	"char\000"
 1046      00
 1047              	.LASF10:
 1048 0228 696E7433 		.ascii	"int32_t\000"
 1048      325F7400 
 1049              	.LASF35:
ARM GAS  C:\Users\Lenovo\AppData\Local\Temp\cctiEzLS.s 			page 22


 1050 0230 47494C42 		.ascii	"GILB_AUTHORIZED\000"
 1050      5F415554 
 1050      484F5249 
 1050      5A454400 
 1051              	.LASF9:
 1052 0240 5F5F696E 		.ascii	"__int32_t\000"
 1052      7433325F 
 1052      7400
 1053              	.LASF31:
 1054 024a 70756D70 		.ascii	"pump\000"
 1054      00
 1055              	.LASF60:
 1056 024f 433A5C55 		.ascii	"C:\\Users\\Lenovo\\Documents\\GitHub\\Mepsan\\Mepsa"
 1056      73657273 
 1056      5C4C656E 
 1056      6F766F5C 
 1056      446F6375 
 1057 027c 6E2E6379 		.ascii	"n.cydsn\000"
 1057      64736E00 
 1058              	.LASF41:
 1059 0284 47494C42 		.ascii	"GILB_UNKNOWN\000"
 1059      5F554E4B 
 1059      4E4F574E 
 1059      00
 1060              	.LASF36:
 1061 0291 47494C42 		.ascii	"GILB_BUSY\000"
 1061      5F425553 
 1061      5900
 1062              	.LASF18:
 1063 029b 746F7461 		.ascii	"totalsNozzle\000"
 1063      6C734E6F 
 1063      7A7A6C65 
 1063      00
 1064              	.LASF29:
 1065 02a8 50726F63 		.ascii	"ProcessedPPU\000"
 1065      65737365 
 1065      64505055 
 1065      00
 1066              	.LASF5:
 1067 02b5 6C6F6E67 		.ascii	"long unsigned int\000"
 1067      20756E73 
 1067      69676E65 
 1067      6420696E 
 1067      7400
 1068              	.LASF32:
 1069 02c7 47494C42 		.ascii	"GILB_FAIL\000"
 1069      5F464149 
 1069      4C00
 1070              	.LASF49:
 1071 02d1 4D657073 		.ascii	"MepsanResponse\000"
 1071      616E5265 
 1071      73706F6E 
 1071      736500
 1072              	.LASF43:
 1073 02e0 73697A65 		.ascii	"size\000"
 1073      00
 1074              	.LASF59:
ARM GAS  C:\Users\Lenovo\AppData\Local\Temp\cctiEzLS.s 			page 23


 1075 02e5 4762722E 		.ascii	"Gbr.c\000"
 1075      6300
 1076              	.LASF55:
 1077 02eb 546F7461 		.ascii	"TotalRequestType\000"
 1077      6C526571 
 1077      75657374 
 1077      54797065 
 1077      00
 1078              	.LASF61:
 1079 02fc 47494C42 		.ascii	"GILB_STATES\000"
 1079      5F535441 
 1079      54455300 
 1080              	.LASF25:
 1081 0308 4D657073 		.ascii	"MepsanStore\000"
 1081      616E5374 
 1081      6F726500 
 1082              	.LASF27:
 1083 0314 50726F63 		.ascii	"ProcessedmoneySale\000"
 1083      65737365 
 1083      646D6F6E 
 1083      65795361 
 1083      6C6500
 1084              	.LASF14:
 1085 0327 646F7562 		.ascii	"double\000"
 1085      6C6500
 1086              	.LASF47:
 1087 032e 52656365 		.ascii	"Receipt\000"
 1087      69707400 
 1088              	.LASF48:
 1089 0336 73696465 		.ascii	"side\000"
 1089      00
 1090              	.LASF44:
 1091 033b 49544D5F 		.ascii	"ITM_RxBuffer\000"
 1091      52784275 
 1091      66666572 
 1091      00
 1092              	.LASF38:
 1093 0348 47494C42 		.ascii	"GILB_FEOT\000"
 1093      5F46454F 
 1093      5400
 1094              	.LASF53:
 1095 0352 6372635F 		.ascii	"crc_hi\000"
 1095      686900
 1096              	.LASF33:
 1097 0359 47494C42 		.ascii	"GILB_IDLE\000"
 1097      5F49444C 
 1097      4500
 1098              	.LASF62:
 1099 0363 53746174 		.ascii	"StateTransform\000"
 1099      65547261 
 1099      6E73666F 
 1099      726D00
 1100              		.ident	"GCC: (GNU Tools for ARM Embedded Processors) 5.4.1 20160609 (release) [ARM/embedded-5-bran
