ARM GAS  C:\Users\Lenovo\AppData\Local\Temp\ccz3xKxf.s 			page 1


   1              		.syntax unified
   2              		.cpu cortex-m3
   3              		.fpu softvfp
   4              		.eabi_attribute 20, 1
   5              		.eabi_attribute 21, 1
   6              		.eabi_attribute 23, 3
   7              		.eabi_attribute 24, 1
   8              		.eabi_attribute 25, 1
   9              		.eabi_attribute 26, 1
  10              		.eabi_attribute 30, 6
  11              		.eabi_attribute 34, 1
  12              		.eabi_attribute 18, 4
  13              		.thumb
  14              		.syntax unified
  15              		.file	"main.c"
  16              		.text
  17              	.Ltext0:
  18              		.cfi_sections	.debug_frame
  19              		.comm	PollCounter,2,2
  20              		.comm	CurrentState,1,1
  21              		.comm	side,1044,4
  22              		.comm	MepsanResponse,50,4
  23              		.comm	MepsanSendTo,50,4
  24              		.comm	PumpAddress,15,4
  25              		.comm	CRC,2,2
  26              		.comm	crc_lo,1,1
  27              		.comm	crc_hi,1,1
  28              		.comm	Positions,1,1
  29              		.comm	dirGbr,1,1
  30              		.section	.text.polling,"ax",%progbits
  31              		.align	2
  32              		.global	polling
  33              		.thumb
  34              		.thumb_func
  35              		.type	polling, %function
  36              	polling:
  37              	.LFB63:
  38              		.file 1 "main.c"
   1:main.c        **** /******************************************************************************
   2:main.c        **** * File Name: main.c
   3:main.c        **** *
   4:main.c        **** * Version: 1.10
   5:main.c        **** *
   6:main.c        **** * Description: This is the source code for the Blinking LED code example.
   7:main.c        **** *
   8:main.c        **** * Related Document: CE195352_PSoC_5LP_Blinking_LED.pdf
   9:main.c        **** *
  10:main.c        **** * Hardware Dependency: See CE195352_PSoC_5LP_Blinking_LED.pdf
  11:main.c        **** *
  12:main.c        **** *******************************************************************************
  13:main.c        **** * Copyright (2018), Cypress Semiconductor Corporation. All rights reserved.
  14:main.c        **** *******************************************************************************
  15:main.c        **** * This software, including source code, documentation and related materials
  16:main.c        **** * (“Software”), is owned by Cypress Semiconductor Corporation or one of its
  17:main.c        **** * subsidiaries (“Cypress”) and is protected by and subject to worldwide patent
  18:main.c        **** * protection (United States and foreign), United States copyright laws and
  19:main.c        **** * international treaty provisions. Therefore, you may use this Software only
ARM GAS  C:\Users\Lenovo\AppData\Local\Temp\ccz3xKxf.s 			page 2


  20:main.c        **** * as provided in the license agreement accompanying the software package from
  21:main.c        **** * which you obtained this Software (“EULA”).
  22:main.c        **** *
  23:main.c        **** * If no EULA applies, Cypress hereby grants you a personal, nonexclusive,
  24:main.c        **** * non-transferable license to copy, modify, and compile the Software source
  25:main.c        **** * code solely for use in connection with Cypress’s integrated circuit products.
  26:main.c        **** * Any reproduction, modification, translation, compilation, or representation
  27:main.c        **** * of this Software except as specified above is prohibited without the express
  28:main.c        **** * written permission of Cypress.
  29:main.c        **** *
  30:main.c        **** * Disclaimer: THIS SOFTWARE IS PROVIDED AS-IS, WITH NO WARRANTY OF ANY KIND, 
  31:main.c        **** * EXPRESS OR IMPLIED, INCLUDING, BUT NOT LIMITED TO, NONINFRINGEMENT, IMPLIED 
  32:main.c        **** * WARRANTIES OF MERCHANTABILITY AND FITNESS FOR A PARTICULAR PURPOSE. Cypress 
  33:main.c        **** * reserves the right to make changes to the Software without notice. Cypress 
  34:main.c        **** * does not assume any liability arising out of the application or use of the 
  35:main.c        **** * Software or any product or circuit described in the Software. Cypress does 
  36:main.c        **** * not authorize its products for use in any products where a malfunction or 
  37:main.c        **** * failure of the Cypress product may reasonably be expected to result in 
  38:main.c        **** * significant property damage, injury or death (“High Risk Product”). By 
  39:main.c        **** * including Cypress’s product in a High Risk Product, the manufacturer of such 
  40:main.c        **** * system or application assumes all risk of such use and in doing so agrees to 
  41:main.c        **** * indemnify Cypress against all liability.
  42:main.c        **** *******************************************************************************/
  43:main.c        **** 
  44:main.c        **** #include <project.h>
  45:main.c        **** #include <GVar.h>
  46:main.c        **** #include <PumpCom.h>
  47:main.c        **** #include <Gbr.h>
  48:main.c        **** #include <printer.h>
  49:main.c        **** 
  50:main.c        **** CY_ISR(polling);
  51:main.c        **** 
  52:main.c        **** 
  53:main.c        **** 
  54:main.c        **** 
  55:main.c        **** CY_ISR(polling){
  39              		.loc 1 55 0
  40              		.cfi_startproc
  41              		@ args = 0, pretend = 0, frame = 0
  42              		@ frame_needed = 1, uses_anonymous_args = 0
  43 0000 80B5     		push	{r7, lr}
  44              		.cfi_def_cfa_offset 8
  45              		.cfi_offset 7, -8
  46              		.cfi_offset 14, -4
  47 0002 00AF     		add	r7, sp, #0
  48              		.cfi_def_cfa_register 7
  56:main.c        ****     Timer_1_ReadStatusRegister();    											 
  49              		.loc 1 56 0
  50 0004 FFF7FEFF 		bl	Timer_1_ReadStatusRegister
  57:main.c        ****     PollCounter++; //Incrementa el contador    
  51              		.loc 1 57 0
  52 0008 034B     		ldr	r3, .L2
  53 000a 1B88     		ldrh	r3, [r3]
  54 000c 0133     		adds	r3, r3, #1
  55 000e 9AB2     		uxth	r2, r3
  56 0010 014B     		ldr	r3, .L2
  57 0012 1A80     		strh	r2, [r3]	@ movhi
ARM GAS  C:\Users\Lenovo\AppData\Local\Temp\ccz3xKxf.s 			page 3


  58:main.c        **** }
  58              		.loc 1 58 0
  59 0014 00BF     		nop
  60 0016 80BD     		pop	{r7, pc}
  61              	.L3:
  62              		.align	2
  63              	.L2:
  64 0018 00000000 		.word	PollCounter
  65              		.cfi_endproc
  66              	.LFE63:
  67              		.size	polling, .-polling
  68              		.section	.text.PollingPos,"ax",%progbits
  69              		.align	2
  70              		.global	PollingPos
  71              		.thumb
  72              		.thumb_func
  73              		.type	PollingPos, %function
  74              	PollingPos:
  75              	.LFB64:
  59:main.c        **** 
  60:main.c        **** 
  61:main.c        **** void PollingPos(void){
  76              		.loc 1 61 0
  77              		.cfi_startproc
  78              		@ args = 0, pretend = 0, frame = 8
  79              		@ frame_needed = 1, uses_anonymous_args = 0
  80 0000 90B5     		push	{r4, r7, lr}
  81              		.cfi_def_cfa_offset 12
  82              		.cfi_offset 4, -12
  83              		.cfi_offset 7, -8
  84              		.cfi_offset 14, -4
  85 0002 83B0     		sub	sp, sp, #12
  86              		.cfi_def_cfa_offset 24
  87 0004 00AF     		add	r7, sp, #0
  88              		.cfi_def_cfa_register 7
  62:main.c        ****     uint8 x;
  63:main.c        ****     if(side.a.dir != 0xFF && side.b.dir == 0xFF){
  89              		.loc 1 63 0
  90 0006 744B     		ldr	r3, .L22
  91 0008 1B78     		ldrb	r3, [r3]	@ zero_extendqisi2
  92 000a FF2B     		cmp	r3, #255
  93 000c 07D0     		beq	.L5
  94              		.loc 1 63 0 is_stmt 0 discriminator 1
  95 000e 724B     		ldr	r3, .L22
  96 0010 93F80531 		ldrb	r3, [r3, #261]	@ zero_extendqisi2
  97 0014 FF2B     		cmp	r3, #255
  98 0016 02D1     		bne	.L5
  64:main.c        ****         Positions = 1;
  99              		.loc 1 64 0 is_stmt 1
 100 0018 704B     		ldr	r3, .L22+4
 101 001a 0122     		movs	r2, #1
 102 001c 1A70     		strb	r2, [r3]
 103              	.L5:
  65:main.c        ****     }
  66:main.c        ****     if(side.a.dir != 0xFF && side.b.dir != 0xFF){
 104              		.loc 1 66 0
 105 001e 6E4B     		ldr	r3, .L22
ARM GAS  C:\Users\Lenovo\AppData\Local\Temp\ccz3xKxf.s 			page 4


 106 0020 1B78     		ldrb	r3, [r3]	@ zero_extendqisi2
 107 0022 FF2B     		cmp	r3, #255
 108 0024 07D0     		beq	.L6
 109              		.loc 1 66 0 is_stmt 0 discriminator 1
 110 0026 6C4B     		ldr	r3, .L22
 111 0028 93F80531 		ldrb	r3, [r3, #261]	@ zero_extendqisi2
 112 002c FF2B     		cmp	r3, #255
 113 002e 02D0     		beq	.L6
  67:main.c        ****         Positions = 2;
 114              		.loc 1 67 0 is_stmt 1
 115 0030 6A4B     		ldr	r3, .L22+4
 116 0032 0222     		movs	r2, #2
 117 0034 1A70     		strb	r2, [r3]
 118              	.L6:
  68:main.c        ****     }
  69:main.c        ****     if(side.c.dir != 0xFF && side.d.dir == 0xFF){
 119              		.loc 1 69 0
 120 0036 684B     		ldr	r3, .L22
 121 0038 93F80A32 		ldrb	r3, [r3, #522]	@ zero_extendqisi2
 122 003c FF2B     		cmp	r3, #255
 123 003e 07D0     		beq	.L7
 124              		.loc 1 69 0 is_stmt 0 discriminator 1
 125 0040 654B     		ldr	r3, .L22
 126 0042 93F80F33 		ldrb	r3, [r3, #783]	@ zero_extendqisi2
 127 0046 FF2B     		cmp	r3, #255
 128 0048 02D1     		bne	.L7
  70:main.c        ****         Positions = 3;
 129              		.loc 1 70 0 is_stmt 1
 130 004a 644B     		ldr	r3, .L22+4
 131 004c 0322     		movs	r2, #3
 132 004e 1A70     		strb	r2, [r3]
 133              	.L7:
  71:main.c        ****     }
  72:main.c        ****     if(side.c.dir != 0xFF && side.d.dir != 0xFF){
 134              		.loc 1 72 0
 135 0050 614B     		ldr	r3, .L22
 136 0052 93F80A32 		ldrb	r3, [r3, #522]	@ zero_extendqisi2
 137 0056 FF2B     		cmp	r3, #255
 138 0058 07D0     		beq	.L8
 139              		.loc 1 72 0 is_stmt 0 discriminator 1
 140 005a 5F4B     		ldr	r3, .L22
 141 005c 93F80F33 		ldrb	r3, [r3, #783]	@ zero_extendqisi2
 142 0060 FF2B     		cmp	r3, #255
 143 0062 02D0     		beq	.L8
  73:main.c        ****         Positions = 4;
 144              		.loc 1 73 0 is_stmt 1
 145 0064 5D4B     		ldr	r3, .L22+4
 146 0066 0422     		movs	r2, #4
 147 0068 1A70     		strb	r2, [r3]
 148              	.L8:
  74:main.c        ****     }
  75:main.c        ****     if(Positions == 1){
 149              		.loc 1 75 0
 150 006a 5C4B     		ldr	r3, .L22+4
 151 006c 1B78     		ldrb	r3, [r3]	@ zero_extendqisi2
 152 006e 012B     		cmp	r3, #1
 153 0070 14D1     		bne	.L9
ARM GAS  C:\Users\Lenovo\AppData\Local\Temp\ccz3xKxf.s 			page 5


  76:main.c        ****             for(x = 0; x < 5; x++){
 154              		.loc 1 76 0
 155 0072 0023     		movs	r3, #0
 156 0074 FB71     		strb	r3, [r7, #7]
 157 0076 0EE0     		b	.L10
 158              	.L11:
  77:main.c        ****                 side.a.states[x] = PumpState(side.a.dir);                
 159              		.loc 1 77 0 discriminator 3
 160 0078 FC79     		ldrb	r4, [r7, #7]	@ zero_extendqisi2
 161 007a 574B     		ldr	r3, .L22
 162 007c 1B78     		ldrb	r3, [r3]	@ zero_extendqisi2
 163 007e 1846     		mov	r0, r3
 164 0080 FFF7FEFF 		bl	PumpState
 165 0084 0346     		mov	r3, r0
 166 0086 1A46     		mov	r2, r3
 167 0088 534B     		ldr	r3, .L22
 168 008a 2344     		add	r3, r3, r4
 169 008c 83F80021 		strb	r2, [r3, #256]
  76:main.c        ****             for(x = 0; x < 5; x++){
 170              		.loc 1 76 0 discriminator 3
 171 0090 FB79     		ldrb	r3, [r7, #7]	@ zero_extendqisi2
 172 0092 0133     		adds	r3, r3, #1
 173 0094 FB71     		strb	r3, [r7, #7]
 174              	.L10:
  76:main.c        ****             for(x = 0; x < 5; x++){
 175              		.loc 1 76 0 is_stmt 0 discriminator 1
 176 0096 FB79     		ldrb	r3, [r7, #7]	@ zero_extendqisi2
 177 0098 042B     		cmp	r3, #4
 178 009a EDD9     		bls	.L11
 179              	.L9:
  78:main.c        ****             }            
  79:main.c        ****         }
  80:main.c        ****     if(Positions == 2){
 180              		.loc 1 80 0 is_stmt 1
 181 009c 4F4B     		ldr	r3, .L22+4
 182 009e 1B78     		ldrb	r3, [r3]	@ zero_extendqisi2
 183 00a0 022B     		cmp	r3, #2
 184 00a2 21D1     		bne	.L12
  81:main.c        ****         for(x = 0; x < 5; x++){
 185              		.loc 1 81 0
 186 00a4 0023     		movs	r3, #0
 187 00a6 FB71     		strb	r3, [r7, #7]
 188 00a8 1BE0     		b	.L13
 189              	.L14:
  82:main.c        ****             side.a.states[x] = PumpState(side.a.dir);
 190              		.loc 1 82 0 discriminator 3
 191 00aa FC79     		ldrb	r4, [r7, #7]	@ zero_extendqisi2
 192 00ac 4A4B     		ldr	r3, .L22
 193 00ae 1B78     		ldrb	r3, [r3]	@ zero_extendqisi2
 194 00b0 1846     		mov	r0, r3
 195 00b2 FFF7FEFF 		bl	PumpState
 196 00b6 0346     		mov	r3, r0
 197 00b8 1A46     		mov	r2, r3
 198 00ba 474B     		ldr	r3, .L22
 199 00bc 2344     		add	r3, r3, r4
 200 00be 83F80021 		strb	r2, [r3, #256]
  83:main.c        ****             side.b.states[x] = PumpState(side.b.dir);
ARM GAS  C:\Users\Lenovo\AppData\Local\Temp\ccz3xKxf.s 			page 6


 201              		.loc 1 83 0 discriminator 3
 202 00c2 FC79     		ldrb	r4, [r7, #7]	@ zero_extendqisi2
 203 00c4 444B     		ldr	r3, .L22
 204 00c6 93F80531 		ldrb	r3, [r3, #261]	@ zero_extendqisi2
 205 00ca 1846     		mov	r0, r3
 206 00cc FFF7FEFF 		bl	PumpState
 207 00d0 0346     		mov	r3, r0
 208 00d2 1A46     		mov	r2, r3
 209 00d4 404B     		ldr	r3, .L22
 210 00d6 2344     		add	r3, r3, r4
 211 00d8 83F80522 		strb	r2, [r3, #517]
  81:main.c        ****         for(x = 0; x < 5; x++){
 212              		.loc 1 81 0 discriminator 3
 213 00dc FB79     		ldrb	r3, [r7, #7]	@ zero_extendqisi2
 214 00de 0133     		adds	r3, r3, #1
 215 00e0 FB71     		strb	r3, [r7, #7]
 216              	.L13:
  81:main.c        ****         for(x = 0; x < 5; x++){
 217              		.loc 1 81 0 is_stmt 0 discriminator 1
 218 00e2 FB79     		ldrb	r3, [r7, #7]	@ zero_extendqisi2
 219 00e4 042B     		cmp	r3, #4
 220 00e6 E0D9     		bls	.L14
 221              	.L12:
  84:main.c        ****         }            
  85:main.c        ****     }
  86:main.c        ****     if(Positions == 3){
 222              		.loc 1 86 0 is_stmt 1
 223 00e8 3C4B     		ldr	r3, .L22+4
 224 00ea 1B78     		ldrb	r3, [r3]	@ zero_extendqisi2
 225 00ec 032B     		cmp	r3, #3
 226 00ee 2ED1     		bne	.L15
  87:main.c        ****         for(x = 0; x < 5; x++){
 227              		.loc 1 87 0
 228 00f0 0023     		movs	r3, #0
 229 00f2 FB71     		strb	r3, [r7, #7]
 230 00f4 28E0     		b	.L16
 231              	.L17:
  88:main.c        ****             side.a.states[x] = PumpState(side.a.dir);
 232              		.loc 1 88 0 discriminator 3
 233 00f6 FC79     		ldrb	r4, [r7, #7]	@ zero_extendqisi2
 234 00f8 374B     		ldr	r3, .L22
 235 00fa 1B78     		ldrb	r3, [r3]	@ zero_extendqisi2
 236 00fc 1846     		mov	r0, r3
 237 00fe FFF7FEFF 		bl	PumpState
 238 0102 0346     		mov	r3, r0
 239 0104 1A46     		mov	r2, r3
 240 0106 344B     		ldr	r3, .L22
 241 0108 2344     		add	r3, r3, r4
 242 010a 83F80021 		strb	r2, [r3, #256]
  89:main.c        ****             side.b.states[x] = PumpState(side.b.dir);
 243              		.loc 1 89 0 discriminator 3
 244 010e FC79     		ldrb	r4, [r7, #7]	@ zero_extendqisi2
 245 0110 314B     		ldr	r3, .L22
 246 0112 93F80531 		ldrb	r3, [r3, #261]	@ zero_extendqisi2
 247 0116 1846     		mov	r0, r3
 248 0118 FFF7FEFF 		bl	PumpState
 249 011c 0346     		mov	r3, r0
ARM GAS  C:\Users\Lenovo\AppData\Local\Temp\ccz3xKxf.s 			page 7


 250 011e 1A46     		mov	r2, r3
 251 0120 2D4B     		ldr	r3, .L22
 252 0122 2344     		add	r3, r3, r4
 253 0124 83F80522 		strb	r2, [r3, #517]
  90:main.c        ****             side.c.states[x] = PumpState(side.c.dir);
 254              		.loc 1 90 0 discriminator 3
 255 0128 FC79     		ldrb	r4, [r7, #7]	@ zero_extendqisi2
 256 012a 2B4B     		ldr	r3, .L22
 257 012c 93F80A32 		ldrb	r3, [r3, #522]	@ zero_extendqisi2
 258 0130 1846     		mov	r0, r3
 259 0132 FFF7FEFF 		bl	PumpState
 260 0136 0346     		mov	r3, r0
 261 0138 1A46     		mov	r2, r3
 262 013a 274B     		ldr	r3, .L22
 263 013c 2344     		add	r3, r3, r4
 264 013e 83F80A23 		strb	r2, [r3, #778]
  87:main.c        ****             side.a.states[x] = PumpState(side.a.dir);
 265              		.loc 1 87 0 discriminator 3
 266 0142 FB79     		ldrb	r3, [r7, #7]	@ zero_extendqisi2
 267 0144 0133     		adds	r3, r3, #1
 268 0146 FB71     		strb	r3, [r7, #7]
 269              	.L16:
  87:main.c        ****             side.a.states[x] = PumpState(side.a.dir);
 270              		.loc 1 87 0 is_stmt 0 discriminator 1
 271 0148 FB79     		ldrb	r3, [r7, #7]	@ zero_extendqisi2
 272 014a 042B     		cmp	r3, #4
 273 014c D3D9     		bls	.L17
 274              	.L15:
  91:main.c        ****         }
  92:main.c        ****         
  93:main.c        ****     }
  94:main.c        ****     if(Positions == 4){
 275              		.loc 1 94 0 is_stmt 1
 276 014e 234B     		ldr	r3, .L22+4
 277 0150 1B78     		ldrb	r3, [r3]	@ zero_extendqisi2
 278 0152 042B     		cmp	r3, #4
 279 0154 3BD1     		bne	.L21
  95:main.c        ****         for(x = 0; x < 5; x++){
 280              		.loc 1 95 0
 281 0156 0023     		movs	r3, #0
 282 0158 FB71     		strb	r3, [r7, #7]
 283 015a 35E0     		b	.L19
 284              	.L20:
  96:main.c        ****             side.a.states[x] = PumpState(side.a.dir);
 285              		.loc 1 96 0 discriminator 3
 286 015c FC79     		ldrb	r4, [r7, #7]	@ zero_extendqisi2
 287 015e 1E4B     		ldr	r3, .L22
 288 0160 1B78     		ldrb	r3, [r3]	@ zero_extendqisi2
 289 0162 1846     		mov	r0, r3
 290 0164 FFF7FEFF 		bl	PumpState
 291 0168 0346     		mov	r3, r0
 292 016a 1A46     		mov	r2, r3
 293 016c 1A4B     		ldr	r3, .L22
 294 016e 2344     		add	r3, r3, r4
 295 0170 83F80021 		strb	r2, [r3, #256]
  97:main.c        ****             side.b.states[x] = PumpState(side.b.dir);
 296              		.loc 1 97 0 discriminator 3
ARM GAS  C:\Users\Lenovo\AppData\Local\Temp\ccz3xKxf.s 			page 8


 297 0174 FC79     		ldrb	r4, [r7, #7]	@ zero_extendqisi2
 298 0176 184B     		ldr	r3, .L22
 299 0178 93F80531 		ldrb	r3, [r3, #261]	@ zero_extendqisi2
 300 017c 1846     		mov	r0, r3
 301 017e FFF7FEFF 		bl	PumpState
 302 0182 0346     		mov	r3, r0
 303 0184 1A46     		mov	r2, r3
 304 0186 144B     		ldr	r3, .L22
 305 0188 2344     		add	r3, r3, r4
 306 018a 83F80522 		strb	r2, [r3, #517]
  98:main.c        ****             side.c.states[x] = PumpState(side.c.dir);
 307              		.loc 1 98 0 discriminator 3
 308 018e FC79     		ldrb	r4, [r7, #7]	@ zero_extendqisi2
 309 0190 114B     		ldr	r3, .L22
 310 0192 93F80A32 		ldrb	r3, [r3, #522]	@ zero_extendqisi2
 311 0196 1846     		mov	r0, r3
 312 0198 FFF7FEFF 		bl	PumpState
 313 019c 0346     		mov	r3, r0
 314 019e 1A46     		mov	r2, r3
 315 01a0 0D4B     		ldr	r3, .L22
 316 01a2 2344     		add	r3, r3, r4
 317 01a4 83F80A23 		strb	r2, [r3, #778]
  99:main.c        ****             side.d.states[x] = PumpState(side.d.dir);
 318              		.loc 1 99 0 discriminator 3
 319 01a8 FC79     		ldrb	r4, [r7, #7]	@ zero_extendqisi2
 320 01aa 0B4B     		ldr	r3, .L22
 321 01ac 93F80F33 		ldrb	r3, [r3, #783]	@ zero_extendqisi2
 322 01b0 1846     		mov	r0, r3
 323 01b2 FFF7FEFF 		bl	PumpState
 324 01b6 0346     		mov	r3, r0
 325 01b8 1A46     		mov	r2, r3
 326 01ba 074B     		ldr	r3, .L22
 327 01bc 2344     		add	r3, r3, r4
 328 01be 83F80F24 		strb	r2, [r3, #1039]
  95:main.c        ****             side.a.states[x] = PumpState(side.a.dir);
 329              		.loc 1 95 0 discriminator 3
 330 01c2 FB79     		ldrb	r3, [r7, #7]	@ zero_extendqisi2
 331 01c4 0133     		adds	r3, r3, #1
 332 01c6 FB71     		strb	r3, [r7, #7]
 333              	.L19:
  95:main.c        ****             side.a.states[x] = PumpState(side.a.dir);
 334              		.loc 1 95 0 is_stmt 0 discriminator 1
 335 01c8 FB79     		ldrb	r3, [r7, #7]	@ zero_extendqisi2
 336 01ca 042B     		cmp	r3, #4
 337 01cc C6D9     		bls	.L20
 338              	.L21:
 100:main.c        ****         }            
 101:main.c        ****     } 
 102:main.c        **** 
 103:main.c        **** }
 339              		.loc 1 103 0 is_stmt 1
 340 01ce 00BF     		nop
 341 01d0 0C37     		adds	r7, r7, #12
 342              		.cfi_def_cfa_offset 12
 343 01d2 BD46     		mov	sp, r7
 344              		.cfi_def_cfa_register 13
 345              		@ sp needed
ARM GAS  C:\Users\Lenovo\AppData\Local\Temp\ccz3xKxf.s 			page 9


 346 01d4 90BD     		pop	{r4, r7, pc}
 347              	.L23:
 348 01d6 00BF     		.align	2
 349              	.L22:
 350 01d8 00000000 		.word	side
 351 01dc 00000000 		.word	Positions
 352              		.cfi_endproc
 353              	.LFE64:
 354              		.size	PollingPos, .-PollingPos
 355              		.section	.text.main,"ax",%progbits
 356              		.align	2
 357              		.global	main
 358              		.thumb
 359              		.thumb_func
 360              		.type	main, %function
 361              	main:
 362              	.LFB65:
 104:main.c        **** 
 105:main.c        **** /*******************************************************************************
 106:main.c        **** * Function Name: main
 107:main.c        **** ********************************************************************************
 108:main.c        **** *
 109:main.c        **** *
 110:main.c        **** *******************************************************************************/
 111:main.c        **** 
 112:main.c        **** int main()
 113:main.c        **** {
 363              		.loc 1 113 0
 364              		.cfi_startproc
 365              		@ args = 0, pretend = 0, frame = 8
 366              		@ frame_needed = 1, uses_anonymous_args = 0
 367 0000 90B5     		push	{r4, r7, lr}
 368              		.cfi_def_cfa_offset 12
 369              		.cfi_offset 4, -12
 370              		.cfi_offset 7, -8
 371              		.cfi_offset 14, -4
 372 0002 83B0     		sub	sp, sp, #12
 373              		.cfi_def_cfa_offset 24
 374 0004 00AF     		add	r7, sp, #0
 375              		.cfi_def_cfa_register 7
 114:main.c        ****     /* Prepare components */
 115:main.c        ****     uint8 x;
 116:main.c        ****     PWM_1_Start(); 
 376              		.loc 1 116 0
 377 0006 FFF7FEFF 		bl	PWM_1_Start
 117:main.c        ****     CyGlobalIntEnable;
 378              		.loc 1 117 0
 379              		.syntax unified
 380              	@ 117 "main.c" 1
 381 000a 62B6     		CPSIE   i
 382              	@ 0 "" 2
 118:main.c        ****     UART_1_Start();
 383              		.loc 1 118 0
 384              		.thumb
 385              		.syntax unified
 386 000c FFF7FEFF 		bl	UART_1_Start
 119:main.c        ****     UART_2_Start();
ARM GAS  C:\Users\Lenovo\AppData\Local\Temp\ccz3xKxf.s 			page 10


 387              		.loc 1 119 0
 388 0010 FFF7FEFF 		bl	UART_2_Start
 120:main.c        ****     UART_3_Start();
 389              		.loc 1 120 0
 390 0014 FFF7FEFF 		bl	UART_3_Start
 121:main.c        ****     Timer_1_Start();    
 391              		.loc 1 121 0
 392 0018 FFF7FEFF 		bl	Timer_1_Start
 122:main.c        ****     side.a.ppuNozzle[0][0]=0x01;
 393              		.loc 1 122 0
 394 001c 2B4B     		ldr	r3, .L31
 395 001e 0122     		movs	r2, #1
 396 0020 83F8B520 		strb	r2, [r3, #181]
 123:main.c        ****     side.a.ppuNozzle[0][1]=0x05;
 397              		.loc 1 123 0
 398 0024 294B     		ldr	r3, .L31
 399 0026 0522     		movs	r2, #5
 400 0028 83F8B620 		strb	r2, [r3, #182]
 124:main.c        ****     side.a.ppuNozzle[0][2]=0x30;    
 401              		.loc 1 124 0
 402 002c 274B     		ldr	r3, .L31
 403 002e 3022     		movs	r2, #48
 404 0030 83F8B720 		strb	r2, [r3, #183]
 405              	.LBB2:
 125:main.c        ****     for(uint8 y = 0; y < 16; y ++){
 406              		.loc 1 125 0
 407 0034 0023     		movs	r3, #0
 408 0036 FB71     		strb	r3, [r7, #7]
 409 0038 0BE0     		b	.L25
 410              	.L26:
 126:main.c        ****         PumpAddress[y] = GetAddress(y); //Posiciones activas      
 411              		.loc 1 126 0 discriminator 3
 412 003a FC79     		ldrb	r4, [r7, #7]	@ zero_extendqisi2
 413 003c FB79     		ldrb	r3, [r7, #7]	@ zero_extendqisi2
 414 003e 1846     		mov	r0, r3
 415 0040 FFF7FEFF 		bl	GetAddress
 416 0044 0346     		mov	r3, r0
 417 0046 1A46     		mov	r2, r3
 418 0048 214B     		ldr	r3, .L31+4
 419 004a 1A55     		strb	r2, [r3, r4]
 125:main.c        ****     for(uint8 y = 0; y < 16; y ++){
 420              		.loc 1 125 0 discriminator 3
 421 004c FB79     		ldrb	r3, [r7, #7]	@ zero_extendqisi2
 422 004e 0133     		adds	r3, r3, #1
 423 0050 FB71     		strb	r3, [r7, #7]
 424              	.L25:
 125:main.c        ****     for(uint8 y = 0; y < 16; y ++){
 425              		.loc 1 125 0 is_stmt 0 discriminator 1
 426 0052 FB79     		ldrb	r3, [r7, #7]	@ zero_extendqisi2
 427 0054 0F2B     		cmp	r3, #15
 428 0056 F0D9     		bls	.L26
 429              	.LBE2:
 127:main.c        ****     }    
 128:main.c        ****     side.a.dir = PumpAddress[1];
 430              		.loc 1 128 0 is_stmt 1
 431 0058 1D4B     		ldr	r3, .L31+4
 432 005a 5A78     		ldrb	r2, [r3, #1]	@ zero_extendqisi2
ARM GAS  C:\Users\Lenovo\AppData\Local\Temp\ccz3xKxf.s 			page 11


 433 005c 1B4B     		ldr	r3, .L31
 434 005e 1A70     		strb	r2, [r3]
 129:main.c        ****     side.b.dir = PumpAddress[2];
 435              		.loc 1 129 0
 436 0060 1B4B     		ldr	r3, .L31+4
 437 0062 9A78     		ldrb	r2, [r3, #2]	@ zero_extendqisi2
 438 0064 194B     		ldr	r3, .L31
 439 0066 83F80521 		strb	r2, [r3, #261]
 130:main.c        ****     side.c.dir = PumpAddress[3];
 440              		.loc 1 130 0
 441 006a 194B     		ldr	r3, .L31+4
 442 006c DA78     		ldrb	r2, [r3, #3]	@ zero_extendqisi2
 443 006e 174B     		ldr	r3, .L31
 444 0070 83F80A22 		strb	r2, [r3, #522]
 131:main.c        ****     side.d.dir = PumpAddress[4];  
 445              		.loc 1 131 0
 446 0074 164B     		ldr	r3, .L31+4
 447 0076 1A79     		ldrb	r2, [r3, #4]	@ zero_extendqisi2
 448 0078 144B     		ldr	r3, .L31
 449 007a 83F80F23 		strb	r2, [r3, #783]
 450              	.L30:
 132:main.c        ****             
 133:main.c        ****     for (;;)
 134:main.c        ****     {
 135:main.c        ****         if(EnablePin_1_Read() == 1u){
 451              		.loc 1 135 0
 452 007e FFF7FEFF 		bl	EnablePin_1_Read
 453 0082 0346     		mov	r3, r0
 454 0084 012B     		cmp	r3, #1
 455 0086 0BD1     		bne	.L27
 136:main.c        ****             PriceUpdate(0,side.a.ppuNozzle[0]);
 456              		.loc 1 136 0
 457 0088 1249     		ldr	r1, .L31+8
 458 008a 0020     		movs	r0, #0
 459 008c FFF7FEFF 		bl	PriceUpdate
 137:main.c        ****             Authorize(side.a.dir);
 460              		.loc 1 137 0
 461 0090 0E4B     		ldr	r3, .L31
 462 0092 1B78     		ldrb	r3, [r3]	@ zero_extendqisi2
 463 0094 1846     		mov	r0, r3
 464 0096 FFF7FEFF 		bl	Authorize
 138:main.c        ****             PrintReceipt();
 465              		.loc 1 138 0
 466 009a FFF7FEFF 		bl	PrintReceipt
 467 009e 01E0     		b	.L28
 468              	.L27:
 139:main.c        ****         }else{
 140:main.c        ****             PollingPos();
 469              		.loc 1 140 0
 470 00a0 FFF7FEFF 		bl	PollingPos
 471              	.L28:
 141:main.c        ****         }                
 142:main.c        ****         if(Kill_Switch_Read() == 0u){
 472              		.loc 1 142 0
 473 00a4 FFF7FEFF 		bl	Kill_Switch_Read
 474 00a8 0346     		mov	r3, r0
 475 00aa 002B     		cmp	r3, #0
ARM GAS  C:\Users\Lenovo\AppData\Local\Temp\ccz3xKxf.s 			page 12


 476 00ac E7D1     		bne	.L30
 143:main.c        ****             //PriceUpdate(0,side.a.ppuNozzle[0]);
 144:main.c        ****             //ReturnStatus(0);
 145:main.c        ****             PumpState(0);
 477              		.loc 1 145 0
 478 00ae 0020     		movs	r0, #0
 479 00b0 FFF7FEFF 		bl	PumpState
 146:main.c        ****             TotalRequest(0, 0, 1); //dir 0, volume, nozzle 1
 480              		.loc 1 146 0
 481 00b4 0122     		movs	r2, #1
 482 00b6 0021     		movs	r1, #0
 483 00b8 0020     		movs	r0, #0
 484 00ba FFF7FEFF 		bl	TotalRequest
 147:main.c        ****             ProccessResponse();
 485              		.loc 1 147 0
 486 00be FFF7FEFF 		bl	ProccessResponse
 148:main.c        ****             PumpState(0);
 487              		.loc 1 148 0
 488 00c2 0020     		movs	r0, #0
 489 00c4 FFF7FEFF 		bl	PumpState
 149:main.c        **** //            TotalRequest(0, 1, 1); //dir 0, volume, nozzle 1
 150:main.c        **** //            ProccessResponse();
 151:main.c        ****         }
 152:main.c        ****         
 153:main.c        ****     }
 490              		.loc 1 153 0
 491 00c8 D9E7     		b	.L30
 492              	.L32:
 493 00ca 00BF     		.align	2
 494              	.L31:
 495 00cc 00000000 		.word	side
 496 00d0 00000000 		.word	PumpAddress
 497 00d4 B5000000 		.word	side+181
 498              		.cfi_endproc
 499              	.LFE65:
 500              		.size	main, .-main
 501              		.text
 502              	.Letext0:
 503              		.file 2 "c:\\program files (x86)\\cypress\\psoc creator\\4.2\\psoc creator\\import\\gnu\\arm\\5.4.
 504              		.file 3 "c:\\program files (x86)\\cypress\\psoc creator\\4.2\\psoc creator\\import\\gnu\\arm\\5.4.
 505              		.file 4 "Generated_Source\\PSoC5/cytypes.h"
 506              		.file 5 "./GVar.h"
 507              		.file 6 "Generated_Source\\PSoC5/core_cm3.h"
 508              		.section	.debug_info,"",%progbits
 509              	.Ldebug_info0:
 510 0000 0B030000 		.4byte	0x30b
 511 0004 0400     		.2byte	0x4
 512 0006 00000000 		.4byte	.Ldebug_abbrev0
 513 000a 04       		.byte	0x4
 514 000b 01       		.uleb128 0x1
 515 000c 00000000 		.4byte	.LASF40
 516 0010 0C       		.byte	0xc
 517 0011 EA010000 		.4byte	.LASF41
 518 0015 A7010000 		.4byte	.LASF42
 519 0019 00000000 		.4byte	.Ldebug_ranges0+0
 520 001d 00000000 		.4byte	0
 521 0021 00000000 		.4byte	.Ldebug_line0
ARM GAS  C:\Users\Lenovo\AppData\Local\Temp\ccz3xKxf.s 			page 13


 522 0025 02       		.uleb128 0x2
 523 0026 01       		.byte	0x1
 524 0027 06       		.byte	0x6
 525 0028 36020000 		.4byte	.LASF0
 526 002c 02       		.uleb128 0x2
 527 002d 01       		.byte	0x1
 528 002e 08       		.byte	0x8
 529 002f 0F010000 		.4byte	.LASF1
 530 0033 02       		.uleb128 0x2
 531 0034 02       		.byte	0x2
 532 0035 05       		.byte	0x5
 533 0036 0A020000 		.4byte	.LASF2
 534 003a 02       		.uleb128 0x2
 535 003b 02       		.byte	0x2
 536 003c 07       		.byte	0x7
 537 003d FC000000 		.4byte	.LASF3
 538 0041 03       		.uleb128 0x3
 539 0042 A3000000 		.4byte	.LASF9
 540 0046 02       		.byte	0x2
 541 0047 3F       		.byte	0x3f
 542 0048 4C000000 		.4byte	0x4c
 543 004c 02       		.uleb128 0x2
 544 004d 04       		.byte	0x4
 545 004e 05       		.byte	0x5
 546 004f 1A020000 		.4byte	.LASF4
 547 0053 02       		.uleb128 0x2
 548 0054 04       		.byte	0x4
 549 0055 07       		.byte	0x7
 550 0056 EA000000 		.4byte	.LASF5
 551 005a 02       		.uleb128 0x2
 552 005b 08       		.byte	0x8
 553 005c 05       		.byte	0x5
 554 005d DC010000 		.4byte	.LASF6
 555 0061 02       		.uleb128 0x2
 556 0062 08       		.byte	0x8
 557 0063 07       		.byte	0x7
 558 0064 72010000 		.4byte	.LASF7
 559 0068 04       		.uleb128 0x4
 560 0069 04       		.byte	0x4
 561 006a 05       		.byte	0x5
 562 006b 696E7400 		.ascii	"int\000"
 563 006f 02       		.uleb128 0x2
 564 0070 04       		.byte	0x4
 565 0071 07       		.byte	0x7
 566 0072 58010000 		.4byte	.LASF8
 567 0076 03       		.uleb128 0x3
 568 0077 91010000 		.4byte	.LASF10
 569 007b 03       		.byte	0x3
 570 007c 2C       		.byte	0x2c
 571 007d 41000000 		.4byte	0x41
 572 0081 05       		.uleb128 0x5
 573 0082 14020000 		.4byte	.LASF11
 574 0086 04       		.byte	0x4
 575 0087 E401     		.2byte	0x1e4
 576 0089 2C000000 		.4byte	0x2c
 577 008d 05       		.uleb128 0x5
 578 008e 29010000 		.4byte	.LASF12
ARM GAS  C:\Users\Lenovo\AppData\Local\Temp\ccz3xKxf.s 			page 14


 579 0092 04       		.byte	0x4
 580 0093 E501     		.2byte	0x1e5
 581 0095 3A000000 		.4byte	0x3a
 582 0099 02       		.uleb128 0x2
 583 009a 04       		.byte	0x4
 584 009b 04       		.byte	0x4
 585 009c D5000000 		.4byte	.LASF13
 586 00a0 02       		.uleb128 0x2
 587 00a1 08       		.byte	0x8
 588 00a2 04       		.byte	0x4
 589 00a3 1D010000 		.4byte	.LASF14
 590 00a7 02       		.uleb128 0x2
 591 00a8 01       		.byte	0x1
 592 00a9 08       		.byte	0x8
 593 00aa F1010000 		.4byte	.LASF15
 594 00ae 02       		.uleb128 0x2
 595 00af 08       		.byte	0x8
 596 00b0 04       		.byte	0x4
 597 00b1 2A020000 		.4byte	.LASF16
 598 00b5 02       		.uleb128 0x2
 599 00b6 04       		.byte	0x4
 600 00b7 07       		.byte	0x7
 601 00b8 99010000 		.4byte	.LASF17
 602 00bc 06       		.uleb128 0x6
 603 00bd 3B010000 		.4byte	.LASF25
 604 00c1 0501     		.2byte	0x105
 605 00c3 05       		.byte	0x5
 606 00c4 1B       		.byte	0x1b
 607 00c5 2B010000 		.4byte	0x12b
 608 00c9 07       		.uleb128 0x7
 609 00ca 64697200 		.ascii	"dir\000"
 610 00ce 05       		.byte	0x5
 611 00cf 1C       		.byte	0x1c
 612 00d0 81000000 		.4byte	0x81
 613 00d4 00       		.byte	0
 614 00d5 08       		.uleb128 0x8
 615 00d6 FD010000 		.4byte	.LASF18
 616 00da 05       		.byte	0x5
 617 00db 1D       		.byte	0x1d
 618 00dc 2B010000 		.4byte	0x12b
 619 00e0 01       		.byte	0x1
 620 00e1 08       		.uleb128 0x8
 621 00e2 8E000000 		.4byte	.LASF19
 622 00e6 05       		.byte	0x5
 623 00e7 1E       		.byte	0x1e
 624 00e8 47010000 		.4byte	0x147
 625 00ec B5       		.byte	0xb5
 626 00ed 08       		.uleb128 0x8
 627 00ee BC000000 		.4byte	.LASF20
 628 00f2 05       		.byte	0x5
 629 00f3 1F       		.byte	0x1f
 630 00f4 5D010000 		.4byte	0x15d
 631 00f8 D5       		.byte	0xd5
 632 00f9 08       		.uleb128 0x8
 633 00fa 98000000 		.4byte	.LASF21
 634 00fe 05       		.byte	0x5
 635 00ff 20       		.byte	0x20
ARM GAS  C:\Users\Lenovo\AppData\Local\Temp\ccz3xKxf.s 			page 15


 636 0100 5D010000 		.4byte	0x15d
 637 0104 E3       		.byte	0xe3
 638 0105 08       		.uleb128 0x8
 639 0106 DB000000 		.4byte	.LASF22
 640 010a 05       		.byte	0x5
 641 010b 21       		.byte	0x21
 642 010c 5D010000 		.4byte	0x15d
 643 0110 F1       		.byte	0xf1
 644 0111 08       		.uleb128 0x8
 645 0112 67020000 		.4byte	.LASF23
 646 0116 05       		.byte	0x5
 647 0117 22       		.byte	0x22
 648 0118 81000000 		.4byte	0x81
 649 011c FF       		.byte	0xff
 650 011d 09       		.uleb128 0x9
 651 011e F6010000 		.4byte	.LASF24
 652 0122 05       		.byte	0x5
 653 0123 23       		.byte	0x23
 654 0124 6D010000 		.4byte	0x16d
 655 0128 0001     		.2byte	0x100
 656 012a 00       		.byte	0
 657 012b 0A       		.uleb128 0xa
 658 012c 81000000 		.4byte	0x81
 659 0130 47010000 		.4byte	0x147
 660 0134 0B       		.uleb128 0xb
 661 0135 B5000000 		.4byte	0xb5
 662 0139 03       		.byte	0x3
 663 013a 0B       		.uleb128 0xb
 664 013b B5000000 		.4byte	0xb5
 665 013f 02       		.byte	0x2
 666 0140 0B       		.uleb128 0xb
 667 0141 B5000000 		.4byte	0xb5
 668 0145 0E       		.byte	0xe
 669 0146 00       		.byte	0
 670 0147 0A       		.uleb128 0xa
 671 0148 81000000 		.4byte	0x81
 672 014c 5D010000 		.4byte	0x15d
 673 0150 0B       		.uleb128 0xb
 674 0151 B5000000 		.4byte	0xb5
 675 0155 03       		.byte	0x3
 676 0156 0B       		.uleb128 0xb
 677 0157 B5000000 		.4byte	0xb5
 678 015b 07       		.byte	0x7
 679 015c 00       		.byte	0
 680 015d 0A       		.uleb128 0xa
 681 015e 81000000 		.4byte	0x81
 682 0162 6D010000 		.4byte	0x16d
 683 0166 0B       		.uleb128 0xb
 684 0167 B5000000 		.4byte	0xb5
 685 016b 0D       		.byte	0xd
 686 016c 00       		.byte	0
 687 016d 0A       		.uleb128 0xa
 688 016e 81000000 		.4byte	0x81
 689 0172 7D010000 		.4byte	0x17d
 690 0176 0B       		.uleb128 0xb
 691 0177 B5000000 		.4byte	0xb5
 692 017b 04       		.byte	0x4
ARM GAS  C:\Users\Lenovo\AppData\Local\Temp\ccz3xKxf.s 			page 16


 693 017c 00       		.byte	0
 694 017d 06       		.uleb128 0x6
 695 017e B7000000 		.4byte	.LASF26
 696 0182 1404     		.2byte	0x414
 697 0184 05       		.byte	0x5
 698 0185 27       		.byte	0x27
 699 0186 B6010000 		.4byte	0x1b6
 700 018a 07       		.uleb128 0x7
 701 018b 6100     		.ascii	"a\000"
 702 018d 05       		.byte	0x5
 703 018e 28       		.byte	0x28
 704 018f BC000000 		.4byte	0xbc
 705 0193 00       		.byte	0
 706 0194 0C       		.uleb128 0xc
 707 0195 6200     		.ascii	"b\000"
 708 0197 05       		.byte	0x5
 709 0198 29       		.byte	0x29
 710 0199 BC000000 		.4byte	0xbc
 711 019d 0501     		.2byte	0x105
 712 019f 0C       		.uleb128 0xc
 713 01a0 6300     		.ascii	"c\000"
 714 01a2 05       		.byte	0x5
 715 01a3 2A       		.byte	0x2a
 716 01a4 BC000000 		.4byte	0xbc
 717 01a8 0A02     		.2byte	0x20a
 718 01aa 0C       		.uleb128 0xc
 719 01ab 6400     		.ascii	"d\000"
 720 01ad 05       		.byte	0x5
 721 01ae 2B       		.byte	0x2b
 722 01af BC000000 		.4byte	0xbc
 723 01b3 0F03     		.2byte	0x30f
 724 01b5 00       		.byte	0
 725 01b6 0D       		.uleb128 0xd
 726 01b7 89010000 		.4byte	.LASF43
 727 01bb 01       		.byte	0x1
 728 01bc 37       		.byte	0x37
 729 01bd 00000000 		.4byte	.LFB63
 730 01c1 1C000000 		.4byte	.LFE63-.LFB63
 731 01c5 01       		.uleb128 0x1
 732 01c6 9C       		.byte	0x9c
 733 01c7 0E       		.uleb128 0xe
 734 01c8 30010000 		.4byte	.LASF27
 735 01cc 01       		.byte	0x1
 736 01cd 3D       		.byte	0x3d
 737 01ce 00000000 		.4byte	.LFB64
 738 01d2 E0010000 		.4byte	.LFE64-.LFB64
 739 01d6 01       		.uleb128 0x1
 740 01d7 9C       		.byte	0x9c
 741 01d8 E9010000 		.4byte	0x1e9
 742 01dc 0F       		.uleb128 0xf
 743 01dd 7800     		.ascii	"x\000"
 744 01df 01       		.byte	0x1
 745 01e0 3E       		.byte	0x3e
 746 01e1 81000000 		.4byte	0x81
 747 01e5 02       		.uleb128 0x2
 748 01e6 91       		.byte	0x91
 749 01e7 6F       		.sleb128 -17
ARM GAS  C:\Users\Lenovo\AppData\Local\Temp\ccz3xKxf.s 			page 17


 750 01e8 00       		.byte	0
 751 01e9 10       		.uleb128 0x10
 752 01ea 24010000 		.4byte	.LASF28
 753 01ee 01       		.byte	0x1
 754 01ef 70       		.byte	0x70
 755 01f0 68000000 		.4byte	0x68
 756 01f4 00000000 		.4byte	.LFB65
 757 01f8 D8000000 		.4byte	.LFE65-.LFB65
 758 01fc 01       		.uleb128 0x1
 759 01fd 9C       		.byte	0x9c
 760 01fe 22020000 		.4byte	0x222
 761 0202 11       		.uleb128 0x11
 762 0203 7800     		.ascii	"x\000"
 763 0205 01       		.byte	0x1
 764 0206 73       		.byte	0x73
 765 0207 81000000 		.4byte	0x81
 766 020b 12       		.uleb128 0x12
 767 020c 34000000 		.4byte	.LBB2
 768 0210 24000000 		.4byte	.LBE2-.LBB2
 769 0214 0F       		.uleb128 0xf
 770 0215 7900     		.ascii	"y\000"
 771 0217 01       		.byte	0x1
 772 0218 7D       		.byte	0x7d
 773 0219 81000000 		.4byte	0x81
 774 021d 02       		.uleb128 0x2
 775 021e 91       		.byte	0x91
 776 021f 6F       		.sleb128 -17
 777 0220 00       		.byte	0
 778 0221 00       		.byte	0
 779 0222 13       		.uleb128 0x13
 780 0223 44010000 		.4byte	.LASF29
 781 0227 06       		.byte	0x6
 782 0228 1207     		.2byte	0x712
 783 022a 2E020000 		.4byte	0x22e
 784 022e 14       		.uleb128 0x14
 785 022f 76000000 		.4byte	0x76
 786 0233 15       		.uleb128 0x15
 787 0234 5B020000 		.4byte	.LASF30
 788 0238 05       		.byte	0x5
 789 0239 10       		.byte	0x10
 790 023a 8D000000 		.4byte	0x8d
 791 023e 05       		.uleb128 0x5
 792 023f 03       		.byte	0x3
 793 0240 00000000 		.4byte	PollCounter
 794 0244 15       		.uleb128 0x15
 795 0245 4E020000 		.4byte	.LASF31
 796 0249 05       		.byte	0x5
 797 024a 11       		.byte	0x11
 798 024b 81000000 		.4byte	0x81
 799 024f 05       		.uleb128 0x5
 800 0250 03       		.byte	0x3
 801 0251 00000000 		.4byte	CurrentState
 802 0255 15       		.uleb128 0x15
 803 0256 A2010000 		.4byte	.LASF32
 804 025a 05       		.byte	0x5
 805 025b 2E       		.byte	0x2e
 806 025c 7D010000 		.4byte	0x17d
ARM GAS  C:\Users\Lenovo\AppData\Local\Temp\ccz3xKxf.s 			page 18


 807 0260 05       		.uleb128 0x5
 808 0261 03       		.byte	0x3
 809 0262 00000000 		.4byte	side
 810 0266 0A       		.uleb128 0xa
 811 0267 81000000 		.4byte	0x81
 812 026b 76020000 		.4byte	0x276
 813 026f 0B       		.uleb128 0xb
 814 0270 B5000000 		.4byte	0xb5
 815 0274 31       		.byte	0x31
 816 0275 00       		.byte	0
 817 0276 15       		.uleb128 0x15
 818 0277 C6000000 		.4byte	.LASF33
 819 027b 05       		.byte	0x5
 820 027c 37       		.byte	0x37
 821 027d 66020000 		.4byte	0x266
 822 0281 05       		.uleb128 0x5
 823 0282 03       		.byte	0x3
 824 0283 00000000 		.4byte	MepsanResponse
 825 0287 15       		.uleb128 0x15
 826 0288 65010000 		.4byte	.LASF34
 827 028c 05       		.byte	0x5
 828 028d 38       		.byte	0x38
 829 028e 66020000 		.4byte	0x266
 830 0292 05       		.uleb128 0x5
 831 0293 03       		.byte	0x3
 832 0294 00000000 		.4byte	MepsanSendTo
 833 0298 0A       		.uleb128 0xa
 834 0299 81000000 		.4byte	0x81
 835 029d A8020000 		.4byte	0x2a8
 836 02a1 0B       		.uleb128 0xb
 837 02a2 B5000000 		.4byte	0xb5
 838 02a6 0E       		.byte	0xe
 839 02a7 00       		.byte	0
 840 02a8 15       		.uleb128 0x15
 841 02a9 42020000 		.4byte	.LASF35
 842 02ad 05       		.byte	0x5
 843 02ae 39       		.byte	0x39
 844 02af 98020000 		.4byte	0x298
 845 02b3 05       		.uleb128 0x5
 846 02b4 03       		.byte	0x3
 847 02b5 00000000 		.4byte	PumpAddress
 848 02b9 16       		.uleb128 0x16
 849 02ba 43524300 		.ascii	"CRC\000"
 850 02be 05       		.byte	0x5
 851 02bf 3A       		.byte	0x3a
 852 02c0 8D000000 		.4byte	0x8d
 853 02c4 05       		.uleb128 0x5
 854 02c5 03       		.byte	0x3
 855 02c6 00000000 		.4byte	CRC
 856 02ca 15       		.uleb128 0x15
 857 02cb E3000000 		.4byte	.LASF36
 858 02cf 05       		.byte	0x5
 859 02d0 3B       		.byte	0x3b
 860 02d1 81000000 		.4byte	0x81
 861 02d5 05       		.uleb128 0x5
 862 02d6 03       		.byte	0x3
 863 02d7 00000000 		.4byte	crc_lo
ARM GAS  C:\Users\Lenovo\AppData\Local\Temp\ccz3xKxf.s 			page 19


 864 02db 15       		.uleb128 0x15
 865 02dc 23020000 		.4byte	.LASF37
 866 02e0 05       		.byte	0x5
 867 02e1 3B       		.byte	0x3b
 868 02e2 81000000 		.4byte	0x81
 869 02e6 05       		.uleb128 0x5
 870 02e7 03       		.byte	0x3
 871 02e8 00000000 		.4byte	crc_hi
 872 02ec 15       		.uleb128 0x15
 873 02ed AD000000 		.4byte	.LASF38
 874 02f1 05       		.byte	0x5
 875 02f2 3C       		.byte	0x3c
 876 02f3 81000000 		.4byte	0x81
 877 02f7 05       		.uleb128 0x5
 878 02f8 03       		.byte	0x3
 879 02f9 00000000 		.4byte	Positions
 880 02fd 15       		.uleb128 0x15
 881 02fe 51010000 		.4byte	.LASF39
 882 0302 05       		.byte	0x5
 883 0303 46       		.byte	0x46
 884 0304 81000000 		.4byte	0x81
 885 0308 05       		.uleb128 0x5
 886 0309 03       		.byte	0x3
 887 030a 00000000 		.4byte	dirGbr
 888 030e 00       		.byte	0
 889              		.section	.debug_abbrev,"",%progbits
 890              	.Ldebug_abbrev0:
 891 0000 01       		.uleb128 0x1
 892 0001 11       		.uleb128 0x11
 893 0002 01       		.byte	0x1
 894 0003 25       		.uleb128 0x25
 895 0004 0E       		.uleb128 0xe
 896 0005 13       		.uleb128 0x13
 897 0006 0B       		.uleb128 0xb
 898 0007 03       		.uleb128 0x3
 899 0008 0E       		.uleb128 0xe
 900 0009 1B       		.uleb128 0x1b
 901 000a 0E       		.uleb128 0xe
 902 000b 55       		.uleb128 0x55
 903 000c 17       		.uleb128 0x17
 904 000d 11       		.uleb128 0x11
 905 000e 01       		.uleb128 0x1
 906 000f 10       		.uleb128 0x10
 907 0010 17       		.uleb128 0x17
 908 0011 00       		.byte	0
 909 0012 00       		.byte	0
 910 0013 02       		.uleb128 0x2
 911 0014 24       		.uleb128 0x24
 912 0015 00       		.byte	0
 913 0016 0B       		.uleb128 0xb
 914 0017 0B       		.uleb128 0xb
 915 0018 3E       		.uleb128 0x3e
 916 0019 0B       		.uleb128 0xb
 917 001a 03       		.uleb128 0x3
 918 001b 0E       		.uleb128 0xe
 919 001c 00       		.byte	0
 920 001d 00       		.byte	0
ARM GAS  C:\Users\Lenovo\AppData\Local\Temp\ccz3xKxf.s 			page 20


 921 001e 03       		.uleb128 0x3
 922 001f 16       		.uleb128 0x16
 923 0020 00       		.byte	0
 924 0021 03       		.uleb128 0x3
 925 0022 0E       		.uleb128 0xe
 926 0023 3A       		.uleb128 0x3a
 927 0024 0B       		.uleb128 0xb
 928 0025 3B       		.uleb128 0x3b
 929 0026 0B       		.uleb128 0xb
 930 0027 49       		.uleb128 0x49
 931 0028 13       		.uleb128 0x13
 932 0029 00       		.byte	0
 933 002a 00       		.byte	0
 934 002b 04       		.uleb128 0x4
 935 002c 24       		.uleb128 0x24
 936 002d 00       		.byte	0
 937 002e 0B       		.uleb128 0xb
 938 002f 0B       		.uleb128 0xb
 939 0030 3E       		.uleb128 0x3e
 940 0031 0B       		.uleb128 0xb
 941 0032 03       		.uleb128 0x3
 942 0033 08       		.uleb128 0x8
 943 0034 00       		.byte	0
 944 0035 00       		.byte	0
 945 0036 05       		.uleb128 0x5
 946 0037 16       		.uleb128 0x16
 947 0038 00       		.byte	0
 948 0039 03       		.uleb128 0x3
 949 003a 0E       		.uleb128 0xe
 950 003b 3A       		.uleb128 0x3a
 951 003c 0B       		.uleb128 0xb
 952 003d 3B       		.uleb128 0x3b
 953 003e 05       		.uleb128 0x5
 954 003f 49       		.uleb128 0x49
 955 0040 13       		.uleb128 0x13
 956 0041 00       		.byte	0
 957 0042 00       		.byte	0
 958 0043 06       		.uleb128 0x6
 959 0044 13       		.uleb128 0x13
 960 0045 01       		.byte	0x1
 961 0046 03       		.uleb128 0x3
 962 0047 0E       		.uleb128 0xe
 963 0048 0B       		.uleb128 0xb
 964 0049 05       		.uleb128 0x5
 965 004a 3A       		.uleb128 0x3a
 966 004b 0B       		.uleb128 0xb
 967 004c 3B       		.uleb128 0x3b
 968 004d 0B       		.uleb128 0xb
 969 004e 01       		.uleb128 0x1
 970 004f 13       		.uleb128 0x13
 971 0050 00       		.byte	0
 972 0051 00       		.byte	0
 973 0052 07       		.uleb128 0x7
 974 0053 0D       		.uleb128 0xd
 975 0054 00       		.byte	0
 976 0055 03       		.uleb128 0x3
 977 0056 08       		.uleb128 0x8
ARM GAS  C:\Users\Lenovo\AppData\Local\Temp\ccz3xKxf.s 			page 21


 978 0057 3A       		.uleb128 0x3a
 979 0058 0B       		.uleb128 0xb
 980 0059 3B       		.uleb128 0x3b
 981 005a 0B       		.uleb128 0xb
 982 005b 49       		.uleb128 0x49
 983 005c 13       		.uleb128 0x13
 984 005d 38       		.uleb128 0x38
 985 005e 0B       		.uleb128 0xb
 986 005f 00       		.byte	0
 987 0060 00       		.byte	0
 988 0061 08       		.uleb128 0x8
 989 0062 0D       		.uleb128 0xd
 990 0063 00       		.byte	0
 991 0064 03       		.uleb128 0x3
 992 0065 0E       		.uleb128 0xe
 993 0066 3A       		.uleb128 0x3a
 994 0067 0B       		.uleb128 0xb
 995 0068 3B       		.uleb128 0x3b
 996 0069 0B       		.uleb128 0xb
 997 006a 49       		.uleb128 0x49
 998 006b 13       		.uleb128 0x13
 999 006c 38       		.uleb128 0x38
 1000 006d 0B       		.uleb128 0xb
 1001 006e 00       		.byte	0
 1002 006f 00       		.byte	0
 1003 0070 09       		.uleb128 0x9
 1004 0071 0D       		.uleb128 0xd
 1005 0072 00       		.byte	0
 1006 0073 03       		.uleb128 0x3
 1007 0074 0E       		.uleb128 0xe
 1008 0075 3A       		.uleb128 0x3a
 1009 0076 0B       		.uleb128 0xb
 1010 0077 3B       		.uleb128 0x3b
 1011 0078 0B       		.uleb128 0xb
 1012 0079 49       		.uleb128 0x49
 1013 007a 13       		.uleb128 0x13
 1014 007b 38       		.uleb128 0x38
 1015 007c 05       		.uleb128 0x5
 1016 007d 00       		.byte	0
 1017 007e 00       		.byte	0
 1018 007f 0A       		.uleb128 0xa
 1019 0080 01       		.uleb128 0x1
 1020 0081 01       		.byte	0x1
 1021 0082 49       		.uleb128 0x49
 1022 0083 13       		.uleb128 0x13
 1023 0084 01       		.uleb128 0x1
 1024 0085 13       		.uleb128 0x13
 1025 0086 00       		.byte	0
 1026 0087 00       		.byte	0
 1027 0088 0B       		.uleb128 0xb
 1028 0089 21       		.uleb128 0x21
 1029 008a 00       		.byte	0
 1030 008b 49       		.uleb128 0x49
 1031 008c 13       		.uleb128 0x13
 1032 008d 2F       		.uleb128 0x2f
 1033 008e 0B       		.uleb128 0xb
 1034 008f 00       		.byte	0
ARM GAS  C:\Users\Lenovo\AppData\Local\Temp\ccz3xKxf.s 			page 22


 1035 0090 00       		.byte	0
 1036 0091 0C       		.uleb128 0xc
 1037 0092 0D       		.uleb128 0xd
 1038 0093 00       		.byte	0
 1039 0094 03       		.uleb128 0x3
 1040 0095 08       		.uleb128 0x8
 1041 0096 3A       		.uleb128 0x3a
 1042 0097 0B       		.uleb128 0xb
 1043 0098 3B       		.uleb128 0x3b
 1044 0099 0B       		.uleb128 0xb
 1045 009a 49       		.uleb128 0x49
 1046 009b 13       		.uleb128 0x13
 1047 009c 38       		.uleb128 0x38
 1048 009d 05       		.uleb128 0x5
 1049 009e 00       		.byte	0
 1050 009f 00       		.byte	0
 1051 00a0 0D       		.uleb128 0xd
 1052 00a1 2E       		.uleb128 0x2e
 1053 00a2 00       		.byte	0
 1054 00a3 3F       		.uleb128 0x3f
 1055 00a4 19       		.uleb128 0x19
 1056 00a5 03       		.uleb128 0x3
 1057 00a6 0E       		.uleb128 0xe
 1058 00a7 3A       		.uleb128 0x3a
 1059 00a8 0B       		.uleb128 0xb
 1060 00a9 3B       		.uleb128 0x3b
 1061 00aa 0B       		.uleb128 0xb
 1062 00ab 27       		.uleb128 0x27
 1063 00ac 19       		.uleb128 0x19
 1064 00ad 11       		.uleb128 0x11
 1065 00ae 01       		.uleb128 0x1
 1066 00af 12       		.uleb128 0x12
 1067 00b0 06       		.uleb128 0x6
 1068 00b1 40       		.uleb128 0x40
 1069 00b2 18       		.uleb128 0x18
 1070 00b3 9642     		.uleb128 0x2116
 1071 00b5 19       		.uleb128 0x19
 1072 00b6 00       		.byte	0
 1073 00b7 00       		.byte	0
 1074 00b8 0E       		.uleb128 0xe
 1075 00b9 2E       		.uleb128 0x2e
 1076 00ba 01       		.byte	0x1
 1077 00bb 3F       		.uleb128 0x3f
 1078 00bc 19       		.uleb128 0x19
 1079 00bd 03       		.uleb128 0x3
 1080 00be 0E       		.uleb128 0xe
 1081 00bf 3A       		.uleb128 0x3a
 1082 00c0 0B       		.uleb128 0xb
 1083 00c1 3B       		.uleb128 0x3b
 1084 00c2 0B       		.uleb128 0xb
 1085 00c3 27       		.uleb128 0x27
 1086 00c4 19       		.uleb128 0x19
 1087 00c5 11       		.uleb128 0x11
 1088 00c6 01       		.uleb128 0x1
 1089 00c7 12       		.uleb128 0x12
 1090 00c8 06       		.uleb128 0x6
 1091 00c9 40       		.uleb128 0x40
ARM GAS  C:\Users\Lenovo\AppData\Local\Temp\ccz3xKxf.s 			page 23


 1092 00ca 18       		.uleb128 0x18
 1093 00cb 9642     		.uleb128 0x2116
 1094 00cd 19       		.uleb128 0x19
 1095 00ce 01       		.uleb128 0x1
 1096 00cf 13       		.uleb128 0x13
 1097 00d0 00       		.byte	0
 1098 00d1 00       		.byte	0
 1099 00d2 0F       		.uleb128 0xf
 1100 00d3 34       		.uleb128 0x34
 1101 00d4 00       		.byte	0
 1102 00d5 03       		.uleb128 0x3
 1103 00d6 08       		.uleb128 0x8
 1104 00d7 3A       		.uleb128 0x3a
 1105 00d8 0B       		.uleb128 0xb
 1106 00d9 3B       		.uleb128 0x3b
 1107 00da 0B       		.uleb128 0xb
 1108 00db 49       		.uleb128 0x49
 1109 00dc 13       		.uleb128 0x13
 1110 00dd 02       		.uleb128 0x2
 1111 00de 18       		.uleb128 0x18
 1112 00df 00       		.byte	0
 1113 00e0 00       		.byte	0
 1114 00e1 10       		.uleb128 0x10
 1115 00e2 2E       		.uleb128 0x2e
 1116 00e3 01       		.byte	0x1
 1117 00e4 3F       		.uleb128 0x3f
 1118 00e5 19       		.uleb128 0x19
 1119 00e6 03       		.uleb128 0x3
 1120 00e7 0E       		.uleb128 0xe
 1121 00e8 3A       		.uleb128 0x3a
 1122 00e9 0B       		.uleb128 0xb
 1123 00ea 3B       		.uleb128 0x3b
 1124 00eb 0B       		.uleb128 0xb
 1125 00ec 49       		.uleb128 0x49
 1126 00ed 13       		.uleb128 0x13
 1127 00ee 11       		.uleb128 0x11
 1128 00ef 01       		.uleb128 0x1
 1129 00f0 12       		.uleb128 0x12
 1130 00f1 06       		.uleb128 0x6
 1131 00f2 40       		.uleb128 0x40
 1132 00f3 18       		.uleb128 0x18
 1133 00f4 9642     		.uleb128 0x2116
 1134 00f6 19       		.uleb128 0x19
 1135 00f7 01       		.uleb128 0x1
 1136 00f8 13       		.uleb128 0x13
 1137 00f9 00       		.byte	0
 1138 00fa 00       		.byte	0
 1139 00fb 11       		.uleb128 0x11
 1140 00fc 34       		.uleb128 0x34
 1141 00fd 00       		.byte	0
 1142 00fe 03       		.uleb128 0x3
 1143 00ff 08       		.uleb128 0x8
 1144 0100 3A       		.uleb128 0x3a
 1145 0101 0B       		.uleb128 0xb
 1146 0102 3B       		.uleb128 0x3b
 1147 0103 0B       		.uleb128 0xb
 1148 0104 49       		.uleb128 0x49
ARM GAS  C:\Users\Lenovo\AppData\Local\Temp\ccz3xKxf.s 			page 24


 1149 0105 13       		.uleb128 0x13
 1150 0106 00       		.byte	0
 1151 0107 00       		.byte	0
 1152 0108 12       		.uleb128 0x12
 1153 0109 0B       		.uleb128 0xb
 1154 010a 01       		.byte	0x1
 1155 010b 11       		.uleb128 0x11
 1156 010c 01       		.uleb128 0x1
 1157 010d 12       		.uleb128 0x12
 1158 010e 06       		.uleb128 0x6
 1159 010f 00       		.byte	0
 1160 0110 00       		.byte	0
 1161 0111 13       		.uleb128 0x13
 1162 0112 34       		.uleb128 0x34
 1163 0113 00       		.byte	0
 1164 0114 03       		.uleb128 0x3
 1165 0115 0E       		.uleb128 0xe
 1166 0116 3A       		.uleb128 0x3a
 1167 0117 0B       		.uleb128 0xb
 1168 0118 3B       		.uleb128 0x3b
 1169 0119 05       		.uleb128 0x5
 1170 011a 49       		.uleb128 0x49
 1171 011b 13       		.uleb128 0x13
 1172 011c 3F       		.uleb128 0x3f
 1173 011d 19       		.uleb128 0x19
 1174 011e 3C       		.uleb128 0x3c
 1175 011f 19       		.uleb128 0x19
 1176 0120 00       		.byte	0
 1177 0121 00       		.byte	0
 1178 0122 14       		.uleb128 0x14
 1179 0123 35       		.uleb128 0x35
 1180 0124 00       		.byte	0
 1181 0125 49       		.uleb128 0x49
 1182 0126 13       		.uleb128 0x13
 1183 0127 00       		.byte	0
 1184 0128 00       		.byte	0
 1185 0129 15       		.uleb128 0x15
 1186 012a 34       		.uleb128 0x34
 1187 012b 00       		.byte	0
 1188 012c 03       		.uleb128 0x3
 1189 012d 0E       		.uleb128 0xe
 1190 012e 3A       		.uleb128 0x3a
 1191 012f 0B       		.uleb128 0xb
 1192 0130 3B       		.uleb128 0x3b
 1193 0131 0B       		.uleb128 0xb
 1194 0132 49       		.uleb128 0x49
 1195 0133 13       		.uleb128 0x13
 1196 0134 3F       		.uleb128 0x3f
 1197 0135 19       		.uleb128 0x19
 1198 0136 02       		.uleb128 0x2
 1199 0137 18       		.uleb128 0x18
 1200 0138 00       		.byte	0
 1201 0139 00       		.byte	0
 1202 013a 16       		.uleb128 0x16
 1203 013b 34       		.uleb128 0x34
 1204 013c 00       		.byte	0
 1205 013d 03       		.uleb128 0x3
ARM GAS  C:\Users\Lenovo\AppData\Local\Temp\ccz3xKxf.s 			page 25


 1206 013e 08       		.uleb128 0x8
 1207 013f 3A       		.uleb128 0x3a
 1208 0140 0B       		.uleb128 0xb
 1209 0141 3B       		.uleb128 0x3b
 1210 0142 0B       		.uleb128 0xb
 1211 0143 49       		.uleb128 0x49
 1212 0144 13       		.uleb128 0x13
 1213 0145 3F       		.uleb128 0x3f
 1214 0146 19       		.uleb128 0x19
 1215 0147 02       		.uleb128 0x2
 1216 0148 18       		.uleb128 0x18
 1217 0149 00       		.byte	0
 1218 014a 00       		.byte	0
 1219 014b 00       		.byte	0
 1220              		.section	.debug_aranges,"",%progbits
 1221 0000 2C000000 		.4byte	0x2c
 1222 0004 0200     		.2byte	0x2
 1223 0006 00000000 		.4byte	.Ldebug_info0
 1224 000a 04       		.byte	0x4
 1225 000b 00       		.byte	0
 1226 000c 0000     		.2byte	0
 1227 000e 0000     		.2byte	0
 1228 0010 00000000 		.4byte	.LFB63
 1229 0014 1C000000 		.4byte	.LFE63-.LFB63
 1230 0018 00000000 		.4byte	.LFB64
 1231 001c E0010000 		.4byte	.LFE64-.LFB64
 1232 0020 00000000 		.4byte	.LFB65
 1233 0024 D8000000 		.4byte	.LFE65-.LFB65
 1234 0028 00000000 		.4byte	0
 1235 002c 00000000 		.4byte	0
 1236              		.section	.debug_ranges,"",%progbits
 1237              	.Ldebug_ranges0:
 1238 0000 00000000 		.4byte	.LFB63
 1239 0004 1C000000 		.4byte	.LFE63
 1240 0008 00000000 		.4byte	.LFB64
 1241 000c E0010000 		.4byte	.LFE64
 1242 0010 00000000 		.4byte	.LFB65
 1243 0014 D8000000 		.4byte	.LFE65
 1244 0018 00000000 		.4byte	0
 1245 001c 00000000 		.4byte	0
 1246              		.section	.debug_line,"",%progbits
 1247              	.Ldebug_line0:
 1248 0000 48020000 		.section	.debug_str,"MS",%progbits,1
 1248      02005801 
 1248      00000201 
 1248      FB0E0D00 
 1248      01010101 
 1249              	.LASF40:
 1250 0000 474E5520 		.ascii	"GNU C11 5.4.1 20160609 (release) [ARM/embedded-5-br"
 1250      43313120 
 1250      352E342E 
 1250      31203230 
 1250      31363036 
 1251 0033 616E6368 		.ascii	"anch revision 237715] -mcpu=cortex-m3 -mthumb -g -O"
 1251      20726576 
 1251      6973696F 
 1251      6E203233 
ARM GAS  C:\Users\Lenovo\AppData\Local\Temp\ccz3xKxf.s 			page 26


 1251      37373135 
 1252 0066 30202D66 		.ascii	"0 -ffunction-sections -ffat-lto-objects\000"
 1252      66756E63 
 1252      74696F6E 
 1252      2D736563 
 1252      74696F6E 
 1253              	.LASF19:
 1254 008e 7070754E 		.ascii	"ppuNozzle\000"
 1254      6F7A7A6C 
 1254      6500
 1255              	.LASF21:
 1256 0098 766F6C75 		.ascii	"volumeSale\000"
 1256      6D655361 
 1256      6C6500
 1257              	.LASF9:
 1258 00a3 5F5F696E 		.ascii	"__int32_t\000"
 1258      7433325F 
 1258      7400
 1259              	.LASF38:
 1260 00ad 506F7369 		.ascii	"Positions\000"
 1260      74696F6E 
 1260      7300
 1261              	.LASF26:
 1262 00b7 70756D70 		.ascii	"pump\000"
 1262      00
 1263              	.LASF20:
 1264 00bc 6D6F6E65 		.ascii	"moneySale\000"
 1264      7953616C 
 1264      6500
 1265              	.LASF33:
 1266 00c6 4D657073 		.ascii	"MepsanResponse\000"
 1266      616E5265 
 1266      73706F6E 
 1266      736500
 1267              	.LASF13:
 1268 00d5 666C6F61 		.ascii	"float\000"
 1268      7400
 1269              	.LASF22:
 1270 00db 70707553 		.ascii	"ppuSale\000"
 1270      616C6500 
 1271              	.LASF36:
 1272 00e3 6372635F 		.ascii	"crc_lo\000"
 1272      6C6F00
 1273              	.LASF5:
 1274 00ea 6C6F6E67 		.ascii	"long unsigned int\000"
 1274      20756E73 
 1274      69676E65 
 1274      6420696E 
 1274      7400
 1275              	.LASF3:
 1276 00fc 73686F72 		.ascii	"short unsigned int\000"
 1276      7420756E 
 1276      7369676E 
 1276      65642069 
 1276      6E7400
 1277              	.LASF1:
 1278 010f 756E7369 		.ascii	"unsigned char\000"
ARM GAS  C:\Users\Lenovo\AppData\Local\Temp\ccz3xKxf.s 			page 27


 1278      676E6564 
 1278      20636861 
 1278      7200
 1279              	.LASF14:
 1280 011d 646F7562 		.ascii	"double\000"
 1280      6C6500
 1281              	.LASF28:
 1282 0124 6D61696E 		.ascii	"main\000"
 1282      00
 1283              	.LASF12:
 1284 0129 75696E74 		.ascii	"uint16\000"
 1284      313600
 1285              	.LASF27:
 1286 0130 506F6C6C 		.ascii	"PollingPos\000"
 1286      696E6750 
 1286      6F7300
 1287              	.LASF25:
 1288 013b 706F7369 		.ascii	"position\000"
 1288      74696F6E 
 1288      00
 1289              	.LASF29:
 1290 0144 49544D5F 		.ascii	"ITM_RxBuffer\000"
 1290      52784275 
 1290      66666572 
 1290      00
 1291              	.LASF39:
 1292 0151 64697247 		.ascii	"dirGbr\000"
 1292      627200
 1293              	.LASF8:
 1294 0158 756E7369 		.ascii	"unsigned int\000"
 1294      676E6564 
 1294      20696E74 
 1294      00
 1295              	.LASF34:
 1296 0165 4D657073 		.ascii	"MepsanSendTo\000"
 1296      616E5365 
 1296      6E64546F 
 1296      00
 1297              	.LASF7:
 1298 0172 6C6F6E67 		.ascii	"long long unsigned int\000"
 1298      206C6F6E 
 1298      6720756E 
 1298      7369676E 
 1298      65642069 
 1299              	.LASF43:
 1300 0189 706F6C6C 		.ascii	"polling\000"
 1300      696E6700 
 1301              	.LASF10:
 1302 0191 696E7433 		.ascii	"int32_t\000"
 1302      325F7400 
 1303              	.LASF17:
 1304 0199 73697A65 		.ascii	"sizetype\000"
 1304      74797065 
 1304      00
 1305              	.LASF32:
 1306 01a2 73696465 		.ascii	"side\000"
 1306      00
ARM GAS  C:\Users\Lenovo\AppData\Local\Temp\ccz3xKxf.s 			page 28


 1307              	.LASF42:
 1308 01a7 433A5C55 		.ascii	"C:\\Users\\Lenovo\\Documents\\GitHub\\Mepsan\\Mepsa"
 1308      73657273 
 1308      5C4C656E 
 1308      6F766F5C 
 1308      446F6375 
 1309 01d4 6E2E6379 		.ascii	"n.cydsn\000"
 1309      64736E00 
 1310              	.LASF6:
 1311 01dc 6C6F6E67 		.ascii	"long long int\000"
 1311      206C6F6E 
 1311      6720696E 
 1311      7400
 1312              	.LASF41:
 1313 01ea 6D61696E 		.ascii	"main.c\000"
 1313      2E6300
 1314              	.LASF15:
 1315 01f1 63686172 		.ascii	"char\000"
 1315      00
 1316              	.LASF24:
 1317 01f6 73746174 		.ascii	"states\000"
 1317      657300
 1318              	.LASF18:
 1319 01fd 746F7461 		.ascii	"totalsNozzle\000"
 1319      6C734E6F 
 1319      7A7A6C65 
 1319      00
 1320              	.LASF2:
 1321 020a 73686F72 		.ascii	"short int\000"
 1321      7420696E 
 1321      7400
 1322              	.LASF11:
 1323 0214 75696E74 		.ascii	"uint8\000"
 1323      3800
 1324              	.LASF4:
 1325 021a 6C6F6E67 		.ascii	"long int\000"
 1325      20696E74 
 1325      00
 1326              	.LASF37:
 1327 0223 6372635F 		.ascii	"crc_hi\000"
 1327      686900
 1328              	.LASF16:
 1329 022a 6C6F6E67 		.ascii	"long double\000"
 1329      20646F75 
 1329      626C6500 
 1330              	.LASF0:
 1331 0236 7369676E 		.ascii	"signed char\000"
 1331      65642063 
 1331      68617200 
 1332              	.LASF35:
 1333 0242 50756D70 		.ascii	"PumpAddress\000"
 1333      41646472 
 1333      65737300 
 1334              	.LASF31:
 1335 024e 43757272 		.ascii	"CurrentState\000"
 1335      656E7453 
 1335      74617465 
ARM GAS  C:\Users\Lenovo\AppData\Local\Temp\ccz3xKxf.s 			page 29


 1335      00
 1336              	.LASF30:
 1337 025b 506F6C6C 		.ascii	"PollCounter\000"
 1337      436F756E 
 1337      74657200 
 1338              	.LASF23:
 1339 0267 70726F64 		.ascii	"productSale\000"
 1339      75637453 
 1339      616C6500 
 1340              		.ident	"GCC: (GNU Tools for ARM Embedded Processors) 5.4.1 20160609 (release) [ARM/embedded-5-bran
