ARM GAS  C:\Users\Diego\AppData\Local\Temp\cc3pomJy.s 			page 1


   1              		.syntax unified
   2              		.cpu cortex-m3
   3              		.fpu softvfp
   4              		.eabi_attribute 20, 1
   5              		.eabi_attribute 21, 1
   6              		.eabi_attribute 23, 3
   7              		.eabi_attribute 24, 1
   8              		.eabi_attribute 25, 1
   9              		.eabi_attribute 26, 1
  10              		.eabi_attribute 30, 6
  11              		.eabi_attribute 34, 1
  12              		.eabi_attribute 18, 4
  13              		.thumb
  14              		.syntax unified
  15              		.file	"PumpCom.c"
  16              		.text
  17              	.Ltext0:
  18              		.cfi_sections	.debug_frame
  19              		.comm	PollCounter,2,2
  20              		.comm	CurrentState,1,1
  21              		.comm	side,1044,4
  22              		.comm	dirGbr,1,1
  23              		.section	.text.GetAddress,"ax",%progbits
  24              		.align	2
  25              		.global	GetAddress
  26              		.thumb
  27              		.thumb_func
  28              		.type	GetAddress, %function
  29              	GetAddress:
  30              	.LFB63:
  31              		.file 1 "PumpCom.c"
   1:PumpCom.c     **** /**
   2:PumpCom.c     ****  * @file PumpCom.c
   3:PumpCom.c     ****  * @author Kugel Electronics
   4:PumpCom.c     ****  * @date 10/04/2018
   5:PumpCom.c     ****  * @brief Comunicación con el dispensador.
   6:PumpCom.c     ****  *
   7:PumpCom.c     ****  * Here typically goes a more extensive explanation of what the header
   8:PumpCom.c     ****  * defines. Doxygens tags are words preceeded by either a backslash @\
   9:PumpCom.c     ****  * or by an at symbol @@.
  10:PumpCom.c     ****  * @see http://www.stack.nl/~dimitri/doxygen/docblocks.html
  11:PumpCom.c     ****  * @see http://www.stack.nl/~dimitri/doxygen/commands.html
  12:PumpCom.c     ****  */
  13:PumpCom.c     **** 
  14:PumpCom.c     **** /* [] END OF FILE */
  15:PumpCom.c     **** 
  16:PumpCom.c     **** #include <GVar.h>
  17:PumpCom.c     **** 
  18:PumpCom.c     **** 
  19:PumpCom.c     **** 
  20:PumpCom.c     **** /*******************************************************************************
  21:PumpCom.c     **** * Function Name: PollPump
  22:PumpCom.c     **** ********************************************************************************
  23:PumpCom.c     **** *
  24:PumpCom.c     **** *
  25:PumpCom.c     **** *******************************************************************************/
  26:PumpCom.c     **** uint8 GetAddress (void){
ARM GAS  C:\Users\Diego\AppData\Local\Temp\cc3pomJy.s 			page 2


  32              		.loc 1 26 0
  33              		.cfi_startproc
  34              		@ args = 0, pretend = 0, frame = 8
  35              		@ frame_needed = 1, uses_anonymous_args = 0
  36 0000 80B5     		push	{r7, lr}
  37              		.cfi_def_cfa_offset 8
  38              		.cfi_offset 7, -8
  39              		.cfi_offset 14, -4
  40 0002 82B0     		sub	sp, sp, #8
  41              		.cfi_def_cfa_offset 16
  42 0004 00AF     		add	r7, sp, #0
  43              		.cfi_def_cfa_register 7
  27:PumpCom.c     ****     uint8 x;
  28:PumpCom.c     ****     uint8 response;
  29:PumpCom.c     ****     UART_1_ClearRxBuffer();
  44              		.loc 1 29 0
  45 0006 FFF7FEFF 		bl	UART_1_ClearRxBuffer
  30:PumpCom.c     ****     side.a.dir = 0xFF;
  46              		.loc 1 30 0
  47 000a 564B     		ldr	r3, .L13
  48 000c FF22     		movs	r2, #255
  49 000e 1A70     		strb	r2, [r3]
  31:PumpCom.c     ****     side.b.dir = 0xFF;
  50              		.loc 1 31 0
  51 0010 544B     		ldr	r3, .L13
  52 0012 FF22     		movs	r2, #255
  53 0014 83F80521 		strb	r2, [r3, #261]
  32:PumpCom.c     ****     side.c.dir = 0xFF;
  54              		.loc 1 32 0
  55 0018 524B     		ldr	r3, .L13
  56 001a FF22     		movs	r2, #255
  57 001c 83F80A22 		strb	r2, [r3, #522]
  33:PumpCom.c     ****     side.d.dir = 0xFF;
  58              		.loc 1 33 0
  59 0020 504B     		ldr	r3, .L13
  60 0022 FF22     		movs	r2, #255
  61 0024 83F80F23 		strb	r2, [r3, #783]
  34:PumpCom.c     ****     EnablePin_Write (1u);
  62              		.loc 1 34 0
  63 0028 0120     		movs	r0, #1
  64 002a FFF7FEFF 		bl	EnablePin_Write
  35:PumpCom.c     ****     for(x=1;x<=15;x++){
  65              		.loc 1 35 0
  66 002e 0123     		movs	r3, #1
  67 0030 FB71     		strb	r3, [r7, #7]
  68 0032 60E0     		b	.L2
  69              	.L7:
  36:PumpCom.c     ****         UART_1_PutChar(x);
  70              		.loc 1 36 0
  71 0034 FB79     		ldrb	r3, [r7, #7]	@ zero_extendqisi2
  72 0036 1846     		mov	r0, r3
  73 0038 FFF7FEFF 		bl	UART_1_PutChar
  37:PumpCom.c     ****         CyDelay(50);
  74              		.loc 1 37 0
  75 003c 3220     		movs	r0, #50
  76 003e FFF7FEFF 		bl	CyDelay
  38:PumpCom.c     ****         EnablePin_Write (0u);
ARM GAS  C:\Users\Diego\AppData\Local\Temp\cc3pomJy.s 			page 3


  77              		.loc 1 38 0
  78 0042 0020     		movs	r0, #0
  79 0044 FFF7FEFF 		bl	EnablePin_Write
  39:PumpCom.c     ****         if((UART_1_GetRxBufferSize()>=1)&&(side.a.dir==0xff)){  
  80              		.loc 1 39 0
  81 0048 FFF7FEFF 		bl	UART_1_GetRxBufferSize
  82 004c 0346     		mov	r3, r0
  83 004e 002B     		cmp	r3, #0
  84 0050 0CD0     		beq	.L3
  85              		.loc 1 39 0 is_stmt 0 discriminator 1
  86 0052 444B     		ldr	r3, .L13
  87 0054 1B78     		ldrb	r3, [r3]	@ zero_extendqisi2
  88 0056 FF2B     		cmp	r3, #255
  89 0058 08D1     		bne	.L3
  40:PumpCom.c     ****            response = UART_1_ReadRxData();
  90              		.loc 1 40 0 is_stmt 1
  91 005a FFF7FEFF 		bl	UART_1_ReadRxData
  92 005e 0346     		mov	r3, r0
  93 0060 BB71     		strb	r3, [r7, #6]
  41:PumpCom.c     ****            side.a.dir=x;	
  94              		.loc 1 41 0
  95 0062 404A     		ldr	r2, .L13
  96 0064 FB79     		ldrb	r3, [r7, #7]
  97 0066 1370     		strb	r3, [r2]
  42:PumpCom.c     ****            UART_1_ClearRxBuffer();
  98              		.loc 1 42 0
  99 0068 FFF7FEFF 		bl	UART_1_ClearRxBuffer
 100              	.L3:
  43:PumpCom.c     ****         }
  44:PumpCom.c     ****         if((UART_1_GetRxBufferSize()>=1)&&(x!=side.a.dir)){
 101              		.loc 1 44 0
 102 006c FFF7FEFF 		bl	UART_1_GetRxBufferSize
 103 0070 0346     		mov	r3, r0
 104 0072 002B     		cmp	r3, #0
 105 0074 0AD0     		beq	.L4
 106              		.loc 1 44 0 is_stmt 0 discriminator 1
 107 0076 3B4B     		ldr	r3, .L13
 108 0078 1B78     		ldrb	r3, [r3]	@ zero_extendqisi2
 109 007a FA79     		ldrb	r2, [r7, #7]	@ zero_extendqisi2
 110 007c 9A42     		cmp	r2, r3
 111 007e 05D0     		beq	.L4
  45:PumpCom.c     ****            side.b.dir=x;
 112              		.loc 1 45 0 is_stmt 1
 113 0080 384A     		ldr	r2, .L13
 114 0082 FB79     		ldrb	r3, [r7, #7]
 115 0084 82F80531 		strb	r3, [r2, #261]
  46:PumpCom.c     ****            UART_1_ClearRxBuffer();
 116              		.loc 1 46 0
 117 0088 FFF7FEFF 		bl	UART_1_ClearRxBuffer
 118              	.L4:
  47:PumpCom.c     ****         }
  48:PumpCom.c     ****         if((UART_1_GetRxBufferSize()>=1)&&(x!=side.a.dir)&&(x!=side.b.dir)){
 119              		.loc 1 48 0
 120 008c FFF7FEFF 		bl	UART_1_GetRxBufferSize
 121 0090 0346     		mov	r3, r0
 122 0092 002B     		cmp	r3, #0
 123 0094 10D0     		beq	.L5
ARM GAS  C:\Users\Diego\AppData\Local\Temp\cc3pomJy.s 			page 4


 124              		.loc 1 48 0 is_stmt 0 discriminator 1
 125 0096 334B     		ldr	r3, .L13
 126 0098 1B78     		ldrb	r3, [r3]	@ zero_extendqisi2
 127 009a FA79     		ldrb	r2, [r7, #7]	@ zero_extendqisi2
 128 009c 9A42     		cmp	r2, r3
 129 009e 0BD0     		beq	.L5
 130              		.loc 1 48 0 discriminator 2
 131 00a0 304B     		ldr	r3, .L13
 132 00a2 93F80531 		ldrb	r3, [r3, #261]	@ zero_extendqisi2
 133 00a6 FA79     		ldrb	r2, [r7, #7]	@ zero_extendqisi2
 134 00a8 9A42     		cmp	r2, r3
 135 00aa 05D0     		beq	.L5
  49:PumpCom.c     ****            side.c.dir=x;
 136              		.loc 1 49 0 is_stmt 1
 137 00ac 2D4A     		ldr	r2, .L13
 138 00ae FB79     		ldrb	r3, [r7, #7]
 139 00b0 82F80A32 		strb	r3, [r2, #522]
  50:PumpCom.c     ****            UART_1_ClearRxBuffer();
 140              		.loc 1 50 0
 141 00b4 FFF7FEFF 		bl	UART_1_ClearRxBuffer
 142              	.L5:
  51:PumpCom.c     ****         }
  52:PumpCom.c     ****         if((UART_1_GetRxBufferSize()>=1)&&(x!=side.a.dir)&&(x!=side.b.dir)&&(x!=side.c.dir)){
 143              		.loc 1 52 0
 144 00b8 FFF7FEFF 		bl	UART_1_GetRxBufferSize
 145 00bc 0346     		mov	r3, r0
 146 00be 002B     		cmp	r3, #0
 147 00c0 16D0     		beq	.L6
 148              		.loc 1 52 0 is_stmt 0 discriminator 1
 149 00c2 284B     		ldr	r3, .L13
 150 00c4 1B78     		ldrb	r3, [r3]	@ zero_extendqisi2
 151 00c6 FA79     		ldrb	r2, [r7, #7]	@ zero_extendqisi2
 152 00c8 9A42     		cmp	r2, r3
 153 00ca 11D0     		beq	.L6
 154              		.loc 1 52 0 discriminator 2
 155 00cc 254B     		ldr	r3, .L13
 156 00ce 93F80531 		ldrb	r3, [r3, #261]	@ zero_extendqisi2
 157 00d2 FA79     		ldrb	r2, [r7, #7]	@ zero_extendqisi2
 158 00d4 9A42     		cmp	r2, r3
 159 00d6 0BD0     		beq	.L6
 160              		.loc 1 52 0 discriminator 3
 161 00d8 224B     		ldr	r3, .L13
 162 00da 93F80A32 		ldrb	r3, [r3, #522]	@ zero_extendqisi2
 163 00de FA79     		ldrb	r2, [r7, #7]	@ zero_extendqisi2
 164 00e0 9A42     		cmp	r2, r3
 165 00e2 05D0     		beq	.L6
  53:PumpCom.c     ****            side.d.dir=x;
 166              		.loc 1 53 0 is_stmt 1
 167 00e4 1F4A     		ldr	r2, .L13
 168 00e6 FB79     		ldrb	r3, [r7, #7]
 169 00e8 82F80F33 		strb	r3, [r2, #783]
  54:PumpCom.c     ****            UART_1_ClearRxBuffer();
 170              		.loc 1 54 0
 171 00ec FFF7FEFF 		bl	UART_1_ClearRxBuffer
 172              	.L6:
  35:PumpCom.c     ****         UART_1_PutChar(x);
 173              		.loc 1 35 0 discriminator 2
ARM GAS  C:\Users\Diego\AppData\Local\Temp\cc3pomJy.s 			page 5


 174 00f0 FB79     		ldrb	r3, [r7, #7]	@ zero_extendqisi2
 175 00f2 0133     		adds	r3, r3, #1
 176 00f4 FB71     		strb	r3, [r7, #7]
 177              	.L2:
  35:PumpCom.c     ****         UART_1_PutChar(x);
 178              		.loc 1 35 0 is_stmt 0 discriminator 1
 179 00f6 FB79     		ldrb	r3, [r7, #7]	@ zero_extendqisi2
 180 00f8 0F2B     		cmp	r3, #15
 181 00fa 9BD9     		bls	.L7
  55:PumpCom.c     ****         }
  56:PumpCom.c     ****     }
  57:PumpCom.c     ****     UART_1_ClearRxBuffer();
 182              		.loc 1 57 0 is_stmt 1
 183 00fc FFF7FEFF 		bl	UART_1_ClearRxBuffer
  58:PumpCom.c     ****     UART_1_ClearTxBuffer();
 184              		.loc 1 58 0
 185 0100 FFF7FEFF 		bl	UART_1_ClearTxBuffer
  59:PumpCom.c     ****     if((side.a.dir!=0xff)&&(side.b.dir!=0xff)){
 186              		.loc 1 59 0
 187 0104 174B     		ldr	r3, .L13
 188 0106 1B78     		ldrb	r3, [r3]	@ zero_extendqisi2
 189 0108 FF2B     		cmp	r3, #255
 190 010a 06D0     		beq	.L8
 191              		.loc 1 59 0 is_stmt 0 discriminator 1
 192 010c 154B     		ldr	r3, .L13
 193 010e 93F80531 		ldrb	r3, [r3, #261]	@ zero_extendqisi2
 194 0112 FF2B     		cmp	r3, #255
 195 0114 01D0     		beq	.L8
  60:PumpCom.c     ****         return 2;
 196              		.loc 1 60 0 is_stmt 1
 197 0116 0223     		movs	r3, #2
 198 0118 20E0     		b	.L9
 199              	.L8:
  61:PumpCom.c     ****     }
  62:PumpCom.c     ****     if((side.a.dir!=0xff)&&(side.b.dir!=0xff)&&(side.c.dir!=0xff)&&(side.d.dir!=0xff)){
 200              		.loc 1 62 0
 201 011a 124B     		ldr	r3, .L13
 202 011c 1B78     		ldrb	r3, [r3]	@ zero_extendqisi2
 203 011e FF2B     		cmp	r3, #255
 204 0120 10D0     		beq	.L10
 205              		.loc 1 62 0 is_stmt 0 discriminator 1
 206 0122 104B     		ldr	r3, .L13
 207 0124 93F80531 		ldrb	r3, [r3, #261]	@ zero_extendqisi2
 208 0128 FF2B     		cmp	r3, #255
 209 012a 0BD0     		beq	.L10
 210              		.loc 1 62 0 discriminator 2
 211 012c 0D4B     		ldr	r3, .L13
 212 012e 93F80A32 		ldrb	r3, [r3, #522]	@ zero_extendqisi2
 213 0132 FF2B     		cmp	r3, #255
 214 0134 06D0     		beq	.L10
 215              		.loc 1 62 0 discriminator 3
 216 0136 0B4B     		ldr	r3, .L13
 217 0138 93F80F33 		ldrb	r3, [r3, #783]	@ zero_extendqisi2
 218 013c FF2B     		cmp	r3, #255
 219 013e 01D0     		beq	.L10
  63:PumpCom.c     ****         return 4;
 220              		.loc 1 63 0 is_stmt 1
ARM GAS  C:\Users\Diego\AppData\Local\Temp\cc3pomJy.s 			page 6


 221 0140 0423     		movs	r3, #4
 222 0142 0BE0     		b	.L9
 223              	.L10:
  64:PumpCom.c     ****     }else{
  65:PumpCom.c     ****         if((side.a.dir!=0xff)||(side.b.dir!=0xff)){
 224              		.loc 1 65 0
 225 0144 074B     		ldr	r3, .L13
 226 0146 1B78     		ldrb	r3, [r3]	@ zero_extendqisi2
 227 0148 FF2B     		cmp	r3, #255
 228 014a 04D1     		bne	.L11
 229              		.loc 1 65 0 is_stmt 0 discriminator 1
 230 014c 054B     		ldr	r3, .L13
 231 014e 93F80531 		ldrb	r3, [r3, #261]	@ zero_extendqisi2
 232 0152 FF2B     		cmp	r3, #255
 233 0154 01D0     		beq	.L12
 234              	.L11:
  66:PumpCom.c     ****             return 1;
 235              		.loc 1 66 0 is_stmt 1
 236 0156 0123     		movs	r3, #1
 237 0158 00E0     		b	.L9
 238              	.L12:
  67:PumpCom.c     ****         }else{
  68:PumpCom.c     ****             return 0;
 239              		.loc 1 68 0
 240 015a 0023     		movs	r3, #0
 241              	.L9:
  69:PumpCom.c     ****         }
  70:PumpCom.c     ****     }
  71:PumpCom.c     ****     EnablePin_Write (0u);
  72:PumpCom.c     **** }
 242              		.loc 1 72 0
 243 015c 1846     		mov	r0, r3
 244 015e 0837     		adds	r7, r7, #8
 245              		.cfi_def_cfa_offset 8
 246 0160 BD46     		mov	sp, r7
 247              		.cfi_def_cfa_register 13
 248              		@ sp needed
 249 0162 80BD     		pop	{r7, pc}
 250              	.L14:
 251              		.align	2
 252              	.L13:
 253 0164 00000000 		.word	side
 254              		.cfi_endproc
 255              	.LFE63:
 256              		.size	GetAddress, .-GetAddress
 257              		.section	.text.PumpState,"ax",%progbits
 258              		.align	2
 259              		.global	PumpState
 260              		.thumb
 261              		.thumb_func
 262              		.type	PumpState, %function
 263              	PumpState:
 264              	.LFB64:
  73:PumpCom.c     **** 
  74:PumpCom.c     **** 
  75:PumpCom.c     **** 
  76:PumpCom.c     **** 
ARM GAS  C:\Users\Diego\AppData\Local\Temp\cc3pomJy.s 			page 7


  77:PumpCom.c     **** /*******************************************************************************
  78:PumpCom.c     **** * Function Name: PollPump
  79:PumpCom.c     **** ********************************************************************************
  80:PumpCom.c     **** *
  81:PumpCom.c     **** *
  82:PumpCom.c     **** *******************************************************************************/
  83:PumpCom.c     **** 
  84:PumpCom.c     **** uint8 PumpState(uint8 address)
  85:PumpCom.c     **** {    
 265              		.loc 1 85 0
 266              		.cfi_startproc
 267              		@ args = 0, pretend = 0, frame = 8
 268              		@ frame_needed = 1, uses_anonymous_args = 0
 269 0000 80B5     		push	{r7, lr}
 270              		.cfi_def_cfa_offset 8
 271              		.cfi_offset 7, -8
 272              		.cfi_offset 14, -4
 273 0002 82B0     		sub	sp, sp, #8
 274              		.cfi_def_cfa_offset 16
 275 0004 00AF     		add	r7, sp, #0
 276              		.cfi_def_cfa_register 7
 277 0006 0346     		mov	r3, r0
 278 0008 FB71     		strb	r3, [r7, #7]
  86:PumpCom.c     ****     UART_1_PutChar((0x50+address));
 279              		.loc 1 86 0
 280 000a FB79     		ldrb	r3, [r7, #7]
 281 000c 5033     		adds	r3, r3, #80
 282 000e DBB2     		uxtb	r3, r3
 283 0010 1846     		mov	r0, r3
 284 0012 FFF7FEFF 		bl	UART_1_PutChar
  87:PumpCom.c     ****     UART_1_PutChar(0x20);
 285              		.loc 1 87 0
 286 0016 2020     		movs	r0, #32
 287 0018 FFF7FEFF 		bl	UART_1_PutChar
  88:PumpCom.c     ****     UART_1_PutChar(0xFA);
 288              		.loc 1 88 0
 289 001c FA20     		movs	r0, #250
 290 001e FFF7FEFF 		bl	UART_1_PutChar
  89:PumpCom.c     ****     CyDelay(50);
 291              		.loc 1 89 0
 292 0022 3220     		movs	r0, #50
 293 0024 FFF7FEFF 		bl	CyDelay
  90:PumpCom.c     ****     if(UART_1_GetRxBufferSize()>=1){
 294              		.loc 1 90 0
 295 0028 FFF7FEFF 		bl	UART_1_GetRxBufferSize
 296 002c 0346     		mov	r3, r0
 297 002e 002B     		cmp	r3, #0
 298 0030 0DD0     		beq	.L16
  91:PumpCom.c     ****        CurrentState=(UART_1_ReadRxData()&0xF0)>>4;
 299              		.loc 1 91 0
 300 0032 FFF7FEFF 		bl	UART_1_ReadRxData
 301 0036 0346     		mov	r3, r0
 302 0038 03F0F003 		and	r3, r3, #240
 303 003c 1B11     		asrs	r3, r3, #4
 304 003e DAB2     		uxtb	r2, r3
 305 0040 054B     		ldr	r3, .L18
 306 0042 1A70     		strb	r2, [r3]
ARM GAS  C:\Users\Diego\AppData\Local\Temp\cc3pomJy.s 			page 8


  92:PumpCom.c     ****        UART_1_ClearRxBuffer();
 307              		.loc 1 92 0
 308 0044 FFF7FEFF 		bl	UART_1_ClearRxBuffer
  93:PumpCom.c     ****        return CurrentState;
 309              		.loc 1 93 0
 310 0048 034B     		ldr	r3, .L18
 311 004a 1B78     		ldrb	r3, [r3]	@ zero_extendqisi2
 312 004c 00E0     		b	.L17
 313              	.L16:
  94:PumpCom.c     ****     }
  95:PumpCom.c     ****     else{
  96:PumpCom.c     ****         return 0;
 314              		.loc 1 96 0
 315 004e 0023     		movs	r3, #0
 316              	.L17:
  97:PumpCom.c     ****     }
  98:PumpCom.c     **** }...
 317              		.loc 1 98 0
 318 0050 1846     		mov	r0, r3
 319 0052 0837     		adds	r7, r7, #8
 320              		.cfi_def_cfa_offset 8
 321 0054 BD46     		mov	sp, r7
 322              		.cfi_def_cfa_register 13
 323              		@ sp needed
 324 0056 80BD     		pop	{r7, pc}
 325              	.L19:
 326              		.align	2
 327              	.L18:
 328 0058 00000000 		.word	CurrentState
 329              		.cfi_endproc
 330              	.LFE64:
 331              		.size	PumpState, .-PumpState
 332              		.text
 333              	.Letext0:
 334              		.file 2 "c:\\program files (x86)\\cypress\\psoc creator\\4.2\\psoc creator\\import\\gnu\\arm\\5.4.
 335              		.file 3 "c:\\program files (x86)\\cypress\\psoc creator\\4.2\\psoc creator\\import\\gnu\\arm\\5.4.
 336              		.file 4 "Generated_Source\\PSoC5/cytypes.h"
 337              		.file 5 "./GVar.h"
 338              		.file 6 "Generated_Source\\PSoC5/core_cm3.h"
 339              		.section	.debug_info,"",%progbits
 340              	.Ldebug_info0:
 341 0000 64020000 		.4byte	0x264
 342 0004 0400     		.2byte	0x4
 343 0006 00000000 		.4byte	.Ldebug_abbrev0
 344 000a 04       		.byte	0x4
 345 000b 01       		.uleb128 0x1
 346 000c 00000000 		.4byte	.LASF35
 347 0010 0C       		.byte	0xc
 348 0011 19010000 		.4byte	.LASF36
 349 0015 0F020000 		.4byte	.LASF37
 350 0019 00000000 		.4byte	.Ldebug_ranges0+0
 351 001d 00000000 		.4byte	0
 352 0021 00000000 		.4byte	.Ldebug_line0
 353 0025 02       		.uleb128 0x2
 354 0026 01       		.byte	0x1
 355 0027 06       		.byte	0x6
 356 0028 DE010000 		.4byte	.LASF0
ARM GAS  C:\Users\Diego\AppData\Local\Temp\cc3pomJy.s 			page 9


 357 002c 02       		.uleb128 0x2
 358 002d 01       		.byte	0x1
 359 002e 08       		.byte	0x8
 360 002f D4000000 		.4byte	.LASF1
 361 0033 02       		.uleb128 0x2
 362 0034 02       		.byte	0x2
 363 0035 05       		.byte	0x5
 364 0036 B9010000 		.4byte	.LASF2
 365 003a 02       		.uleb128 0x2
 366 003b 02       		.byte	0x2
 367 003c 07       		.byte	0x7
 368 003d F4000000 		.4byte	.LASF3
 369 0041 03       		.uleb128 0x3
 370 0042 A3000000 		.4byte	.LASF9
 371 0046 02       		.byte	0x2
 372 0047 3F       		.byte	0x3f
 373 0048 4C000000 		.4byte	0x4c
 374 004c 02       		.uleb128 0x2
 375 004d 04       		.byte	0x4
 376 004e 05       		.byte	0x5
 377 004f C9010000 		.4byte	.LASF4
 378 0053 02       		.uleb128 0x2
 379 0054 04       		.byte	0x4
 380 0055 07       		.byte	0x7
 381 0056 E2000000 		.4byte	.LASF5
 382 005a 02       		.uleb128 0x2
 383 005b 08       		.byte	0x8
 384 005c 05       		.byte	0x5
 385 005d 92010000 		.4byte	.LASF6
 386 0061 02       		.uleb128 0x2
 387 0062 08       		.byte	0x8
 388 0063 07       		.byte	0x7
 389 0064 5C010000 		.4byte	.LASF7
 390 0068 04       		.uleb128 0x4
 391 0069 04       		.byte	0x4
 392 006a 05       		.byte	0x5
 393 006b 696E7400 		.ascii	"int\000"
 394 006f 02       		.uleb128 0x2
 395 0070 04       		.byte	0x4
 396 0071 07       		.byte	0x7
 397 0072 47010000 		.4byte	.LASF8
 398 0076 03       		.uleb128 0x3
 399 0077 7C010000 		.4byte	.LASF10
 400 007b 03       		.byte	0x3
 401 007c 2C       		.byte	0x2c
 402 007d 41000000 		.4byte	0x41
 403 0081 05       		.uleb128 0x5
 404 0082 C3010000 		.4byte	.LASF11
 405 0086 04       		.byte	0x4
 406 0087 E401     		.2byte	0x1e4
 407 0089 2C000000 		.4byte	0x2c
 408 008d 05       		.uleb128 0x5
 409 008e 23010000 		.4byte	.LASF12
 410 0092 04       		.byte	0x4
 411 0093 E501     		.2byte	0x1e5
 412 0095 3A000000 		.4byte	0x3a
 413 0099 02       		.uleb128 0x2
ARM GAS  C:\Users\Diego\AppData\Local\Temp\cc3pomJy.s 			page 10


 414 009a 04       		.byte	0x4
 415 009b 04       		.byte	0x4
 416 009c C6000000 		.4byte	.LASF13
 417 00a0 02       		.uleb128 0x2
 418 00a1 08       		.byte	0x8
 419 00a2 04       		.byte	0x4
 420 00a3 12010000 		.4byte	.LASF14
 421 00a7 02       		.uleb128 0x2
 422 00a8 01       		.byte	0x1
 423 00a9 08       		.byte	0x8
 424 00aa A0010000 		.4byte	.LASF15
 425 00ae 02       		.uleb128 0x2
 426 00af 08       		.byte	0x8
 427 00b0 04       		.byte	0x4
 428 00b1 D2010000 		.4byte	.LASF16
 429 00b5 02       		.uleb128 0x2
 430 00b6 04       		.byte	0x4
 431 00b7 07       		.byte	0x7
 432 00b8 84010000 		.4byte	.LASF17
 433 00bc 06       		.uleb128 0x6
 434 00bd 2A010000 		.4byte	.LASF25
 435 00c1 0501     		.2byte	0x105
 436 00c3 05       		.byte	0x5
 437 00c4 1B       		.byte	0x1b
 438 00c5 2B010000 		.4byte	0x12b
 439 00c9 07       		.uleb128 0x7
 440 00ca 64697200 		.ascii	"dir\000"
 441 00ce 05       		.byte	0x5
 442 00cf 1C       		.byte	0x1c
 443 00d0 81000000 		.4byte	0x81
 444 00d4 00       		.byte	0
 445 00d5 08       		.uleb128 0x8
 446 00d6 AC010000 		.4byte	.LASF18
 447 00da 05       		.byte	0x5
 448 00db 1D       		.byte	0x1d
 449 00dc 2B010000 		.4byte	0x12b
 450 00e0 01       		.byte	0x1
 451 00e1 08       		.uleb128 0x8
 452 00e2 8E000000 		.4byte	.LASF19
 453 00e6 05       		.byte	0x5
 454 00e7 1E       		.byte	0x1e
 455 00e8 47010000 		.4byte	0x147
 456 00ec B5       		.byte	0xb5
 457 00ed 08       		.uleb128 0x8
 458 00ee B2000000 		.4byte	.LASF20
 459 00f2 05       		.byte	0x5
 460 00f3 1F       		.byte	0x1f
 461 00f4 5D010000 		.4byte	0x15d
 462 00f8 D5       		.byte	0xd5
 463 00f9 08       		.uleb128 0x8
 464 00fa 98000000 		.4byte	.LASF21
 465 00fe 05       		.byte	0x5
 466 00ff 20       		.byte	0x20
 467 0100 5D010000 		.4byte	0x15d
 468 0104 E3       		.byte	0xe3
 469 0105 08       		.uleb128 0x8
 470 0106 CC000000 		.4byte	.LASF22
ARM GAS  C:\Users\Diego\AppData\Local\Temp\cc3pomJy.s 			page 11


 471 010a 05       		.byte	0x5
 472 010b 21       		.byte	0x21
 473 010c 5D010000 		.4byte	0x15d
 474 0110 F1       		.byte	0xf1
 475 0111 08       		.uleb128 0x8
 476 0112 03020000 		.4byte	.LASF23
 477 0116 05       		.byte	0x5
 478 0117 22       		.byte	0x22
 479 0118 81000000 		.4byte	0x81
 480 011c FF       		.byte	0xff
 481 011d 09       		.uleb128 0x9
 482 011e A5010000 		.4byte	.LASF24
 483 0122 05       		.byte	0x5
 484 0123 23       		.byte	0x23
 485 0124 6D010000 		.4byte	0x16d
 486 0128 0001     		.2byte	0x100
 487 012a 00       		.byte	0
 488 012b 0A       		.uleb128 0xa
 489 012c 81000000 		.4byte	0x81
 490 0130 47010000 		.4byte	0x147
 491 0134 0B       		.uleb128 0xb
 492 0135 B5000000 		.4byte	0xb5
 493 0139 03       		.byte	0x3
 494 013a 0B       		.uleb128 0xb
 495 013b B5000000 		.4byte	0xb5
 496 013f 02       		.byte	0x2
 497 0140 0B       		.uleb128 0xb
 498 0141 B5000000 		.4byte	0xb5
 499 0145 0E       		.byte	0xe
 500 0146 00       		.byte	0
 501 0147 0A       		.uleb128 0xa
 502 0148 81000000 		.4byte	0x81
 503 014c 5D010000 		.4byte	0x15d
 504 0150 0B       		.uleb128 0xb
 505 0151 B5000000 		.4byte	0xb5
 506 0155 03       		.byte	0x3
 507 0156 0B       		.uleb128 0xb
 508 0157 B5000000 		.4byte	0xb5
 509 015b 07       		.byte	0x7
 510 015c 00       		.byte	0
 511 015d 0A       		.uleb128 0xa
 512 015e 81000000 		.4byte	0x81
 513 0162 6D010000 		.4byte	0x16d
 514 0166 0B       		.uleb128 0xb
 515 0167 B5000000 		.4byte	0xb5
 516 016b 0D       		.byte	0xd
 517 016c 00       		.byte	0
 518 016d 0A       		.uleb128 0xa
 519 016e 81000000 		.4byte	0x81
 520 0172 7D010000 		.4byte	0x17d
 521 0176 0B       		.uleb128 0xb
 522 0177 B5000000 		.4byte	0xb5
 523 017b 04       		.byte	0x4
 524 017c 00       		.byte	0
 525 017d 06       		.uleb128 0x6
 526 017e AD000000 		.4byte	.LASF26
 527 0182 1404     		.2byte	0x414
ARM GAS  C:\Users\Diego\AppData\Local\Temp\cc3pomJy.s 			page 12


 528 0184 05       		.byte	0x5
 529 0185 27       		.byte	0x27
 530 0186 B6010000 		.4byte	0x1b6
 531 018a 07       		.uleb128 0x7
 532 018b 6100     		.ascii	"a\000"
 533 018d 05       		.byte	0x5
 534 018e 28       		.byte	0x28
 535 018f BC000000 		.4byte	0xbc
 536 0193 00       		.byte	0
 537 0194 0C       		.uleb128 0xc
 538 0195 6200     		.ascii	"b\000"
 539 0197 05       		.byte	0x5
 540 0198 29       		.byte	0x29
 541 0199 BC000000 		.4byte	0xbc
 542 019d 0501     		.2byte	0x105
 543 019f 0C       		.uleb128 0xc
 544 01a0 6300     		.ascii	"c\000"
 545 01a2 05       		.byte	0x5
 546 01a3 2A       		.byte	0x2a
 547 01a4 BC000000 		.4byte	0xbc
 548 01a8 0A02     		.2byte	0x20a
 549 01aa 0C       		.uleb128 0xc
 550 01ab 6400     		.ascii	"d\000"
 551 01ad 05       		.byte	0x5
 552 01ae 2B       		.byte	0x2b
 553 01af BC000000 		.4byte	0xbc
 554 01b3 0F03     		.2byte	0x30f
 555 01b5 00       		.byte	0
 556 01b6 0D       		.uleb128 0xd
 557 01b7 07010000 		.4byte	.LASF28
 558 01bb 01       		.byte	0x1
 559 01bc 1A       		.byte	0x1a
 560 01bd 81000000 		.4byte	0x81
 561 01c1 00000000 		.4byte	.LFB63
 562 01c5 68010000 		.4byte	.LFE63-.LFB63
 563 01c9 01       		.uleb128 0x1
 564 01ca 9C       		.byte	0x9c
 565 01cb EA010000 		.4byte	0x1ea
 566 01cf 0E       		.uleb128 0xe
 567 01d0 7800     		.ascii	"x\000"
 568 01d2 01       		.byte	0x1
 569 01d3 1B       		.byte	0x1b
 570 01d4 81000000 		.4byte	0x81
 571 01d8 02       		.uleb128 0x2
 572 01d9 91       		.byte	0x91
 573 01da 77       		.sleb128 -9
 574 01db 0F       		.uleb128 0xf
 575 01dc 73010000 		.4byte	.LASF27
 576 01e0 01       		.byte	0x1
 577 01e1 1C       		.byte	0x1c
 578 01e2 81000000 		.4byte	0x81
 579 01e6 02       		.uleb128 0x2
 580 01e7 91       		.byte	0x91
 581 01e8 76       		.sleb128 -10
 582 01e9 00       		.byte	0
 583 01ea 0D       		.uleb128 0xd
 584 01eb BC000000 		.4byte	.LASF29
ARM GAS  C:\Users\Diego\AppData\Local\Temp\cc3pomJy.s 			page 13


 585 01ef 01       		.byte	0x1
 586 01f0 54       		.byte	0x54
 587 01f1 81000000 		.4byte	0x81
 588 01f5 00000000 		.4byte	.LFB64
 589 01f9 5C000000 		.4byte	.LFE64-.LFB64
 590 01fd 01       		.uleb128 0x1
 591 01fe 9C       		.byte	0x9c
 592 01ff 12020000 		.4byte	0x212
 593 0203 10       		.uleb128 0x10
 594 0204 54010000 		.4byte	.LASF38
 595 0208 01       		.byte	0x1
 596 0209 54       		.byte	0x54
 597 020a 81000000 		.4byte	0x81
 598 020e 02       		.uleb128 0x2
 599 020f 91       		.byte	0x91
 600 0210 77       		.sleb128 -9
 601 0211 00       		.byte	0
 602 0212 11       		.uleb128 0x11
 603 0213 33010000 		.4byte	.LASF30
 604 0217 06       		.byte	0x6
 605 0218 1207     		.2byte	0x712
 606 021a 1E020000 		.4byte	0x21e
 607 021e 12       		.uleb128 0x12
 608 021f 76000000 		.4byte	0x76
 609 0223 13       		.uleb128 0x13
 610 0224 F7010000 		.4byte	.LASF31
 611 0228 05       		.byte	0x5
 612 0229 10       		.byte	0x10
 613 022a 8D000000 		.4byte	0x8d
 614 022e 05       		.uleb128 0x5
 615 022f 03       		.byte	0x3
 616 0230 00000000 		.4byte	PollCounter
 617 0234 13       		.uleb128 0x13
 618 0235 EA010000 		.4byte	.LASF32
 619 0239 05       		.byte	0x5
 620 023a 11       		.byte	0x11
 621 023b 81000000 		.4byte	0x81
 622 023f 05       		.uleb128 0x5
 623 0240 03       		.byte	0x3
 624 0241 00000000 		.4byte	CurrentState
 625 0245 13       		.uleb128 0x13
 626 0246 8D010000 		.4byte	.LASF33
 627 024a 05       		.byte	0x5
 628 024b 2E       		.byte	0x2e
 629 024c 7D010000 		.4byte	0x17d
 630 0250 05       		.uleb128 0x5
 631 0251 03       		.byte	0x3
 632 0252 00000000 		.4byte	side
 633 0256 13       		.uleb128 0x13
 634 0257 40010000 		.4byte	.LASF34
 635 025b 05       		.byte	0x5
 636 025c 38       		.byte	0x38
 637 025d 81000000 		.4byte	0x81
 638 0261 05       		.uleb128 0x5
 639 0262 03       		.byte	0x3
 640 0263 00000000 		.4byte	dirGbr
 641 0267 00       		.byte	0
ARM GAS  C:\Users\Diego\AppData\Local\Temp\cc3pomJy.s 			page 14


 642              		.section	.debug_abbrev,"",%progbits
 643              	.Ldebug_abbrev0:
 644 0000 01       		.uleb128 0x1
 645 0001 11       		.uleb128 0x11
 646 0002 01       		.byte	0x1
 647 0003 25       		.uleb128 0x25
 648 0004 0E       		.uleb128 0xe
 649 0005 13       		.uleb128 0x13
 650 0006 0B       		.uleb128 0xb
 651 0007 03       		.uleb128 0x3
 652 0008 0E       		.uleb128 0xe
 653 0009 1B       		.uleb128 0x1b
 654 000a 0E       		.uleb128 0xe
 655 000b 55       		.uleb128 0x55
 656 000c 17       		.uleb128 0x17
 657 000d 11       		.uleb128 0x11
 658 000e 01       		.uleb128 0x1
 659 000f 10       		.uleb128 0x10
 660 0010 17       		.uleb128 0x17
 661 0011 00       		.byte	0
 662 0012 00       		.byte	0
 663 0013 02       		.uleb128 0x2
 664 0014 24       		.uleb128 0x24
 665 0015 00       		.byte	0
 666 0016 0B       		.uleb128 0xb
 667 0017 0B       		.uleb128 0xb
 668 0018 3E       		.uleb128 0x3e
 669 0019 0B       		.uleb128 0xb
 670 001a 03       		.uleb128 0x3
 671 001b 0E       		.uleb128 0xe
 672 001c 00       		.byte	0
 673 001d 00       		.byte	0
 674 001e 03       		.uleb128 0x3
 675 001f 16       		.uleb128 0x16
 676 0020 00       		.byte	0
 677 0021 03       		.uleb128 0x3
 678 0022 0E       		.uleb128 0xe
 679 0023 3A       		.uleb128 0x3a
 680 0024 0B       		.uleb128 0xb
 681 0025 3B       		.uleb128 0x3b
 682 0026 0B       		.uleb128 0xb
 683 0027 49       		.uleb128 0x49
 684 0028 13       		.uleb128 0x13
 685 0029 00       		.byte	0
 686 002a 00       		.byte	0
 687 002b 04       		.uleb128 0x4
 688 002c 24       		.uleb128 0x24
 689 002d 00       		.byte	0
 690 002e 0B       		.uleb128 0xb
 691 002f 0B       		.uleb128 0xb
 692 0030 3E       		.uleb128 0x3e
 693 0031 0B       		.uleb128 0xb
 694 0032 03       		.uleb128 0x3
 695 0033 08       		.uleb128 0x8
 696 0034 00       		.byte	0
 697 0035 00       		.byte	0
 698 0036 05       		.uleb128 0x5
ARM GAS  C:\Users\Diego\AppData\Local\Temp\cc3pomJy.s 			page 15


 699 0037 16       		.uleb128 0x16
 700 0038 00       		.byte	0
 701 0039 03       		.uleb128 0x3
 702 003a 0E       		.uleb128 0xe
 703 003b 3A       		.uleb128 0x3a
 704 003c 0B       		.uleb128 0xb
 705 003d 3B       		.uleb128 0x3b
 706 003e 05       		.uleb128 0x5
 707 003f 49       		.uleb128 0x49
 708 0040 13       		.uleb128 0x13
 709 0041 00       		.byte	0
 710 0042 00       		.byte	0
 711 0043 06       		.uleb128 0x6
 712 0044 13       		.uleb128 0x13
 713 0045 01       		.byte	0x1
 714 0046 03       		.uleb128 0x3
 715 0047 0E       		.uleb128 0xe
 716 0048 0B       		.uleb128 0xb
 717 0049 05       		.uleb128 0x5
 718 004a 3A       		.uleb128 0x3a
 719 004b 0B       		.uleb128 0xb
 720 004c 3B       		.uleb128 0x3b
 721 004d 0B       		.uleb128 0xb
 722 004e 01       		.uleb128 0x1
 723 004f 13       		.uleb128 0x13
 724 0050 00       		.byte	0
 725 0051 00       		.byte	0
 726 0052 07       		.uleb128 0x7
 727 0053 0D       		.uleb128 0xd
 728 0054 00       		.byte	0
 729 0055 03       		.uleb128 0x3
 730 0056 08       		.uleb128 0x8
 731 0057 3A       		.uleb128 0x3a
 732 0058 0B       		.uleb128 0xb
 733 0059 3B       		.uleb128 0x3b
 734 005a 0B       		.uleb128 0xb
 735 005b 49       		.uleb128 0x49
 736 005c 13       		.uleb128 0x13
 737 005d 38       		.uleb128 0x38
 738 005e 0B       		.uleb128 0xb
 739 005f 00       		.byte	0
 740 0060 00       		.byte	0
 741 0061 08       		.uleb128 0x8
 742 0062 0D       		.uleb128 0xd
 743 0063 00       		.byte	0
 744 0064 03       		.uleb128 0x3
 745 0065 0E       		.uleb128 0xe
 746 0066 3A       		.uleb128 0x3a
 747 0067 0B       		.uleb128 0xb
 748 0068 3B       		.uleb128 0x3b
 749 0069 0B       		.uleb128 0xb
 750 006a 49       		.uleb128 0x49
 751 006b 13       		.uleb128 0x13
 752 006c 38       		.uleb128 0x38
 753 006d 0B       		.uleb128 0xb
 754 006e 00       		.byte	0
 755 006f 00       		.byte	0
ARM GAS  C:\Users\Diego\AppData\Local\Temp\cc3pomJy.s 			page 16


 756 0070 09       		.uleb128 0x9
 757 0071 0D       		.uleb128 0xd
 758 0072 00       		.byte	0
 759 0073 03       		.uleb128 0x3
 760 0074 0E       		.uleb128 0xe
 761 0075 3A       		.uleb128 0x3a
 762 0076 0B       		.uleb128 0xb
 763 0077 3B       		.uleb128 0x3b
 764 0078 0B       		.uleb128 0xb
 765 0079 49       		.uleb128 0x49
 766 007a 13       		.uleb128 0x13
 767 007b 38       		.uleb128 0x38
 768 007c 05       		.uleb128 0x5
 769 007d 00       		.byte	0
 770 007e 00       		.byte	0
 771 007f 0A       		.uleb128 0xa
 772 0080 01       		.uleb128 0x1
 773 0081 01       		.byte	0x1
 774 0082 49       		.uleb128 0x49
 775 0083 13       		.uleb128 0x13
 776 0084 01       		.uleb128 0x1
 777 0085 13       		.uleb128 0x13
 778 0086 00       		.byte	0
 779 0087 00       		.byte	0
 780 0088 0B       		.uleb128 0xb
 781 0089 21       		.uleb128 0x21
 782 008a 00       		.byte	0
 783 008b 49       		.uleb128 0x49
 784 008c 13       		.uleb128 0x13
 785 008d 2F       		.uleb128 0x2f
 786 008e 0B       		.uleb128 0xb
 787 008f 00       		.byte	0
 788 0090 00       		.byte	0
 789 0091 0C       		.uleb128 0xc
 790 0092 0D       		.uleb128 0xd
 791 0093 00       		.byte	0
 792 0094 03       		.uleb128 0x3
 793 0095 08       		.uleb128 0x8
 794 0096 3A       		.uleb128 0x3a
 795 0097 0B       		.uleb128 0xb
 796 0098 3B       		.uleb128 0x3b
 797 0099 0B       		.uleb128 0xb
 798 009a 49       		.uleb128 0x49
 799 009b 13       		.uleb128 0x13
 800 009c 38       		.uleb128 0x38
 801 009d 05       		.uleb128 0x5
 802 009e 00       		.byte	0
 803 009f 00       		.byte	0
 804 00a0 0D       		.uleb128 0xd
 805 00a1 2E       		.uleb128 0x2e
 806 00a2 01       		.byte	0x1
 807 00a3 3F       		.uleb128 0x3f
 808 00a4 19       		.uleb128 0x19
 809 00a5 03       		.uleb128 0x3
 810 00a6 0E       		.uleb128 0xe
 811 00a7 3A       		.uleb128 0x3a
 812 00a8 0B       		.uleb128 0xb
ARM GAS  C:\Users\Diego\AppData\Local\Temp\cc3pomJy.s 			page 17


 813 00a9 3B       		.uleb128 0x3b
 814 00aa 0B       		.uleb128 0xb
 815 00ab 27       		.uleb128 0x27
 816 00ac 19       		.uleb128 0x19
 817 00ad 49       		.uleb128 0x49
 818 00ae 13       		.uleb128 0x13
 819 00af 11       		.uleb128 0x11
 820 00b0 01       		.uleb128 0x1
 821 00b1 12       		.uleb128 0x12
 822 00b2 06       		.uleb128 0x6
 823 00b3 40       		.uleb128 0x40
 824 00b4 18       		.uleb128 0x18
 825 00b5 9642     		.uleb128 0x2116
 826 00b7 19       		.uleb128 0x19
 827 00b8 01       		.uleb128 0x1
 828 00b9 13       		.uleb128 0x13
 829 00ba 00       		.byte	0
 830 00bb 00       		.byte	0
 831 00bc 0E       		.uleb128 0xe
 832 00bd 34       		.uleb128 0x34
 833 00be 00       		.byte	0
 834 00bf 03       		.uleb128 0x3
 835 00c0 08       		.uleb128 0x8
 836 00c1 3A       		.uleb128 0x3a
 837 00c2 0B       		.uleb128 0xb
 838 00c3 3B       		.uleb128 0x3b
 839 00c4 0B       		.uleb128 0xb
 840 00c5 49       		.uleb128 0x49
 841 00c6 13       		.uleb128 0x13
 842 00c7 02       		.uleb128 0x2
 843 00c8 18       		.uleb128 0x18
 844 00c9 00       		.byte	0
 845 00ca 00       		.byte	0
 846 00cb 0F       		.uleb128 0xf
 847 00cc 34       		.uleb128 0x34
 848 00cd 00       		.byte	0
 849 00ce 03       		.uleb128 0x3
 850 00cf 0E       		.uleb128 0xe
 851 00d0 3A       		.uleb128 0x3a
 852 00d1 0B       		.uleb128 0xb
 853 00d2 3B       		.uleb128 0x3b
 854 00d3 0B       		.uleb128 0xb
 855 00d4 49       		.uleb128 0x49
 856 00d5 13       		.uleb128 0x13
 857 00d6 02       		.uleb128 0x2
 858 00d7 18       		.uleb128 0x18
 859 00d8 00       		.byte	0
 860 00d9 00       		.byte	0
 861 00da 10       		.uleb128 0x10
 862 00db 05       		.uleb128 0x5
 863 00dc 00       		.byte	0
 864 00dd 03       		.uleb128 0x3
 865 00de 0E       		.uleb128 0xe
 866 00df 3A       		.uleb128 0x3a
 867 00e0 0B       		.uleb128 0xb
 868 00e1 3B       		.uleb128 0x3b
 869 00e2 0B       		.uleb128 0xb
ARM GAS  C:\Users\Diego\AppData\Local\Temp\cc3pomJy.s 			page 18


 870 00e3 49       		.uleb128 0x49
 871 00e4 13       		.uleb128 0x13
 872 00e5 02       		.uleb128 0x2
 873 00e6 18       		.uleb128 0x18
 874 00e7 00       		.byte	0
 875 00e8 00       		.byte	0
 876 00e9 11       		.uleb128 0x11
 877 00ea 34       		.uleb128 0x34
 878 00eb 00       		.byte	0
 879 00ec 03       		.uleb128 0x3
 880 00ed 0E       		.uleb128 0xe
 881 00ee 3A       		.uleb128 0x3a
 882 00ef 0B       		.uleb128 0xb
 883 00f0 3B       		.uleb128 0x3b
 884 00f1 05       		.uleb128 0x5
 885 00f2 49       		.uleb128 0x49
 886 00f3 13       		.uleb128 0x13
 887 00f4 3F       		.uleb128 0x3f
 888 00f5 19       		.uleb128 0x19
 889 00f6 3C       		.uleb128 0x3c
 890 00f7 19       		.uleb128 0x19
 891 00f8 00       		.byte	0
 892 00f9 00       		.byte	0
 893 00fa 12       		.uleb128 0x12
 894 00fb 35       		.uleb128 0x35
 895 00fc 00       		.byte	0
 896 00fd 49       		.uleb128 0x49
 897 00fe 13       		.uleb128 0x13
 898 00ff 00       		.byte	0
 899 0100 00       		.byte	0
 900 0101 13       		.uleb128 0x13
 901 0102 34       		.uleb128 0x34
 902 0103 00       		.byte	0
 903 0104 03       		.uleb128 0x3
 904 0105 0E       		.uleb128 0xe
 905 0106 3A       		.uleb128 0x3a
 906 0107 0B       		.uleb128 0xb
 907 0108 3B       		.uleb128 0x3b
 908 0109 0B       		.uleb128 0xb
 909 010a 49       		.uleb128 0x49
 910 010b 13       		.uleb128 0x13
 911 010c 3F       		.uleb128 0x3f
 912 010d 19       		.uleb128 0x19
 913 010e 02       		.uleb128 0x2
 914 010f 18       		.uleb128 0x18
 915 0110 00       		.byte	0
 916 0111 00       		.byte	0
 917 0112 00       		.byte	0
 918              		.section	.debug_aranges,"",%progbits
 919 0000 24000000 		.4byte	0x24
 920 0004 0200     		.2byte	0x2
 921 0006 00000000 		.4byte	.Ldebug_info0
 922 000a 04       		.byte	0x4
 923 000b 00       		.byte	0
 924 000c 0000     		.2byte	0
 925 000e 0000     		.2byte	0
 926 0010 00000000 		.4byte	.LFB63
ARM GAS  C:\Users\Diego\AppData\Local\Temp\cc3pomJy.s 			page 19


 927 0014 68010000 		.4byte	.LFE63-.LFB63
 928 0018 00000000 		.4byte	.LFB64
 929 001c 5C000000 		.4byte	.LFE64-.LFB64
 930 0020 00000000 		.4byte	0
 931 0024 00000000 		.4byte	0
 932              		.section	.debug_ranges,"",%progbits
 933              	.Ldebug_ranges0:
 934 0000 00000000 		.4byte	.LFB63
 935 0004 68010000 		.4byte	.LFE63
 936 0008 00000000 		.4byte	.LFB64
 937 000c 5C000000 		.4byte	.LFE64
 938 0010 00000000 		.4byte	0
 939 0014 00000000 		.4byte	0
 940              		.section	.debug_line,"",%progbits
 941              	.Ldebug_line0:
 942 0000 05020000 		.section	.debug_str,"MS",%progbits,1
 942      02005B01 
 942      00000201 
 942      FB0E0D00 
 942      01010101 
 943              	.LASF35:
 944 0000 474E5520 		.ascii	"GNU C11 5.4.1 20160609 (release) [ARM/embedded-5-br"
 944      43313120 
 944      352E342E 
 944      31203230 
 944      31363036 
 945 0033 616E6368 		.ascii	"anch revision 237715] -mcpu=cortex-m3 -mthumb -g -O"
 945      20726576 
 945      6973696F 
 945      6E203233 
 945      37373135 
 946 0066 30202D66 		.ascii	"0 -ffunction-sections -ffat-lto-objects\000"
 946      66756E63 
 946      74696F6E 
 946      2D736563 
 946      74696F6E 
 947              	.LASF19:
 948 008e 7070754E 		.ascii	"ppuNozzle\000"
 948      6F7A7A6C 
 948      6500
 949              	.LASF21:
 950 0098 766F6C75 		.ascii	"volumeSale\000"
 950      6D655361 
 950      6C6500
 951              	.LASF9:
 952 00a3 5F5F696E 		.ascii	"__int32_t\000"
 952      7433325F 
 952      7400
 953              	.LASF26:
 954 00ad 70756D70 		.ascii	"pump\000"
 954      00
 955              	.LASF20:
 956 00b2 6D6F6E65 		.ascii	"moneySale\000"
 956      7953616C 
 956      6500
 957              	.LASF29:
 958 00bc 50756D70 		.ascii	"PumpState\000"
ARM GAS  C:\Users\Diego\AppData\Local\Temp\cc3pomJy.s 			page 20


 958      53746174 
 958      6500
 959              	.LASF13:
 960 00c6 666C6F61 		.ascii	"float\000"
 960      7400
 961              	.LASF22:
 962 00cc 70707553 		.ascii	"ppuSale\000"
 962      616C6500 
 963              	.LASF1:
 964 00d4 756E7369 		.ascii	"unsigned char\000"
 964      676E6564 
 964      20636861 
 964      7200
 965              	.LASF5:
 966 00e2 6C6F6E67 		.ascii	"long unsigned int\000"
 966      20756E73 
 966      69676E65 
 966      6420696E 
 966      7400
 967              	.LASF3:
 968 00f4 73686F72 		.ascii	"short unsigned int\000"
 968      7420756E 
 968      7369676E 
 968      65642069 
 968      6E7400
 969              	.LASF28:
 970 0107 47657441 		.ascii	"GetAddress\000"
 970      64647265 
 970      737300
 971              	.LASF14:
 972 0112 646F7562 		.ascii	"double\000"
 972      6C6500
 973              	.LASF36:
 974 0119 50756D70 		.ascii	"PumpCom.c\000"
 974      436F6D2E 
 974      6300
 975              	.LASF12:
 976 0123 75696E74 		.ascii	"uint16\000"
 976      313600
 977              	.LASF25:
 978 012a 706F7369 		.ascii	"position\000"
 978      74696F6E 
 978      00
 979              	.LASF30:
 980 0133 49544D5F 		.ascii	"ITM_RxBuffer\000"
 980      52784275 
 980      66666572 
 980      00
 981              	.LASF34:
 982 0140 64697247 		.ascii	"dirGbr\000"
 982      627200
 983              	.LASF8:
 984 0147 756E7369 		.ascii	"unsigned int\000"
 984      676E6564 
 984      20696E74 
 984      00
 985              	.LASF38:
ARM GAS  C:\Users\Diego\AppData\Local\Temp\cc3pomJy.s 			page 21


 986 0154 61646472 		.ascii	"address\000"
 986      65737300 
 987              	.LASF7:
 988 015c 6C6F6E67 		.ascii	"long long unsigned int\000"
 988      206C6F6E 
 988      6720756E 
 988      7369676E 
 988      65642069 
 989              	.LASF27:
 990 0173 72657370 		.ascii	"response\000"
 990      6F6E7365 
 990      00
 991              	.LASF10:
 992 017c 696E7433 		.ascii	"int32_t\000"
 992      325F7400 
 993              	.LASF17:
 994 0184 73697A65 		.ascii	"sizetype\000"
 994      74797065 
 994      00
 995              	.LASF33:
 996 018d 73696465 		.ascii	"side\000"
 996      00
 997              	.LASF6:
 998 0192 6C6F6E67 		.ascii	"long long int\000"
 998      206C6F6E 
 998      6720696E 
 998      7400
 999              	.LASF15:
 1000 01a0 63686172 		.ascii	"char\000"
 1000      00
 1001              	.LASF24:
 1002 01a5 73746174 		.ascii	"states\000"
 1002      657300
 1003              	.LASF18:
 1004 01ac 746F7461 		.ascii	"totalsNozzle\000"
 1004      6C734E6F 
 1004      7A7A6C65 
 1004      00
 1005              	.LASF2:
 1006 01b9 73686F72 		.ascii	"short int\000"
 1006      7420696E 
 1006      7400
 1007              	.LASF11:
 1008 01c3 75696E74 		.ascii	"uint8\000"
 1008      3800
 1009              	.LASF4:
 1010 01c9 6C6F6E67 		.ascii	"long int\000"
 1010      20696E74 
 1010      00
 1011              	.LASF16:
 1012 01d2 6C6F6E67 		.ascii	"long double\000"
 1012      20646F75 
 1012      626C6500 
 1013              	.LASF0:
 1014 01de 7369676E 		.ascii	"signed char\000"
 1014      65642063 
 1014      68617200 
ARM GAS  C:\Users\Diego\AppData\Local\Temp\cc3pomJy.s 			page 22


 1015              	.LASF32:
 1016 01ea 43757272 		.ascii	"CurrentState\000"
 1016      656E7453 
 1016      74617465 
 1016      00
 1017              	.LASF31:
 1018 01f7 506F6C6C 		.ascii	"PollCounter\000"
 1018      436F756E 
 1018      74657200 
 1019              	.LASF23:
 1020 0203 70726F64 		.ascii	"productSale\000"
 1020      75637453 
 1020      616C6500 
 1021              	.LASF37:
 1022 020f 433A5C55 		.ascii	"C:\\Users\\Diego\\Documents\\GitHub\\Mepsan\\Mepsan"
 1022      73657273 
 1022      5C446965 
 1022      676F5C44 
 1022      6F63756D 
 1023 023c 2E637964 		.ascii	".cydsn\000"
 1023      736E00
 1024              		.ident	"GCC: (GNU Tools for ARM Embedded Processors) 5.4.1 20160609 (release) [ARM/embedded-5-bran
