ARM GAS  C:\Users\Lenovo\AppData\Local\Temp\ccYSWhIj.s 			page 1


   1              		.syntax unified
   2              		.cpu cortex-m3
   3              		.fpu softvfp
   4              		.eabi_attribute 20, 1
   5              		.eabi_attribute 21, 1
   6              		.eabi_attribute 23, 3
   7              		.eabi_attribute 24, 1
   8              		.eabi_attribute 25, 1
   9              		.eabi_attribute 26, 1
  10              		.eabi_attribute 30, 6
  11              		.eabi_attribute 34, 1
  12              		.eabi_attribute 18, 4
  13              		.thumb
  14              		.syntax unified
  15              		.file	"screen_INT.c"
  16              		.text
  17              	.Ltext0:
  18              		.cfi_sections	.debug_frame
  19              		.section	.text.screen_RXISR,"ax",%progbits
  20              		.align	2
  21              		.global	screen_RXISR
  22              		.thumb
  23              		.thumb_func
  24              		.type	screen_RXISR, %function
  25              	screen_RXISR:
  26              	.LFB0:
  27              		.file 1 "Generated_Source\\PSoC5\\screen_INT.c"
   1:Generated_Source\PSoC5/screen_INT.c **** /*******************************************************************************
   2:Generated_Source\PSoC5/screen_INT.c **** * File Name: screenINT.c
   3:Generated_Source\PSoC5/screen_INT.c **** * Version 2.50
   4:Generated_Source\PSoC5/screen_INT.c **** *
   5:Generated_Source\PSoC5/screen_INT.c **** * Description:
   6:Generated_Source\PSoC5/screen_INT.c **** *  This file provides all Interrupt Service functionality of the UART component
   7:Generated_Source\PSoC5/screen_INT.c **** *
   8:Generated_Source\PSoC5/screen_INT.c **** ********************************************************************************
   9:Generated_Source\PSoC5/screen_INT.c **** * Copyright 2008-2015, Cypress Semiconductor Corporation.  All rights reserved.
  10:Generated_Source\PSoC5/screen_INT.c **** * You may use this file only in accordance with the license, terms, conditions,
  11:Generated_Source\PSoC5/screen_INT.c **** * disclaimers, and limitations in the end user license agreement accompanying
  12:Generated_Source\PSoC5/screen_INT.c **** * the software package with which this file was provided.
  13:Generated_Source\PSoC5/screen_INT.c **** *******************************************************************************/
  14:Generated_Source\PSoC5/screen_INT.c **** 
  15:Generated_Source\PSoC5/screen_INT.c **** #include "screen.h"
  16:Generated_Source\PSoC5/screen_INT.c **** #include "cyapicallbacks.h"
  17:Generated_Source\PSoC5/screen_INT.c **** 
  18:Generated_Source\PSoC5/screen_INT.c **** 
  19:Generated_Source\PSoC5/screen_INT.c **** /***************************************
  20:Generated_Source\PSoC5/screen_INT.c **** * Custom Declarations
  21:Generated_Source\PSoC5/screen_INT.c **** ***************************************/
  22:Generated_Source\PSoC5/screen_INT.c **** /* `#START CUSTOM_DECLARATIONS` Place your declaration here */
  23:Generated_Source\PSoC5/screen_INT.c **** 
  24:Generated_Source\PSoC5/screen_INT.c **** /* `#END` */
  25:Generated_Source\PSoC5/screen_INT.c **** 
  26:Generated_Source\PSoC5/screen_INT.c **** #if (screen_RX_INTERRUPT_ENABLED && (screen_RX_ENABLED || screen_HD_ENABLED))
  27:Generated_Source\PSoC5/screen_INT.c ****     /*******************************************************************************
  28:Generated_Source\PSoC5/screen_INT.c ****     * Function Name: screen_RXISR
  29:Generated_Source\PSoC5/screen_INT.c ****     ********************************************************************************
  30:Generated_Source\PSoC5/screen_INT.c ****     *
ARM GAS  C:\Users\Lenovo\AppData\Local\Temp\ccYSWhIj.s 			page 2


  31:Generated_Source\PSoC5/screen_INT.c ****     * Summary:
  32:Generated_Source\PSoC5/screen_INT.c ****     *  Interrupt Service Routine for RX portion of the UART
  33:Generated_Source\PSoC5/screen_INT.c ****     *
  34:Generated_Source\PSoC5/screen_INT.c ****     * Parameters:
  35:Generated_Source\PSoC5/screen_INT.c ****     *  None.
  36:Generated_Source\PSoC5/screen_INT.c ****     *
  37:Generated_Source\PSoC5/screen_INT.c ****     * Return:
  38:Generated_Source\PSoC5/screen_INT.c ****     *  None.
  39:Generated_Source\PSoC5/screen_INT.c ****     *
  40:Generated_Source\PSoC5/screen_INT.c ****     * Global Variables:
  41:Generated_Source\PSoC5/screen_INT.c ****     *  screen_rxBuffer - RAM buffer pointer for save received data.
  42:Generated_Source\PSoC5/screen_INT.c ****     *  screen_rxBufferWrite - cyclic index for write to rxBuffer,
  43:Generated_Source\PSoC5/screen_INT.c ****     *     increments after each byte saved to buffer.
  44:Generated_Source\PSoC5/screen_INT.c ****     *  screen_rxBufferRead - cyclic index for read from rxBuffer,
  45:Generated_Source\PSoC5/screen_INT.c ****     *     checked to detect overflow condition.
  46:Generated_Source\PSoC5/screen_INT.c ****     *  screen_rxBufferOverflow - software overflow flag. Set to one
  47:Generated_Source\PSoC5/screen_INT.c ****     *     when screen_rxBufferWrite index overtakes
  48:Generated_Source\PSoC5/screen_INT.c ****     *     screen_rxBufferRead index.
  49:Generated_Source\PSoC5/screen_INT.c ****     *  screen_rxBufferLoopDetect - additional variable to detect overflow.
  50:Generated_Source\PSoC5/screen_INT.c ****     *     Set to one when screen_rxBufferWrite is equal to
  51:Generated_Source\PSoC5/screen_INT.c ****     *    screen_rxBufferRead
  52:Generated_Source\PSoC5/screen_INT.c ****     *  screen_rxAddressMode - this variable contains the Address mode,
  53:Generated_Source\PSoC5/screen_INT.c ****     *     selected in customizer or set by UART_SetRxAddressMode() API.
  54:Generated_Source\PSoC5/screen_INT.c ****     *  screen_rxAddressDetected - set to 1 when correct address received,
  55:Generated_Source\PSoC5/screen_INT.c ****     *     and analysed to store following addressed data bytes to the buffer.
  56:Generated_Source\PSoC5/screen_INT.c ****     *     When not correct address received, set to 0 to skip following data bytes.
  57:Generated_Source\PSoC5/screen_INT.c ****     *
  58:Generated_Source\PSoC5/screen_INT.c ****     *******************************************************************************/
  59:Generated_Source\PSoC5/screen_INT.c ****     CY_ISR(screen_RXISR)
  60:Generated_Source\PSoC5/screen_INT.c ****     {
  28              		.loc 1 60 0
  29              		.cfi_startproc
  30              		@ args = 0, pretend = 0, frame = 8
  31              		@ frame_needed = 1, uses_anonymous_args = 0
  32              		@ link register save eliminated.
  33 0000 80B4     		push	{r7}
  34              		.cfi_def_cfa_offset 4
  35              		.cfi_offset 7, -4
  36 0002 83B0     		sub	sp, sp, #12
  37              		.cfi_def_cfa_offset 16
  38 0004 00AF     		add	r7, sp, #0
  39              		.cfi_def_cfa_register 7
  61:Generated_Source\PSoC5/screen_INT.c ****         uint8 readData;
  62:Generated_Source\PSoC5/screen_INT.c ****         uint8 readStatus;
  63:Generated_Source\PSoC5/screen_INT.c ****         uint8 increment_pointer = 0u;
  40              		.loc 1 63 0
  41 0006 0023     		movs	r3, #0
  42 0008 FB71     		strb	r3, [r7, #7]
  43              	.L6:
  64:Generated_Source\PSoC5/screen_INT.c **** 
  65:Generated_Source\PSoC5/screen_INT.c ****     #if(CY_PSOC3)
  66:Generated_Source\PSoC5/screen_INT.c ****         uint8 int_en;
  67:Generated_Source\PSoC5/screen_INT.c ****     #endif /* (CY_PSOC3) */
  68:Generated_Source\PSoC5/screen_INT.c **** 
  69:Generated_Source\PSoC5/screen_INT.c ****     #ifdef screen_RXISR_ENTRY_CALLBACK
  70:Generated_Source\PSoC5/screen_INT.c ****         screen_RXISR_EntryCallback();
  71:Generated_Source\PSoC5/screen_INT.c ****     #endif /* screen_RXISR_ENTRY_CALLBACK */
ARM GAS  C:\Users\Lenovo\AppData\Local\Temp\ccYSWhIj.s 			page 3


  72:Generated_Source\PSoC5/screen_INT.c **** 
  73:Generated_Source\PSoC5/screen_INT.c ****         /* User code required at start of ISR */
  74:Generated_Source\PSoC5/screen_INT.c ****         /* `#START screen_RXISR_START` */
  75:Generated_Source\PSoC5/screen_INT.c **** 
  76:Generated_Source\PSoC5/screen_INT.c ****         /* `#END` */
  77:Generated_Source\PSoC5/screen_INT.c **** 
  78:Generated_Source\PSoC5/screen_INT.c ****     #if(CY_PSOC3)   /* Make sure nested interrupt is enabled */
  79:Generated_Source\PSoC5/screen_INT.c ****         int_en = EA;
  80:Generated_Source\PSoC5/screen_INT.c ****         CyGlobalIntEnable;
  81:Generated_Source\PSoC5/screen_INT.c ****     #endif /* (CY_PSOC3) */
  82:Generated_Source\PSoC5/screen_INT.c **** 
  83:Generated_Source\PSoC5/screen_INT.c ****         do
  84:Generated_Source\PSoC5/screen_INT.c ****         {
  85:Generated_Source\PSoC5/screen_INT.c ****             /* Read receiver status register */
  86:Generated_Source\PSoC5/screen_INT.c ****             readStatus = screen_RXSTATUS_REG;
  44              		.loc 1 86 0
  45 000a 2B4B     		ldr	r3, .L7
  46 000c 1B78     		ldrb	r3, [r3]
  47 000e BB71     		strb	r3, [r7, #6]
  87:Generated_Source\PSoC5/screen_INT.c ****             /* Copy the same status to readData variable for backward compatibility support 
  88:Generated_Source\PSoC5/screen_INT.c ****             *  of the user code in screen_RXISR_ERROR` section. 
  89:Generated_Source\PSoC5/screen_INT.c ****             */
  90:Generated_Source\PSoC5/screen_INT.c ****             readData = readStatus;
  48              		.loc 1 90 0
  49 0010 BB79     		ldrb	r3, [r7, #6]
  50 0012 7B71     		strb	r3, [r7, #5]
  91:Generated_Source\PSoC5/screen_INT.c **** 
  92:Generated_Source\PSoC5/screen_INT.c ****             if((readStatus & (screen_RX_STS_BREAK | 
  93:Generated_Source\PSoC5/screen_INT.c ****                             screen_RX_STS_PAR_ERROR |
  94:Generated_Source\PSoC5/screen_INT.c ****                             screen_RX_STS_STOP_ERROR | 
  95:Generated_Source\PSoC5/screen_INT.c ****                             screen_RX_STS_OVERRUN)) != 0u)
  51              		.loc 1 95 0
  52 0014 BB79     		ldrb	r3, [r7, #6]	@ zero_extendqisi2
  53 0016 03F01E03 		and	r3, r3, #30
  92:Generated_Source\PSoC5/screen_INT.c ****                             screen_RX_STS_PAR_ERROR |
  54              		.loc 1 92 0
  55 001a 002B     		cmp	r3, #0
  56 001c 0CD0     		beq	.L2
  96:Generated_Source\PSoC5/screen_INT.c ****             {
  97:Generated_Source\PSoC5/screen_INT.c ****                 /* ERROR handling. */
  98:Generated_Source\PSoC5/screen_INT.c ****                 screen_errorStatus |= readStatus & ( screen_RX_STS_BREAK | 
  57              		.loc 1 98 0
  58 001e 97F90630 		ldrsb	r3, [r7, #6]
  59 0022 03F01E03 		and	r3, r3, #30
  60 0026 5AB2     		sxtb	r2, r3
  61 0028 244B     		ldr	r3, .L7+4
  62 002a 1B78     		ldrb	r3, [r3]	@ zero_extendqisi2
  63 002c 5BB2     		sxtb	r3, r3
  64 002e 1343     		orrs	r3, r3, r2
  65 0030 5BB2     		sxtb	r3, r3
  66 0032 DAB2     		uxtb	r2, r3
  67 0034 214B     		ldr	r3, .L7+4
  68 0036 1A70     		strb	r2, [r3]
  69              	.L2:
  99:Generated_Source\PSoC5/screen_INT.c ****                                                             screen_RX_STS_PAR_ERROR | 
 100:Generated_Source\PSoC5/screen_INT.c ****                                                             screen_RX_STS_STOP_ERROR | 
 101:Generated_Source\PSoC5/screen_INT.c ****                                                             screen_RX_STS_OVERRUN);
ARM GAS  C:\Users\Lenovo\AppData\Local\Temp\ccYSWhIj.s 			page 4


 102:Generated_Source\PSoC5/screen_INT.c ****                 /* `#START screen_RXISR_ERROR` */
 103:Generated_Source\PSoC5/screen_INT.c **** 
 104:Generated_Source\PSoC5/screen_INT.c ****                 /* `#END` */
 105:Generated_Source\PSoC5/screen_INT.c ****                 
 106:Generated_Source\PSoC5/screen_INT.c ****             #ifdef screen_RXISR_ERROR_CALLBACK
 107:Generated_Source\PSoC5/screen_INT.c ****                 screen_RXISR_ERROR_Callback();
 108:Generated_Source\PSoC5/screen_INT.c ****             #endif /* screen_RXISR_ERROR_CALLBACK */
 109:Generated_Source\PSoC5/screen_INT.c ****             }
 110:Generated_Source\PSoC5/screen_INT.c ****             
 111:Generated_Source\PSoC5/screen_INT.c ****             if((readStatus & screen_RX_STS_FIFO_NOTEMPTY) != 0u)
  70              		.loc 1 111 0
  71 0038 BB79     		ldrb	r3, [r7, #6]	@ zero_extendqisi2
  72 003a 03F02003 		and	r3, r3, #32
  73 003e 002B     		cmp	r3, #0
  74 0040 30D0     		beq	.L3
 112:Generated_Source\PSoC5/screen_INT.c ****             {
 113:Generated_Source\PSoC5/screen_INT.c ****                 /* Read data from the RX data register */
 114:Generated_Source\PSoC5/screen_INT.c ****                 readData = screen_RXDATA_REG;
  75              		.loc 1 114 0
  76 0042 1F4B     		ldr	r3, .L7+8
  77 0044 1B78     		ldrb	r3, [r3]
  78 0046 7B71     		strb	r3, [r7, #5]
 115:Generated_Source\PSoC5/screen_INT.c ****             #if (screen_RXHW_ADDRESS_ENABLED)
 116:Generated_Source\PSoC5/screen_INT.c ****                 if(screen_rxAddressMode == (uint8)screen__B_UART__AM_SW_DETECT_TO_BUFFER)
 117:Generated_Source\PSoC5/screen_INT.c ****                 {
 118:Generated_Source\PSoC5/screen_INT.c ****                     if((readStatus & screen_RX_STS_MRKSPC) != 0u)
 119:Generated_Source\PSoC5/screen_INT.c ****                     {
 120:Generated_Source\PSoC5/screen_INT.c ****                         if ((readStatus & screen_RX_STS_ADDR_MATCH) != 0u)
 121:Generated_Source\PSoC5/screen_INT.c ****                         {
 122:Generated_Source\PSoC5/screen_INT.c ****                             screen_rxAddressDetected = 1u;
 123:Generated_Source\PSoC5/screen_INT.c ****                         }
 124:Generated_Source\PSoC5/screen_INT.c ****                         else
 125:Generated_Source\PSoC5/screen_INT.c ****                         {
 126:Generated_Source\PSoC5/screen_INT.c ****                             screen_rxAddressDetected = 0u;
 127:Generated_Source\PSoC5/screen_INT.c ****                         }
 128:Generated_Source\PSoC5/screen_INT.c ****                     }
 129:Generated_Source\PSoC5/screen_INT.c ****                     if(screen_rxAddressDetected != 0u)
 130:Generated_Source\PSoC5/screen_INT.c ****                     {   /* Store only addressed data */
 131:Generated_Source\PSoC5/screen_INT.c ****                         screen_rxBuffer[screen_rxBufferWrite] = readData;
 132:Generated_Source\PSoC5/screen_INT.c ****                         increment_pointer = 1u;
 133:Generated_Source\PSoC5/screen_INT.c ****                     }
 134:Generated_Source\PSoC5/screen_INT.c ****                 }
 135:Generated_Source\PSoC5/screen_INT.c ****                 else /* Without software addressing */
 136:Generated_Source\PSoC5/screen_INT.c ****                 {
 137:Generated_Source\PSoC5/screen_INT.c ****                     screen_rxBuffer[screen_rxBufferWrite] = readData;
 138:Generated_Source\PSoC5/screen_INT.c ****                     increment_pointer = 1u;
 139:Generated_Source\PSoC5/screen_INT.c ****                 }
 140:Generated_Source\PSoC5/screen_INT.c ****             #else  /* Without addressing */
 141:Generated_Source\PSoC5/screen_INT.c ****                 screen_rxBuffer[screen_rxBufferWrite] = readData;
  79              		.loc 1 141 0
  80 0048 1E4B     		ldr	r3, .L7+12
  81 004a 1B78     		ldrb	r3, [r3]
  82 004c DBB2     		uxtb	r3, r3
  83 004e 1946     		mov	r1, r3
  84 0050 1D4A     		ldr	r2, .L7+16
  85 0052 7B79     		ldrb	r3, [r7, #5]
  86 0054 5354     		strb	r3, [r2, r1]
ARM GAS  C:\Users\Lenovo\AppData\Local\Temp\ccYSWhIj.s 			page 5


 142:Generated_Source\PSoC5/screen_INT.c ****                 increment_pointer = 1u;
  87              		.loc 1 142 0
  88 0056 0123     		movs	r3, #1
  89 0058 FB71     		strb	r3, [r7, #7]
 143:Generated_Source\PSoC5/screen_INT.c ****             #endif /* (screen_RXHW_ADDRESS_ENABLED) */
 144:Generated_Source\PSoC5/screen_INT.c **** 
 145:Generated_Source\PSoC5/screen_INT.c ****                 /* Do not increment buffer pointer when skip not addressed data */
 146:Generated_Source\PSoC5/screen_INT.c ****                 if(increment_pointer != 0u)
  90              		.loc 1 146 0
  91 005a FB79     		ldrb	r3, [r7, #7]	@ zero_extendqisi2
  92 005c 002B     		cmp	r3, #0
  93 005e 21D0     		beq	.L3
 147:Generated_Source\PSoC5/screen_INT.c ****                 {
 148:Generated_Source\PSoC5/screen_INT.c ****                     if(screen_rxBufferLoopDetect != 0u)
  94              		.loc 1 148 0
  95 0060 1A4B     		ldr	r3, .L7+20
  96 0062 1B78     		ldrb	r3, [r3]
  97 0064 DBB2     		uxtb	r3, r3
  98 0066 002B     		cmp	r3, #0
  99 0068 02D0     		beq	.L4
 149:Generated_Source\PSoC5/screen_INT.c ****                     {   /* Set Software Buffer status Overflow */
 150:Generated_Source\PSoC5/screen_INT.c ****                         screen_rxBufferOverflow = 1u;
 100              		.loc 1 150 0
 101 006a 194B     		ldr	r3, .L7+24
 102 006c 0122     		movs	r2, #1
 103 006e 1A70     		strb	r2, [r3]
 104              	.L4:
 151:Generated_Source\PSoC5/screen_INT.c ****                     }
 152:Generated_Source\PSoC5/screen_INT.c ****                     /* Set next pointer. */
 153:Generated_Source\PSoC5/screen_INT.c ****                     screen_rxBufferWrite++;
 105              		.loc 1 153 0
 106 0070 144B     		ldr	r3, .L7+12
 107 0072 1B78     		ldrb	r3, [r3]
 108 0074 DBB2     		uxtb	r3, r3
 109 0076 0133     		adds	r3, r3, #1
 110 0078 DAB2     		uxtb	r2, r3
 111 007a 124B     		ldr	r3, .L7+12
 112 007c 1A70     		strb	r2, [r3]
 154:Generated_Source\PSoC5/screen_INT.c **** 
 155:Generated_Source\PSoC5/screen_INT.c ****                     /* Check pointer for a loop condition */
 156:Generated_Source\PSoC5/screen_INT.c ****                     if(screen_rxBufferWrite >= screen_RX_BUFFER_SIZE)
 113              		.loc 1 156 0
 114 007e 114B     		ldr	r3, .L7+12
 115 0080 1B78     		ldrb	r3, [r3]
 116 0082 DBB2     		uxtb	r3, r3
 117 0084 132B     		cmp	r3, #19
 118 0086 02D9     		bls	.L5
 157:Generated_Source\PSoC5/screen_INT.c ****                     {
 158:Generated_Source\PSoC5/screen_INT.c ****                         screen_rxBufferWrite = 0u;
 119              		.loc 1 158 0
 120 0088 0E4B     		ldr	r3, .L7+12
 121 008a 0022     		movs	r2, #0
 122 008c 1A70     		strb	r2, [r3]
 123              	.L5:
 159:Generated_Source\PSoC5/screen_INT.c ****                     }
 160:Generated_Source\PSoC5/screen_INT.c **** 
 161:Generated_Source\PSoC5/screen_INT.c ****                     /* Detect pre-overload condition and set flag */
ARM GAS  C:\Users\Lenovo\AppData\Local\Temp\ccYSWhIj.s 			page 6


 162:Generated_Source\PSoC5/screen_INT.c ****                     if(screen_rxBufferWrite == screen_rxBufferRead)
 124              		.loc 1 162 0
 125 008e 0D4B     		ldr	r3, .L7+12
 126 0090 1B78     		ldrb	r3, [r3]
 127 0092 DAB2     		uxtb	r2, r3
 128 0094 0F4B     		ldr	r3, .L7+28
 129 0096 1B78     		ldrb	r3, [r3]
 130 0098 DBB2     		uxtb	r3, r3
 131 009a 9A42     		cmp	r2, r3
 132 009c 02D1     		bne	.L3
 163:Generated_Source\PSoC5/screen_INT.c ****                     {
 164:Generated_Source\PSoC5/screen_INT.c ****                         screen_rxBufferLoopDetect = 1u;
 133              		.loc 1 164 0
 134 009e 0B4B     		ldr	r3, .L7+20
 135 00a0 0122     		movs	r2, #1
 136 00a2 1A70     		strb	r2, [r3]
 137              	.L3:
 165:Generated_Source\PSoC5/screen_INT.c ****                         /* When Hardware Flow Control selected */
 166:Generated_Source\PSoC5/screen_INT.c ****                         #if (screen_FLOW_CONTROL != 0u)
 167:Generated_Source\PSoC5/screen_INT.c ****                             /* Disable RX interrupt mask, it is enabled when user read data from th
 168:Generated_Source\PSoC5/screen_INT.c ****                             screen_RXSTATUS_MASK_REG  &= (uint8)~screen_RX_STS_FIFO_NOTEMPTY;
 169:Generated_Source\PSoC5/screen_INT.c ****                             CyIntClearPending(screen_RX_VECT_NUM);
 170:Generated_Source\PSoC5/screen_INT.c ****                             break; /* Break the reading of the FIFO loop, leave the data there for 
 171:Generated_Source\PSoC5/screen_INT.c ****                         #endif /* (screen_FLOW_CONTROL != 0u) */
 172:Generated_Source\PSoC5/screen_INT.c ****                     }
 173:Generated_Source\PSoC5/screen_INT.c ****                 }
 174:Generated_Source\PSoC5/screen_INT.c ****             }
 175:Generated_Source\PSoC5/screen_INT.c ****         }while((readStatus & screen_RX_STS_FIFO_NOTEMPTY) != 0u);
 138              		.loc 1 175 0
 139 00a4 BB79     		ldrb	r3, [r7, #6]	@ zero_extendqisi2
 140 00a6 03F02003 		and	r3, r3, #32
 141 00aa 002B     		cmp	r3, #0
 142 00ac ADD1     		bne	.L6
 176:Generated_Source\PSoC5/screen_INT.c **** 
 177:Generated_Source\PSoC5/screen_INT.c ****         /* User code required at end of ISR (Optional) */
 178:Generated_Source\PSoC5/screen_INT.c ****         /* `#START screen_RXISR_END` */
 179:Generated_Source\PSoC5/screen_INT.c **** 
 180:Generated_Source\PSoC5/screen_INT.c ****         /* `#END` */
 181:Generated_Source\PSoC5/screen_INT.c **** 
 182:Generated_Source\PSoC5/screen_INT.c ****     #ifdef screen_RXISR_EXIT_CALLBACK
 183:Generated_Source\PSoC5/screen_INT.c ****         screen_RXISR_ExitCallback();
 184:Generated_Source\PSoC5/screen_INT.c ****     #endif /* screen_RXISR_EXIT_CALLBACK */
 185:Generated_Source\PSoC5/screen_INT.c **** 
 186:Generated_Source\PSoC5/screen_INT.c ****     #if(CY_PSOC3)
 187:Generated_Source\PSoC5/screen_INT.c ****         EA = int_en;
 188:Generated_Source\PSoC5/screen_INT.c ****     #endif /* (CY_PSOC3) */
 189:Generated_Source\PSoC5/screen_INT.c ****     }
 143              		.loc 1 189 0
 144 00ae 00BF     		nop
 145 00b0 0C37     		adds	r7, r7, #12
 146              		.cfi_def_cfa_offset 4
 147 00b2 BD46     		mov	sp, r7
 148              		.cfi_def_cfa_register 13
 149              		@ sp needed
 150 00b4 80BC     		pop	{r7}
 151              		.cfi_restore 7
 152              		.cfi_def_cfa_offset 0
ARM GAS  C:\Users\Lenovo\AppData\Local\Temp\ccYSWhIj.s 			page 7


 153 00b6 7047     		bx	lr
 154              	.L8:
 155              		.align	2
 156              	.L7:
 157 00b8 68640040 		.word	1073767528
 158 00bc 00000000 		.word	screen_errorStatus
 159 00c0 44650040 		.word	1073767748
 160 00c4 00000000 		.word	screen_rxBufferWrite
 161 00c8 00000000 		.word	screen_rxBuffer
 162 00cc 00000000 		.word	screen_rxBufferLoopDetect
 163 00d0 00000000 		.word	screen_rxBufferOverflow
 164 00d4 00000000 		.word	screen_rxBufferRead
 165              		.cfi_endproc
 166              	.LFE0:
 167              		.size	screen_RXISR, .-screen_RXISR
 168              		.section	.text.screen_TXISR,"ax",%progbits
 169              		.align	2
 170              		.global	screen_TXISR
 171              		.thumb
 172              		.thumb_func
 173              		.type	screen_TXISR, %function
 174              	screen_TXISR:
 175              	.LFB1:
 190:Generated_Source\PSoC5/screen_INT.c ****     
 191:Generated_Source\PSoC5/screen_INT.c **** #endif /* (screen_RX_INTERRUPT_ENABLED && (screen_RX_ENABLED || screen_HD_ENABLED)) */
 192:Generated_Source\PSoC5/screen_INT.c **** 
 193:Generated_Source\PSoC5/screen_INT.c **** 
 194:Generated_Source\PSoC5/screen_INT.c **** #if (screen_TX_INTERRUPT_ENABLED && screen_TX_ENABLED)
 195:Generated_Source\PSoC5/screen_INT.c ****     /*******************************************************************************
 196:Generated_Source\PSoC5/screen_INT.c ****     * Function Name: screen_TXISR
 197:Generated_Source\PSoC5/screen_INT.c ****     ********************************************************************************
 198:Generated_Source\PSoC5/screen_INT.c ****     *
 199:Generated_Source\PSoC5/screen_INT.c ****     * Summary:
 200:Generated_Source\PSoC5/screen_INT.c ****     * Interrupt Service Routine for the TX portion of the UART
 201:Generated_Source\PSoC5/screen_INT.c ****     *
 202:Generated_Source\PSoC5/screen_INT.c ****     * Parameters:
 203:Generated_Source\PSoC5/screen_INT.c ****     *  None.
 204:Generated_Source\PSoC5/screen_INT.c ****     *
 205:Generated_Source\PSoC5/screen_INT.c ****     * Return:
 206:Generated_Source\PSoC5/screen_INT.c ****     *  None.
 207:Generated_Source\PSoC5/screen_INT.c ****     *
 208:Generated_Source\PSoC5/screen_INT.c ****     * Global Variables:
 209:Generated_Source\PSoC5/screen_INT.c ****     *  screen_txBuffer - RAM buffer pointer for transmit data from.
 210:Generated_Source\PSoC5/screen_INT.c ****     *  screen_txBufferRead - cyclic index for read and transmit data
 211:Generated_Source\PSoC5/screen_INT.c ****     *     from txBuffer, increments after each transmitted byte.
 212:Generated_Source\PSoC5/screen_INT.c ****     *  screen_rxBufferWrite - cyclic index for write to txBuffer,
 213:Generated_Source\PSoC5/screen_INT.c ****     *     checked to detect available for transmission bytes.
 214:Generated_Source\PSoC5/screen_INT.c ****     *
 215:Generated_Source\PSoC5/screen_INT.c ****     *******************************************************************************/
 216:Generated_Source\PSoC5/screen_INT.c ****     CY_ISR(screen_TXISR)
 217:Generated_Source\PSoC5/screen_INT.c ****     {
 176              		.loc 1 217 0
 177              		.cfi_startproc
 178              		@ args = 0, pretend = 0, frame = 0
 179              		@ frame_needed = 1, uses_anonymous_args = 0
 180              		@ link register save eliminated.
 181 0000 80B4     		push	{r7}
ARM GAS  C:\Users\Lenovo\AppData\Local\Temp\ccYSWhIj.s 			page 8


 182              		.cfi_def_cfa_offset 4
 183              		.cfi_offset 7, -4
 184 0002 00AF     		add	r7, sp, #0
 185              		.cfi_def_cfa_register 7
 218:Generated_Source\PSoC5/screen_INT.c ****     #if(CY_PSOC3)
 219:Generated_Source\PSoC5/screen_INT.c ****         uint8 int_en;
 220:Generated_Source\PSoC5/screen_INT.c ****     #endif /* (CY_PSOC3) */
 221:Generated_Source\PSoC5/screen_INT.c **** 
 222:Generated_Source\PSoC5/screen_INT.c ****     #ifdef screen_TXISR_ENTRY_CALLBACK
 223:Generated_Source\PSoC5/screen_INT.c ****         screen_TXISR_EntryCallback();
 224:Generated_Source\PSoC5/screen_INT.c ****     #endif /* screen_TXISR_ENTRY_CALLBACK */
 225:Generated_Source\PSoC5/screen_INT.c **** 
 226:Generated_Source\PSoC5/screen_INT.c ****         /* User code required at start of ISR */
 227:Generated_Source\PSoC5/screen_INT.c ****         /* `#START screen_TXISR_START` */
 228:Generated_Source\PSoC5/screen_INT.c **** 
 229:Generated_Source\PSoC5/screen_INT.c ****         /* `#END` */
 230:Generated_Source\PSoC5/screen_INT.c **** 
 231:Generated_Source\PSoC5/screen_INT.c ****     #if(CY_PSOC3)   /* Make sure nested interrupt is enabled */
 232:Generated_Source\PSoC5/screen_INT.c ****         int_en = EA;
 233:Generated_Source\PSoC5/screen_INT.c ****         CyGlobalIntEnable;
 234:Generated_Source\PSoC5/screen_INT.c ****     #endif /* (CY_PSOC3) */
 235:Generated_Source\PSoC5/screen_INT.c **** 
 236:Generated_Source\PSoC5/screen_INT.c ****         while((screen_txBufferRead != screen_txBufferWrite) &&
 186              		.loc 1 236 0
 187 0004 17E0     		b	.L10
 188              	.L13:
 237:Generated_Source\PSoC5/screen_INT.c ****              ((screen_TXSTATUS_REG & screen_TX_STS_FIFO_FULL) == 0u))
 238:Generated_Source\PSoC5/screen_INT.c ****         {
 239:Generated_Source\PSoC5/screen_INT.c ****             /* Check pointer wrap around */
 240:Generated_Source\PSoC5/screen_INT.c ****             if(screen_txBufferRead >= screen_TX_BUFFER_SIZE)
 189              		.loc 1 240 0
 190 0006 154B     		ldr	r3, .L15
 191 0008 1B78     		ldrb	r3, [r3]
 192 000a DBB2     		uxtb	r3, r3
 193 000c 072B     		cmp	r3, #7
 194 000e 02D9     		bls	.L11
 241:Generated_Source\PSoC5/screen_INT.c ****             {
 242:Generated_Source\PSoC5/screen_INT.c ****                 screen_txBufferRead = 0u;
 195              		.loc 1 242 0
 196 0010 124B     		ldr	r3, .L15
 197 0012 0022     		movs	r2, #0
 198 0014 1A70     		strb	r2, [r3]
 199              	.L11:
 243:Generated_Source\PSoC5/screen_INT.c ****             }
 244:Generated_Source\PSoC5/screen_INT.c **** 
 245:Generated_Source\PSoC5/screen_INT.c ****             screen_TXDATA_REG = screen_txBuffer[screen_txBufferRead];
 200              		.loc 1 245 0
 201 0016 124B     		ldr	r3, .L15+4
 202 0018 104A     		ldr	r2, .L15
 203 001a 1278     		ldrb	r2, [r2]
 204 001c D2B2     		uxtb	r2, r2
 205 001e 1146     		mov	r1, r2
 206 0020 104A     		ldr	r2, .L15+8
 207 0022 525C     		ldrb	r2, [r2, r1]
 208 0024 D2B2     		uxtb	r2, r2
 209 0026 1A70     		strb	r2, [r3]
 246:Generated_Source\PSoC5/screen_INT.c **** 
ARM GAS  C:\Users\Lenovo\AppData\Local\Temp\ccYSWhIj.s 			page 9


 247:Generated_Source\PSoC5/screen_INT.c ****             /* Set next pointer */
 248:Generated_Source\PSoC5/screen_INT.c ****             screen_txBufferRead++;
 210              		.loc 1 248 0
 211 0028 0C4B     		ldr	r3, .L15
 212 002a 1B78     		ldrb	r3, [r3]
 213 002c DBB2     		uxtb	r3, r3
 214 002e 0133     		adds	r3, r3, #1
 215 0030 DAB2     		uxtb	r2, r3
 216 0032 0A4B     		ldr	r3, .L15
 217 0034 1A70     		strb	r2, [r3]
 218              	.L10:
 236:Generated_Source\PSoC5/screen_INT.c ****              ((screen_TXSTATUS_REG & screen_TX_STS_FIFO_FULL) == 0u))
 219              		.loc 1 236 0
 220 0036 094B     		ldr	r3, .L15
 221 0038 1B78     		ldrb	r3, [r3]
 222 003a DAB2     		uxtb	r2, r3
 223 003c 0A4B     		ldr	r3, .L15+12
 224 003e 1B78     		ldrb	r3, [r3]	@ zero_extendqisi2
 225 0040 9A42     		cmp	r2, r3
 226 0042 06D0     		beq	.L14
 237:Generated_Source\PSoC5/screen_INT.c ****         {
 227              		.loc 1 237 0 discriminator 1
 228 0044 094B     		ldr	r3, .L15+16
 229 0046 1B78     		ldrb	r3, [r3]
 230 0048 DBB2     		uxtb	r3, r3
 231 004a 03F00403 		and	r3, r3, #4
 236:Generated_Source\PSoC5/screen_INT.c ****              ((screen_TXSTATUS_REG & screen_TX_STS_FIFO_FULL) == 0u))
 232              		.loc 1 236 0 discriminator 1
 233 004e 002B     		cmp	r3, #0
 234 0050 D9D0     		beq	.L13
 235              	.L14:
 249:Generated_Source\PSoC5/screen_INT.c ****         }
 250:Generated_Source\PSoC5/screen_INT.c **** 
 251:Generated_Source\PSoC5/screen_INT.c ****         /* User code required at end of ISR (Optional) */
 252:Generated_Source\PSoC5/screen_INT.c ****         /* `#START screen_TXISR_END` */
 253:Generated_Source\PSoC5/screen_INT.c **** 
 254:Generated_Source\PSoC5/screen_INT.c ****         /* `#END` */
 255:Generated_Source\PSoC5/screen_INT.c **** 
 256:Generated_Source\PSoC5/screen_INT.c ****     #ifdef screen_TXISR_EXIT_CALLBACK
 257:Generated_Source\PSoC5/screen_INT.c ****         screen_TXISR_ExitCallback();
 258:Generated_Source\PSoC5/screen_INT.c ****     #endif /* screen_TXISR_EXIT_CALLBACK */
 259:Generated_Source\PSoC5/screen_INT.c **** 
 260:Generated_Source\PSoC5/screen_INT.c ****     #if(CY_PSOC3)
 261:Generated_Source\PSoC5/screen_INT.c ****         EA = int_en;
 262:Generated_Source\PSoC5/screen_INT.c ****     #endif /* (CY_PSOC3) */
 263:Generated_Source\PSoC5/screen_INT.c ****    }
 236              		.loc 1 263 0
 237 0052 00BF     		nop
 238 0054 BD46     		mov	sp, r7
 239              		.cfi_def_cfa_register 13
 240              		@ sp needed
 241 0056 80BC     		pop	{r7}
 242              		.cfi_restore 7
 243              		.cfi_def_cfa_offset 0
 244 0058 7047     		bx	lr
 245              	.L16:
 246 005a 00BF     		.align	2
ARM GAS  C:\Users\Lenovo\AppData\Local\Temp\ccYSWhIj.s 			page 10


 247              	.L15:
 248 005c 00000000 		.word	screen_txBufferRead
 249 0060 48640040 		.word	1073767496
 250 0064 00000000 		.word	screen_txBuffer
 251 0068 00000000 		.word	screen_txBufferWrite
 252 006c 6B640040 		.word	1073767531
 253              		.cfi_endproc
 254              	.LFE1:
 255              		.size	screen_TXISR, .-screen_TXISR
 256              		.text
 257              	.Letext0:
 258              		.file 2 "Generated_Source\\PSoC5\\cytypes.h"
 259              		.file 3 "Generated_Source\\PSoC5\\screen.h"
 260              		.section	.debug_info,"",%progbits
 261              	.Ldebug_info0:
 262 0000 8F010000 		.4byte	0x18f
 263 0004 0400     		.2byte	0x4
 264 0006 00000000 		.4byte	.Ldebug_abbrev0
 265 000a 04       		.byte	0x4
 266 000b 01       		.uleb128 0x1
 267 000c 00000000 		.4byte	.LASF28
 268 0010 0C       		.byte	0xc
 269 0011 8E000000 		.4byte	.LASF29
 270 0015 DA010000 		.4byte	.LASF30
 271 0019 00000000 		.4byte	.Ldebug_ranges0+0
 272 001d 00000000 		.4byte	0
 273 0021 00000000 		.4byte	.Ldebug_line0
 274 0025 02       		.uleb128 0x2
 275 0026 01       		.byte	0x1
 276 0027 06       		.byte	0x6
 277 0028 57020000 		.4byte	.LASF0
 278 002c 02       		.uleb128 0x2
 279 002d 01       		.byte	0x1
 280 002e 08       		.byte	0x8
 281 002f 08010000 		.4byte	.LASF1
 282 0033 02       		.uleb128 0x2
 283 0034 02       		.byte	0x2
 284 0035 05       		.byte	0x5
 285 0036 33020000 		.4byte	.LASF2
 286 003a 02       		.uleb128 0x2
 287 003b 02       		.byte	0x2
 288 003c 07       		.byte	0x7
 289 003d C5000000 		.4byte	.LASF3
 290 0041 02       		.uleb128 0x2
 291 0042 04       		.byte	0x4
 292 0043 05       		.byte	0x5
 293 0044 3D020000 		.4byte	.LASF4
 294 0048 02       		.uleb128 0x2
 295 0049 04       		.byte	0x4
 296 004a 07       		.byte	0x7
 297 004b 2F010000 		.4byte	.LASF5
 298 004f 02       		.uleb128 0x2
 299 0050 08       		.byte	0x8
 300 0051 05       		.byte	0x5
 301 0052 BA010000 		.4byte	.LASF6
 302 0056 02       		.uleb128 0x2
 303 0057 08       		.byte	0x8
ARM GAS  C:\Users\Lenovo\AppData\Local\Temp\ccYSWhIj.s 			page 11


 304 0058 07       		.byte	0x7
 305 0059 68010000 		.4byte	.LASF7
 306 005d 03       		.uleb128 0x3
 307 005e 04       		.byte	0x4
 308 005f 05       		.byte	0x5
 309 0060 696E7400 		.ascii	"int\000"
 310 0064 02       		.uleb128 0x2
 311 0065 04       		.byte	0x4
 312 0066 07       		.byte	0x7
 313 0067 5B010000 		.4byte	.LASF8
 314 006b 04       		.uleb128 0x4
 315 006c 41010000 		.4byte	.LASF12
 316 0070 02       		.byte	0x2
 317 0071 E401     		.2byte	0x1e4
 318 0073 2C000000 		.4byte	0x2c
 319 0077 02       		.uleb128 0x2
 320 0078 04       		.byte	0x4
 321 0079 04       		.byte	0x4
 322 007a B2000000 		.4byte	.LASF9
 323 007e 02       		.uleb128 0x2
 324 007f 08       		.byte	0x8
 325 0080 04       		.byte	0x4
 326 0081 47010000 		.4byte	.LASF10
 327 0085 02       		.uleb128 0x2
 328 0086 01       		.byte	0x1
 329 0087 08       		.byte	0x8
 330 0088 46020000 		.4byte	.LASF11
 331 008c 04       		.uleb128 0x4
 332 008d 2A010000 		.4byte	.LASF13
 333 0091 02       		.byte	0x2
 334 0092 8E02     		.2byte	0x28e
 335 0094 98000000 		.4byte	0x98
 336 0098 05       		.uleb128 0x5
 337 0099 6B000000 		.4byte	0x6b
 338 009d 02       		.uleb128 0x2
 339 009e 08       		.byte	0x8
 340 009f 04       		.byte	0x4
 341 00a0 4B020000 		.4byte	.LASF14
 342 00a4 02       		.uleb128 0x2
 343 00a5 04       		.byte	0x4
 344 00a6 07       		.byte	0x7
 345 00a7 B1010000 		.4byte	.LASF15
 346 00ab 06       		.uleb128 0x6
 347 00ac B8000000 		.4byte	.LASF31
 348 00b0 01       		.byte	0x1
 349 00b1 3B       		.byte	0x3b
 350 00b2 00000000 		.4byte	.LFB0
 351 00b6 D8000000 		.4byte	.LFE0-.LFB0
 352 00ba 01       		.uleb128 0x1
 353 00bb 9C       		.byte	0x9c
 354 00bc EB000000 		.4byte	0xeb
 355 00c0 07       		.uleb128 0x7
 356 00c1 76020000 		.4byte	.LASF16
 357 00c5 01       		.byte	0x1
 358 00c6 3D       		.byte	0x3d
 359 00c7 6B000000 		.4byte	0x6b
 360 00cb 02       		.uleb128 0x2
ARM GAS  C:\Users\Lenovo\AppData\Local\Temp\ccYSWhIj.s 			page 12


 361 00cc 91       		.byte	0x91
 362 00cd 75       		.sleb128 -11
 363 00ce 07       		.uleb128 0x7
 364 00cf FD000000 		.4byte	.LASF17
 365 00d3 01       		.byte	0x1
 366 00d4 3E       		.byte	0x3e
 367 00d5 6B000000 		.4byte	0x6b
 368 00d9 02       		.uleb128 0x2
 369 00da 91       		.byte	0x91
 370 00db 76       		.sleb128 -10
 371 00dc 07       		.uleb128 0x7
 372 00dd C8010000 		.4byte	.LASF18
 373 00e1 01       		.byte	0x1
 374 00e2 3F       		.byte	0x3f
 375 00e3 6B000000 		.4byte	0x6b
 376 00e7 02       		.uleb128 0x2
 377 00e8 91       		.byte	0x91
 378 00e9 77       		.sleb128 -9
 379 00ea 00       		.byte	0
 380 00eb 08       		.uleb128 0x8
 381 00ec 4E010000 		.4byte	.LASF32
 382 00f0 01       		.byte	0x1
 383 00f1 D8       		.byte	0xd8
 384 00f2 00000000 		.4byte	.LFB1
 385 00f6 70000000 		.4byte	.LFE1-.LFB1
 386 00fa 01       		.uleb128 0x1
 387 00fb 9C       		.byte	0x9c
 388 00fc 09       		.uleb128 0x9
 389 00fd 98000000 		.4byte	0x98
 390 0101 0C010000 		.4byte	0x10c
 391 0105 0A       		.uleb128 0xa
 392 0106 A4000000 		.4byte	0xa4
 393 010a 07       		.byte	0x7
 394 010b 00       		.byte	0
 395 010c 0B       		.uleb128 0xb
 396 010d 0F020000 		.4byte	.LASF19
 397 0111 03       		.byte	0x3
 398 0112 3801     		.2byte	0x138
 399 0114 18010000 		.4byte	0x118
 400 0118 05       		.uleb128 0x5
 401 0119 FC000000 		.4byte	0xfc
 402 011d 0B       		.uleb128 0xb
 403 011e 16010000 		.4byte	.LASF20
 404 0122 03       		.byte	0x3
 405 0123 3901     		.2byte	0x139
 406 0125 98000000 		.4byte	0x98
 407 0129 0B       		.uleb128 0xb
 408 012a D8000000 		.4byte	.LASF21
 409 012e 03       		.byte	0x3
 410 012f 3A01     		.2byte	0x13a
 411 0131 6B000000 		.4byte	0x6b
 412 0135 0B       		.uleb128 0xb
 413 0136 63020000 		.4byte	.LASF22
 414 013a 03       		.byte	0x3
 415 013b 3D01     		.2byte	0x13d
 416 013d 6B000000 		.4byte	0x6b
 417 0141 09       		.uleb128 0x9
ARM GAS  C:\Users\Lenovo\AppData\Local\Temp\ccYSWhIj.s 			page 13


 418 0142 98000000 		.4byte	0x98
 419 0146 51010000 		.4byte	0x151
 420 014a 0A       		.uleb128 0xa
 421 014b A4000000 		.4byte	0xa4
 422 014f 13       		.byte	0x13
 423 0150 00       		.byte	0
 424 0151 0B       		.uleb128 0xb
 425 0152 ED000000 		.4byte	.LASF23
 426 0156 03       		.byte	0x3
 427 0157 3E01     		.2byte	0x13e
 428 0159 5D010000 		.4byte	0x15d
 429 015d 05       		.uleb128 0x5
 430 015e 41010000 		.4byte	0x141
 431 0162 0B       		.uleb128 0xb
 432 0163 1F020000 		.4byte	.LASF24
 433 0167 03       		.byte	0x3
 434 0168 3F01     		.2byte	0x13f
 435 016a 98000000 		.4byte	0x98
 436 016e 0B       		.uleb128 0xb
 437 016f 7F020000 		.4byte	.LASF25
 438 0173 03       		.byte	0x3
 439 0174 4001     		.2byte	0x140
 440 0176 98000000 		.4byte	0x98
 441 017a 0B       		.uleb128 0xb
 442 017b 97010000 		.4byte	.LASF26
 443 017f 03       		.byte	0x3
 444 0180 4101     		.2byte	0x141
 445 0182 98000000 		.4byte	0x98
 446 0186 0B       		.uleb128 0xb
 447 0187 7F010000 		.4byte	.LASF27
 448 018b 03       		.byte	0x3
 449 018c 4201     		.2byte	0x142
 450 018e 98000000 		.4byte	0x98
 451 0192 00       		.byte	0
 452              		.section	.debug_abbrev,"",%progbits
 453              	.Ldebug_abbrev0:
 454 0000 01       		.uleb128 0x1
 455 0001 11       		.uleb128 0x11
 456 0002 01       		.byte	0x1
 457 0003 25       		.uleb128 0x25
 458 0004 0E       		.uleb128 0xe
 459 0005 13       		.uleb128 0x13
 460 0006 0B       		.uleb128 0xb
 461 0007 03       		.uleb128 0x3
 462 0008 0E       		.uleb128 0xe
 463 0009 1B       		.uleb128 0x1b
 464 000a 0E       		.uleb128 0xe
 465 000b 55       		.uleb128 0x55
 466 000c 17       		.uleb128 0x17
 467 000d 11       		.uleb128 0x11
 468 000e 01       		.uleb128 0x1
 469 000f 10       		.uleb128 0x10
 470 0010 17       		.uleb128 0x17
 471 0011 00       		.byte	0
 472 0012 00       		.byte	0
 473 0013 02       		.uleb128 0x2
 474 0014 24       		.uleb128 0x24
ARM GAS  C:\Users\Lenovo\AppData\Local\Temp\ccYSWhIj.s 			page 14


 475 0015 00       		.byte	0
 476 0016 0B       		.uleb128 0xb
 477 0017 0B       		.uleb128 0xb
 478 0018 3E       		.uleb128 0x3e
 479 0019 0B       		.uleb128 0xb
 480 001a 03       		.uleb128 0x3
 481 001b 0E       		.uleb128 0xe
 482 001c 00       		.byte	0
 483 001d 00       		.byte	0
 484 001e 03       		.uleb128 0x3
 485 001f 24       		.uleb128 0x24
 486 0020 00       		.byte	0
 487 0021 0B       		.uleb128 0xb
 488 0022 0B       		.uleb128 0xb
 489 0023 3E       		.uleb128 0x3e
 490 0024 0B       		.uleb128 0xb
 491 0025 03       		.uleb128 0x3
 492 0026 08       		.uleb128 0x8
 493 0027 00       		.byte	0
 494 0028 00       		.byte	0
 495 0029 04       		.uleb128 0x4
 496 002a 16       		.uleb128 0x16
 497 002b 00       		.byte	0
 498 002c 03       		.uleb128 0x3
 499 002d 0E       		.uleb128 0xe
 500 002e 3A       		.uleb128 0x3a
 501 002f 0B       		.uleb128 0xb
 502 0030 3B       		.uleb128 0x3b
 503 0031 05       		.uleb128 0x5
 504 0032 49       		.uleb128 0x49
 505 0033 13       		.uleb128 0x13
 506 0034 00       		.byte	0
 507 0035 00       		.byte	0
 508 0036 05       		.uleb128 0x5
 509 0037 35       		.uleb128 0x35
 510 0038 00       		.byte	0
 511 0039 49       		.uleb128 0x49
 512 003a 13       		.uleb128 0x13
 513 003b 00       		.byte	0
 514 003c 00       		.byte	0
 515 003d 06       		.uleb128 0x6
 516 003e 2E       		.uleb128 0x2e
 517 003f 01       		.byte	0x1
 518 0040 3F       		.uleb128 0x3f
 519 0041 19       		.uleb128 0x19
 520 0042 03       		.uleb128 0x3
 521 0043 0E       		.uleb128 0xe
 522 0044 3A       		.uleb128 0x3a
 523 0045 0B       		.uleb128 0xb
 524 0046 3B       		.uleb128 0x3b
 525 0047 0B       		.uleb128 0xb
 526 0048 27       		.uleb128 0x27
 527 0049 19       		.uleb128 0x19
 528 004a 11       		.uleb128 0x11
 529 004b 01       		.uleb128 0x1
 530 004c 12       		.uleb128 0x12
 531 004d 06       		.uleb128 0x6
ARM GAS  C:\Users\Lenovo\AppData\Local\Temp\ccYSWhIj.s 			page 15


 532 004e 40       		.uleb128 0x40
 533 004f 18       		.uleb128 0x18
 534 0050 9742     		.uleb128 0x2117
 535 0052 19       		.uleb128 0x19
 536 0053 01       		.uleb128 0x1
 537 0054 13       		.uleb128 0x13
 538 0055 00       		.byte	0
 539 0056 00       		.byte	0
 540 0057 07       		.uleb128 0x7
 541 0058 34       		.uleb128 0x34
 542 0059 00       		.byte	0
 543 005a 03       		.uleb128 0x3
 544 005b 0E       		.uleb128 0xe
 545 005c 3A       		.uleb128 0x3a
 546 005d 0B       		.uleb128 0xb
 547 005e 3B       		.uleb128 0x3b
 548 005f 0B       		.uleb128 0xb
 549 0060 49       		.uleb128 0x49
 550 0061 13       		.uleb128 0x13
 551 0062 02       		.uleb128 0x2
 552 0063 18       		.uleb128 0x18
 553 0064 00       		.byte	0
 554 0065 00       		.byte	0
 555 0066 08       		.uleb128 0x8
 556 0067 2E       		.uleb128 0x2e
 557 0068 00       		.byte	0
 558 0069 3F       		.uleb128 0x3f
 559 006a 19       		.uleb128 0x19
 560 006b 03       		.uleb128 0x3
 561 006c 0E       		.uleb128 0xe
 562 006d 3A       		.uleb128 0x3a
 563 006e 0B       		.uleb128 0xb
 564 006f 3B       		.uleb128 0x3b
 565 0070 0B       		.uleb128 0xb
 566 0071 27       		.uleb128 0x27
 567 0072 19       		.uleb128 0x19
 568 0073 11       		.uleb128 0x11
 569 0074 01       		.uleb128 0x1
 570 0075 12       		.uleb128 0x12
 571 0076 06       		.uleb128 0x6
 572 0077 40       		.uleb128 0x40
 573 0078 18       		.uleb128 0x18
 574 0079 9742     		.uleb128 0x2117
 575 007b 19       		.uleb128 0x19
 576 007c 00       		.byte	0
 577 007d 00       		.byte	0
 578 007e 09       		.uleb128 0x9
 579 007f 01       		.uleb128 0x1
 580 0080 01       		.byte	0x1
 581 0081 49       		.uleb128 0x49
 582 0082 13       		.uleb128 0x13
 583 0083 01       		.uleb128 0x1
 584 0084 13       		.uleb128 0x13
 585 0085 00       		.byte	0
 586 0086 00       		.byte	0
 587 0087 0A       		.uleb128 0xa
 588 0088 21       		.uleb128 0x21
ARM GAS  C:\Users\Lenovo\AppData\Local\Temp\ccYSWhIj.s 			page 16


 589 0089 00       		.byte	0
 590 008a 49       		.uleb128 0x49
 591 008b 13       		.uleb128 0x13
 592 008c 2F       		.uleb128 0x2f
 593 008d 0B       		.uleb128 0xb
 594 008e 00       		.byte	0
 595 008f 00       		.byte	0
 596 0090 0B       		.uleb128 0xb
 597 0091 34       		.uleb128 0x34
 598 0092 00       		.byte	0
 599 0093 03       		.uleb128 0x3
 600 0094 0E       		.uleb128 0xe
 601 0095 3A       		.uleb128 0x3a
 602 0096 0B       		.uleb128 0xb
 603 0097 3B       		.uleb128 0x3b
 604 0098 05       		.uleb128 0x5
 605 0099 49       		.uleb128 0x49
 606 009a 13       		.uleb128 0x13
 607 009b 3F       		.uleb128 0x3f
 608 009c 19       		.uleb128 0x19
 609 009d 3C       		.uleb128 0x3c
 610 009e 19       		.uleb128 0x19
 611 009f 00       		.byte	0
 612 00a0 00       		.byte	0
 613 00a1 00       		.byte	0
 614              		.section	.debug_aranges,"",%progbits
 615 0000 24000000 		.4byte	0x24
 616 0004 0200     		.2byte	0x2
 617 0006 00000000 		.4byte	.Ldebug_info0
 618 000a 04       		.byte	0x4
 619 000b 00       		.byte	0
 620 000c 0000     		.2byte	0
 621 000e 0000     		.2byte	0
 622 0010 00000000 		.4byte	.LFB0
 623 0014 D8000000 		.4byte	.LFE0-.LFB0
 624 0018 00000000 		.4byte	.LFB1
 625 001c 70000000 		.4byte	.LFE1-.LFB1
 626 0020 00000000 		.4byte	0
 627 0024 00000000 		.4byte	0
 628              		.section	.debug_ranges,"",%progbits
 629              	.Ldebug_ranges0:
 630 0000 00000000 		.4byte	.LFB0
 631 0004 D8000000 		.4byte	.LFE0
 632 0008 00000000 		.4byte	.LFB1
 633 000c 70000000 		.4byte	.LFE1
 634 0010 00000000 		.4byte	0
 635 0014 00000000 		.4byte	0
 636              		.section	.debug_line,"",%progbits
 637              	.Ldebug_line0:
 638 0000 AD000000 		.section	.debug_str,"MS",%progbits,1
 638      02005300 
 638      00000201 
 638      FB0E0D00 
 638      01010101 
 639              	.LASF28:
 640 0000 474E5520 		.ascii	"GNU C11 5.4.1 20160609 (release) [ARM/embedded-5-br"
 640      43313120 
ARM GAS  C:\Users\Lenovo\AppData\Local\Temp\ccYSWhIj.s 			page 17


 640      352E342E 
 640      31203230 
 640      31363036 
 641 0033 616E6368 		.ascii	"anch revision 237715] -mcpu=cortex-m3 -mthumb -g -O"
 641      20726576 
 641      6973696F 
 641      6E203233 
 641      37373135 
 642 0066 30202D66 		.ascii	"0 -ffunction-sections -ffat-lto-objects\000"
 642      66756E63 
 642      74696F6E 
 642      2D736563 
 642      74696F6E 
 643              	.LASF29:
 644 008e 47656E65 		.ascii	"Generated_Source\\PSoC5\\screen_INT.c\000"
 644      72617465 
 644      645F536F 
 644      75726365 
 644      5C50536F 
 645              	.LASF9:
 646 00b2 666C6F61 		.ascii	"float\000"
 646      7400
 647              	.LASF31:
 648 00b8 73637265 		.ascii	"screen_RXISR\000"
 648      656E5F52 
 648      58495352 
 648      00
 649              	.LASF3:
 650 00c5 73686F72 		.ascii	"short unsigned int\000"
 650      7420756E 
 650      7369676E 
 650      65642069 
 650      6E7400
 651              	.LASF21:
 652 00d8 73637265 		.ascii	"screen_txBufferWrite\000"
 652      656E5F74 
 652      78427566 
 652      66657257 
 652      72697465 
 653              	.LASF23:
 654 00ed 73637265 		.ascii	"screen_rxBuffer\000"
 654      656E5F72 
 654      78427566 
 654      66657200 
 655              	.LASF17:
 656 00fd 72656164 		.ascii	"readStatus\000"
 656      53746174 
 656      757300
 657              	.LASF1:
 658 0108 756E7369 		.ascii	"unsigned char\000"
 658      676E6564 
 658      20636861 
 658      7200
 659              	.LASF20:
 660 0116 73637265 		.ascii	"screen_txBufferRead\000"
 660      656E5F74 
 660      78427566 
ARM GAS  C:\Users\Lenovo\AppData\Local\Temp\ccYSWhIj.s 			page 18


 660      66657252 
 660      65616400 
 661              	.LASF13:
 662 012a 72656738 		.ascii	"reg8\000"
 662      00
 663              	.LASF5:
 664 012f 6C6F6E67 		.ascii	"long unsigned int\000"
 664      20756E73 
 664      69676E65 
 664      6420696E 
 664      7400
 665              	.LASF12:
 666 0141 75696E74 		.ascii	"uint8\000"
 666      3800
 667              	.LASF10:
 668 0147 646F7562 		.ascii	"double\000"
 668      6C6500
 669              	.LASF32:
 670 014e 73637265 		.ascii	"screen_TXISR\000"
 670      656E5F54 
 670      58495352 
 670      00
 671              	.LASF8:
 672 015b 756E7369 		.ascii	"unsigned int\000"
 672      676E6564 
 672      20696E74 
 672      00
 673              	.LASF7:
 674 0168 6C6F6E67 		.ascii	"long long unsigned int\000"
 674      206C6F6E 
 674      6720756E 
 674      7369676E 
 674      65642069 
 675              	.LASF27:
 676 017f 73637265 		.ascii	"screen_rxBufferOverflow\000"
 676      656E5F72 
 676      78427566 
 676      6665724F 
 676      76657266 
 677              	.LASF26:
 678 0197 73637265 		.ascii	"screen_rxBufferLoopDetect\000"
 678      656E5F72 
 678      78427566 
 678      6665724C 
 678      6F6F7044 
 679              	.LASF15:
 680 01b1 73697A65 		.ascii	"sizetype\000"
 680      74797065 
 680      00
 681              	.LASF6:
 682 01ba 6C6F6E67 		.ascii	"long long int\000"
 682      206C6F6E 
 682      6720696E 
 682      7400
 683              	.LASF18:
 684 01c8 696E6372 		.ascii	"increment_pointer\000"
 684      656D656E 
ARM GAS  C:\Users\Lenovo\AppData\Local\Temp\ccYSWhIj.s 			page 19


 684      745F706F 
 684      696E7465 
 684      7200
 685              	.LASF30:
 686 01da 433A5C55 		.ascii	"C:\\Users\\Lenovo\\Documents\\GitHub\\Mepsan\\Mepsa"
 686      73657273 
 686      5C4C656E 
 686      6F766F5C 
 686      446F6375 
 687 0207 6E2E6379 		.ascii	"n.cydsn\000"
 687      64736E00 
 688              	.LASF19:
 689 020f 73637265 		.ascii	"screen_txBuffer\000"
 689      656E5F74 
 689      78427566 
 689      66657200 
 690              	.LASF24:
 691 021f 73637265 		.ascii	"screen_rxBufferRead\000"
 691      656E5F72 
 691      78427566 
 691      66657252 
 691      65616400 
 692              	.LASF2:
 693 0233 73686F72 		.ascii	"short int\000"
 693      7420696E 
 693      7400
 694              	.LASF4:
 695 023d 6C6F6E67 		.ascii	"long int\000"
 695      20696E74 
 695      00
 696              	.LASF11:
 697 0246 63686172 		.ascii	"char\000"
 697      00
 698              	.LASF14:
 699 024b 6C6F6E67 		.ascii	"long double\000"
 699      20646F75 
 699      626C6500 
 700              	.LASF0:
 701 0257 7369676E 		.ascii	"signed char\000"
 701      65642063 
 701      68617200 
 702              	.LASF22:
 703 0263 73637265 		.ascii	"screen_errorStatus\000"
 703      656E5F65 
 703      72726F72 
 703      53746174 
 703      757300
 704              	.LASF16:
 705 0276 72656164 		.ascii	"readData\000"
 705      44617461 
 705      00
 706              	.LASF25:
 707 027f 73637265 		.ascii	"screen_rxBufferWrite\000"
 707      656E5F72 
 707      78427566 
 707      66657257 
 707      72697465 
ARM GAS  C:\Users\Lenovo\AppData\Local\Temp\ccYSWhIj.s 			page 20


 708              		.ident	"GCC: (GNU Tools for ARM Embedded Processors) 5.4.1 20160609 (release) [ARM/embedded-5-bran
