ARM GAS  C:\Users\THERMA~1\AppData\Local\Temp\ccSic22P.s 			page 1


   1              		.syntax unified
   2              		.cpu cortex-m3
   3              		.fpu softvfp
   4              		.eabi_attribute 20, 1
   5              		.eabi_attribute 21, 1
   6              		.eabi_attribute 23, 3
   7              		.eabi_attribute 24, 1
   8              		.eabi_attribute 25, 1
   9              		.eabi_attribute 26, 1
  10              		.eabi_attribute 30, 1
  11              		.eabi_attribute 34, 1
  12              		.eabi_attribute 18, 4
  13              		.thumb
  14              		.syntax unified
  15              		.file	"cymetadata.c"
  16              		.text
  17              	.Ltext0:
  18              		.cfi_sections	.debug_frame
  19              		.global	cy_metadata
  20              		.global	cy_meta_flashprotect
  21              		.global	cy_meta_wonvl
  22              		.global	cy_meta_custnvl
  23              		.global	cy_meta_configecc
  24              		.section	.cyconfigecc,"a",%progbits
  25              		.align	2
  26              		.type	cy_meta_configecc, %object
  27              		.size	cy_meta_configecc, 976
  28              	cy_meta_configecc:
  29 0000 02       		.byte	2
  30 0001 52       		.byte	82
  31 0002 00       		.byte	0
  32 0003 40       		.byte	64
  33 0004 03       		.byte	3
  34 0005 64       		.byte	100
  35 0006 00       		.byte	0
  36 0007 40       		.byte	64
  37 0008 01       		.byte	1
  38 0009 01       		.byte	1
  39 000a 01       		.byte	1
  40 000b 40       		.byte	64
  41 000c 05       		.byte	5
  42 000d 09       		.byte	9
  43 000e 01       		.byte	1
  44 000f 40       		.byte	64
  45 0010 44       		.byte	68
  46 0011 0A       		.byte	10
  47 0012 01       		.byte	1
  48 0013 40       		.byte	64
  49 0014 42       		.byte	66
  50 0015 0B       		.byte	11
  51 0016 01       		.byte	1
  52 0017 40       		.byte	64
  53 0018 18       		.byte	24
  54 0019 0C       		.byte	12
  55 001a 01       		.byte	1
  56 001b 40       		.byte	64
  57 001c 42       		.byte	66
ARM GAS  C:\Users\THERMA~1\AppData\Local\Temp\ccSic22P.s 			page 2


  58 001d 0D       		.byte	13
  59 001e 01       		.byte	1
  60 001f 40       		.byte	64
  61 0020 4D       		.byte	77
  62 0021 0E       		.byte	14
  63 0022 01       		.byte	1
  64 0023 40       		.byte	64
  65 0024 38       		.byte	56
  66 0025 0F       		.byte	15
  67 0026 01       		.byte	1
  68 0027 40       		.byte	64
  69 0028 04       		.byte	4
  70 0029 40       		.byte	64
  71 002a 01       		.byte	1
  72 002b 40       		.byte	64
  73 002c 04       		.byte	4
  74 002d 46       		.byte	70
  75 002e 01       		.byte	1
  76 002f 40       		.byte	64
  77 0030 03       		.byte	3
  78 0031 47       		.byte	71
  79 0032 01       		.byte	1
  80 0033 40       		.byte	64
  81 0034 03       		.byte	3
  82 0035 50       		.byte	80
  83 0036 01       		.byte	1
  84 0037 40       		.byte	64
  85 0038 01       		.byte	1
  86 0039 51       		.byte	81
  87 003a 01       		.byte	1
  88 003b 40       		.byte	64
  89 003c 78       		.byte	120
  90 003d 20       		.byte	32
  91 003e 7C       		.byte	124
  92 003f 10       		.byte	16
  93 0040 8A       		.byte	-118
  94 0041 72       		.byte	114
  95 0042 8C       		.byte	-116
  96 0043 0F       		.byte	15
  97 0044 8F       		.byte	-113
  98 0045 3C       		.byte	60
  99 0046 E6       		.byte	-26
 100 0047 01       		.byte	1
 101 0048 AA       		.byte	-86
 102 0049 10       		.byte	16
 103 004a B0       		.byte	-80
 104 004b 81       		.byte	-127
 105 004c B1       		.byte	-79
 106 004d 40       		.byte	64
 107 004e B3       		.byte	-77
 108 004f 10       		.byte	16
 109 0050 E8       		.byte	-24
 110 0051 01       		.byte	1
 111 0052 03       		.byte	3
 112 0053 06       		.byte	6
 113 0054 04       		.byte	4
 114 0055 01       		.byte	1
ARM GAS  C:\Users\THERMA~1\AppData\Local\Temp\ccSic22P.s 			page 3


 115 0056 07       		.byte	7
 116 0057 08       		.byte	8
 117 0058 0C       		.byte	12
 118 0059 01       		.byte	1
 119 005a 0D       		.byte	13
 120 005b 08       		.byte	8
 121 005c 0F       		.byte	15
 122 005d 02       		.byte	2
 123 005e 10       		.byte	16
 124 005f 01       		.byte	1
 125 0060 11       		.byte	17
 126 0061 0E       		.byte	14
 127 0062 18       		.byte	24
 128 0063 02       		.byte	2
 129 0064 19       		.byte	25
 130 0065 0E       		.byte	14
 131 0066 1C       		.byte	28
 132 0067 01       		.byte	1
 133 0068 1D       		.byte	29
 134 0069 08       		.byte	8
 135 006a 1F       		.byte	31
 136 006b 04       		.byte	4
 137 006c 24       		.byte	36
 138 006d 04       		.byte	4
 139 006e 28       		.byte	40
 140 006f 04       		.byte	4
 141 0070 2C       		.byte	44
 142 0071 04       		.byte	4
 143 0072 2D       		.byte	45
 144 0073 08       		.byte	8
 145 0074 2F       		.byte	47
 146 0075 01       		.byte	1
 147 0076 32       		.byte	50
 148 0077 02       		.byte	2
 149 0078 34       		.byte	52
 150 0079 01       		.byte	1
 151 007a 35       		.byte	53
 152 007b 01       		.byte	1
 153 007c 36       		.byte	54
 154 007d 04       		.byte	4
 155 007e 37       		.byte	55
 156 007f 0E       		.byte	14
 157 0080 3B       		.byte	59
 158 0081 80       		.byte	-128
 159 0082 3E       		.byte	62
 160 0083 14       		.byte	20
 161 0084 56       		.byte	86
 162 0085 02       		.byte	2
 163 0086 57       		.byte	87
 164 0087 12       		.byte	18
 165 0088 58       		.byte	88
 166 0089 04       		.byte	4
 167 008a 59       		.byte	89
 168 008b 04       		.byte	4
 169 008c 5B       		.byte	91
 170 008d 04       		.byte	4
 171 008e 5F       		.byte	95
ARM GAS  C:\Users\THERMA~1\AppData\Local\Temp\ccSic22P.s 			page 4


 172 008f 01       		.byte	1
 173 0090 80       		.byte	-128
 174 0091 24       		.byte	36
 175 0092 82       		.byte	-126
 176 0093 41       		.byte	65
 177 0094 83       		.byte	-125
 178 0095 03       		.byte	3
 179 0096 84       		.byte	-124
 180 0097 01       		.byte	1
 181 0098 86       		.byte	-122
 182 0099 0E       		.byte	14
 183 009a 88       		.byte	-120
 184 009b 40       		.byte	64
 185 009c 8A       		.byte	-118
 186 009d 03       		.byte	3
 187 009e 8E       		.byte	-114
 188 009f 80       		.byte	-128
 189 00a0 90       		.byte	-112
 190 00a1 02       		.byte	2
 191 00a2 91       		.byte	-111
 192 00a3 09       		.byte	9
 193 00a4 92       		.byte	-110
 194 00a5 01       		.byte	1
 195 00a6 93       		.byte	-109
 196 00a7 36       		.byte	54
 197 00a8 94       		.byte	-108
 198 00a9 50       		.byte	80
 199 00aa 95       		.byte	-107
 200 00ab 3C       		.byte	60
 201 00ac 97       		.byte	-105
 202 00ad 03       		.byte	3
 203 00ae 99       		.byte	-103
 204 00af 11       		.byte	17
 205 00b0 9B       		.byte	-101
 206 00b1 0E       		.byte	14
 207 00b2 9E       		.byte	-98
 208 00b3 80       		.byte	-128
 209 00b4 9F       		.byte	-97
 210 00b5 10       		.byte	16
 211 00b6 A0       		.byte	-96
 212 00b7 C3       		.byte	-61
 213 00b8 A2       		.byte	-94
 214 00b9 30       		.byte	48
 215 00ba A4       		.byte	-92
 216 00bb 71       		.byte	113
 217 00bc A6       		.byte	-90
 218 00bd 88       		.byte	-120
 219 00be A8       		.byte	-88
 220 00bf B0       		.byte	-80
 221 00c0 A9       		.byte	-87
 222 00c1 08       		.byte	8
 223 00c2 AA       		.byte	-86
 224 00c3 47       		.byte	71
 225 00c4 AF       		.byte	-81
 226 00c5 3C       		.byte	60
 227 00c6 B2       		.byte	-78
 228 00c7 7F       		.byte	127
ARM GAS  C:\Users\THERMA~1\AppData\Local\Temp\ccSic22P.s 			page 5


 229 00c8 B3       		.byte	-77
 230 00c9 22       		.byte	34
 231 00ca B4       		.byte	-76
 232 00cb 80       		.byte	-128
 233 00cc B5       		.byte	-75
 234 00cd 07       		.byte	7
 235 00ce B7       		.byte	-73
 236 00cf 18       		.byte	24
 237 00d0 BB       		.byte	-69
 238 00d1 A8       		.byte	-88
 239 00d2 BE       		.byte	-66
 240 00d3 10       		.byte	16
 241 00d4 D8       		.byte	-40
 242 00d5 04       		.byte	4
 243 00d6 D9       		.byte	-39
 244 00d7 04       		.byte	4
 245 00d8 DF       		.byte	-33
 246 00d9 01       		.byte	1
 247 00da 03       		.byte	3
 248 00db 21       		.byte	33
 249 00dc 04       		.byte	4
 250 00dd 02       		.byte	2
 251 00de 05       		.byte	5
 252 00df 04       		.byte	4
 253 00e0 06       		.byte	6
 254 00e1 86       		.byte	-122
 255 00e2 08       		.byte	8
 256 00e3 01       		.byte	1
 257 00e4 0A       		.byte	10
 258 00e5 82       		.byte	-126
 259 00e6 0B       		.byte	11
 260 00e7 88       		.byte	-120
 261 00e8 0E       		.byte	14
 262 00e9 80       		.byte	-128
 263 00ea 0F       		.byte	15
 264 00eb 22       		.byte	34
 265 00ec 10       		.byte	16
 266 00ed 0A       		.byte	10
 267 00ee 11       		.byte	17
 268 00ef 04       		.byte	4
 269 00f0 15       		.byte	21
 270 00f1 02       		.byte	2
 271 00f2 17       		.byte	23
 272 00f3 16       		.byte	22
 273 00f4 1A       		.byte	26
 274 00f5 18       		.byte	24
 275 00f6 1B       		.byte	27
 276 00f7 80       		.byte	-128
 277 00f8 1D       		.byte	29
 278 00f9 04       		.byte	4
 279 00fa 1F       		.byte	31
 280 00fb 14       		.byte	20
 281 00fc 20       		.byte	32
 282 00fd 04       		.byte	4
 283 00fe 22       		.byte	34
 284 00ff 40       		.byte	64
 285 0100 26       		.byte	38
ARM GAS  C:\Users\THERMA~1\AppData\Local\Temp\ccSic22P.s 			page 6


 286 0101 50       		.byte	80
 287 0102 27       		.byte	39
 288 0103 14       		.byte	20
 289 0104 29       		.byte	41
 290 0105 40       		.byte	64
 291 0106 2C       		.byte	44
 292 0107 40       		.byte	64
 293 0108 2D       		.byte	45
 294 0109 01       		.byte	1
 295 010a 2E       		.byte	46
 296 010b 80       		.byte	-128
 297 010c 2F       		.byte	47
 298 010d 84       		.byte	-124
 299 010e 32       		.byte	50
 300 010f 40       		.byte	64
 301 0110 33       		.byte	51
 302 0111 21       		.byte	33
 303 0112 36       		.byte	54
 304 0113 40       		.byte	64
 305 0114 37       		.byte	55
 306 0115 16       		.byte	22
 307 0116 38       		.byte	56
 308 0117 04       		.byte	4
 309 0118 39       		.byte	57
 310 0119 01       		.byte	1
 311 011a 3B       		.byte	59
 312 011b 40       		.byte	64
 313 011c 3F       		.byte	63
 314 011d 02       		.byte	2
 315 011e 5A       		.byte	90
 316 011f 08       		.byte	8
 317 0120 68       		.byte	104
 318 0121 0E       		.byte	14
 319 0122 69       		.byte	105
 320 0123 04       		.byte	4
 321 0124 70       		.byte	112
 322 0125 20       		.byte	32
 323 0126 71       		.byte	113
 324 0127 08       		.byte	8
 325 0128 72       		.byte	114
 326 0129 01       		.byte	1
 327 012a 90       		.byte	-112
 328 012b 02       		.byte	2
 329 012c 91       		.byte	-111
 330 012d 02       		.byte	2
 331 012e 92       		.byte	-110
 332 012f 02       		.byte	2
 333 0130 93       		.byte	-109
 334 0131 40       		.byte	64
 335 0132 95       		.byte	-107
 336 0133 05       		.byte	5
 337 0134 96       		.byte	-106
 338 0135 81       		.byte	-127
 339 0136 97       		.byte	-105
 340 0137 80       		.byte	-128
 341 0138 9A       		.byte	-102
 342 0139 06       		.byte	6
ARM GAS  C:\Users\THERMA~1\AppData\Local\Temp\ccSic22P.s 			page 7


 343 013a 9B       		.byte	-101
 344 013b 01       		.byte	1
 345 013c 9C       		.byte	-100
 346 013d C1       		.byte	-63
 347 013e 9F       		.byte	-97
 348 013f 10       		.byte	16
 349 0140 A3       		.byte	-93
 350 0141 31       		.byte	49
 351 0142 A4       		.byte	-92
 352 0143 25       		.byte	37
 353 0144 A5       		.byte	-91
 354 0145 08       		.byte	8
 355 0146 A6       		.byte	-90
 356 0147 10       		.byte	16
 357 0148 A7       		.byte	-89
 358 0149 80       		.byte	-128
 359 014a A8       		.byte	-88
 360 014b 20       		.byte	32
 361 014c AA       		.byte	-86
 362 014d 0A       		.byte	10
 363 014e AB       		.byte	-85
 364 014f 02       		.byte	2
 365 0150 C0       		.byte	-64
 366 0151 F5       		.byte	-11
 367 0152 C2       		.byte	-62
 368 0153 BB       		.byte	-69
 369 0154 C4       		.byte	-60
 370 0155 77       		.byte	119
 371 0156 CA       		.byte	-54
 372 0157 38       		.byte	56
 373 0158 CC       		.byte	-52
 374 0159 FD       		.byte	-3
 375 015a CE       		.byte	-50
 376 015b 8B       		.byte	-117
 377 015c D6       		.byte	-42
 378 015d 02       		.byte	2
 379 015e 28       		.byte	40
 380 015f 01       		.byte	1
 381 0160 34       		.byte	52
 382 0161 01       		.byte	1
 383 0162 3B       		.byte	59
 384 0163 80       		.byte	-128
 385 0164 3E       		.byte	62
 386 0165 10       		.byte	16
 387 0166 40       		.byte	64
 388 0167 45       		.byte	69
 389 0168 41       		.byte	65
 390 0169 02       		.byte	2
 391 016a 46       		.byte	70
 392 016b B0       		.byte	-80
 393 016c 47       		.byte	71
 394 016d CE       		.byte	-50
 395 016e 48       		.byte	72
 396 016f 38       		.byte	56
 397 0170 49       		.byte	73
 398 0171 FF       		.byte	-1
 399 0172 4A       		.byte	74
ARM GAS  C:\Users\THERMA~1\AppData\Local\Temp\ccSic22P.s 			page 8


 400 0173 FF       		.byte	-1
 401 0174 4B       		.byte	75
 402 0175 FF       		.byte	-1
 403 0176 4E       		.byte	78
 404 0177 F0       		.byte	-16
 405 0178 4F       		.byte	79
 406 0179 44       		.byte	68
 407 017a 50       		.byte	80
 408 017b 0C       		.byte	12
 409 017c 54       		.byte	84
 410 017d 01       		.byte	1
 411 017e 58       		.byte	88
 412 017f 04       		.byte	4
 413 0180 59       		.byte	89
 414 0181 04       		.byte	4
 415 0182 5A       		.byte	90
 416 0183 04       		.byte	4
 417 0184 5B       		.byte	91
 418 0185 04       		.byte	4
 419 0186 5F       		.byte	95
 420 0187 01       		.byte	1
 421 0188 66       		.byte	102
 422 0189 C0       		.byte	-64
 423 018a 6A       		.byte	106
 424 018b 40       		.byte	64
 425 018c 6B       		.byte	107
 426 018d 02       		.byte	2
 427 018e 00       		.byte	0
 428 018f 12       		.byte	18
 429 0190 03       		.byte	3
 430 0191 22       		.byte	34
 431 0192 08       		.byte	8
 432 0193 02       		.byte	2
 433 0194 09       		.byte	9
 434 0195 08       		.byte	8
 435 0196 0A       		.byte	10
 436 0197 05       		.byte	5
 437 0198 0B       		.byte	11
 438 0199 40       		.byte	64
 439 019a 10       		.byte	16
 440 019b 69       		.byte	105
 441 019c 16       		.byte	22
 442 019d 08       		.byte	8
 443 019e 18       		.byte	24
 444 019f 10       		.byte	16
 445 01a0 19       		.byte	25
 446 01a1 02       		.byte	2
 447 01a2 1A       		.byte	26
 448 01a3 02       		.byte	2
 449 01a4 1B       		.byte	27
 450 01a5 28       		.byte	40
 451 01a6 1E       		.byte	30
 452 01a7 08       		.byte	8
 453 01a8 21       		.byte	33
 454 01a9 40       		.byte	64
 455 01aa 23       		.byte	35
 456 01ab 30       		.byte	48
ARM GAS  C:\Users\THERMA~1\AppData\Local\Temp\ccSic22P.s 			page 9


 457 01ac 27       		.byte	39
 458 01ad 01       		.byte	1
 459 01ae 28       		.byte	40
 460 01af 02       		.byte	2
 461 01b0 2B       		.byte	43
 462 01b1 08       		.byte	8
 463 01b2 30       		.byte	48
 464 01b3 08       		.byte	8
 465 01b4 32       		.byte	50
 466 01b5 40       		.byte	64
 467 01b6 33       		.byte	51
 468 01b7 20       		.byte	32
 469 01b8 39       		.byte	57
 470 01b9 81       		.byte	-127
 471 01ba 3B       		.byte	59
 472 01bb 10       		.byte	16
 473 01bc 40       		.byte	64
 474 01bd 10       		.byte	16
 475 01be 43       		.byte	67
 476 01bf A1       		.byte	-95
 477 01c0 45       		.byte	69
 478 01c1 02       		.byte	2
 479 01c2 47       		.byte	71
 480 01c3 10       		.byte	16
 481 01c4 48       		.byte	72
 482 01c5 90       		.byte	-112
 483 01c6 49       		.byte	73
 484 01c7 20       		.byte	32
 485 01c8 4C       		.byte	76
 486 01c9 02       		.byte	2
 487 01ca 56       		.byte	86
 488 01cb 0B       		.byte	11
 489 01cc 57       		.byte	87
 490 01cd 10       		.byte	16
 491 01ce 58       		.byte	88
 492 01cf 02       		.byte	2
 493 01d0 5A       		.byte	90
 494 01d1 02       		.byte	2
 495 01d2 5C       		.byte	92
 496 01d3 A0       		.byte	-96
 497 01d4 5E       		.byte	94
 498 01d5 08       		.byte	8
 499 01d6 5F       		.byte	95
 500 01d7 02       		.byte	2
 501 01d8 78       		.byte	120
 502 01d9 08       		.byte	8
 503 01da 7B       		.byte	123
 504 01db 20       		.byte	32
 505 01dc 88       		.byte	-120
 506 01dd 08       		.byte	8
 507 01de 8B       		.byte	-117
 508 01df 01       		.byte	1
 509 01e0 90       		.byte	-112
 510 01e1 02       		.byte	2
 511 01e2 91       		.byte	-111
 512 01e3 02       		.byte	2
 513 01e4 92       		.byte	-110
ARM GAS  C:\Users\THERMA~1\AppData\Local\Temp\ccSic22P.s 			page 10


 514 01e5 04       		.byte	4
 515 01e6 95       		.byte	-107
 516 01e7 04       		.byte	4
 517 01e8 97       		.byte	-105
 518 01e9 C0       		.byte	-64
 519 01ea 99       		.byte	-103
 520 01eb 20       		.byte	32
 521 01ec 9A       		.byte	-102
 522 01ed 04       		.byte	4
 523 01ee 9C       		.byte	-100
 524 01ef 48       		.byte	72
 525 01f0 9D       		.byte	-99
 526 01f1 02       		.byte	2
 527 01f2 9E       		.byte	-98
 528 01f3 01       		.byte	1
 529 01f4 9F       		.byte	-97
 530 01f5 31       		.byte	49
 531 01f6 A0       		.byte	-96
 532 01f7 02       		.byte	2
 533 01f8 A1       		.byte	-95
 534 01f9 02       		.byte	2
 535 01fa A3       		.byte	-93
 536 01fb 03       		.byte	3
 537 01fc A4       		.byte	-92
 538 01fd 9D       		.byte	-99
 539 01fe A6       		.byte	-90
 540 01ff 10       		.byte	16
 541 0200 C0       		.byte	-64
 542 0201 0F       		.byte	15
 543 0202 C2       		.byte	-62
 544 0203 0F       		.byte	15
 545 0204 C4       		.byte	-60
 546 0205 4F       		.byte	79
 547 0206 CA       		.byte	-54
 548 0207 0C       		.byte	12
 549 0208 CC       		.byte	-52
 550 0209 0E       		.byte	14
 551 020a CE       		.byte	-50
 552 020b 0D       		.byte	13
 553 020c D0       		.byte	-48
 554 020d AF       		.byte	-81
 555 020e D2       		.byte	-46
 556 020f 14       		.byte	20
 557 0210 D6       		.byte	-42
 558 0211 F0       		.byte	-16
 559 0212 00       		.byte	0
 560 0213 12       		.byte	18
 561 0214 02       		.byte	2
 562 0215 21       		.byte	33
 563 0216 04       		.byte	4
 564 0217 37       		.byte	55
 565 0218 0A       		.byte	10
 566 0219 40       		.byte	64
 567 021a 0C       		.byte	12
 568 021b 01       		.byte	1
 569 021c 0E       		.byte	14
 570 021d 06       		.byte	6
ARM GAS  C:\Users\THERMA~1\AppData\Local\Temp\ccSic22P.s 			page 11


 571 021e 10       		.byte	16
 572 021f 08       		.byte	8
 573 0220 14       		.byte	20
 574 0221 08       		.byte	8
 575 0222 18       		.byte	24
 576 0223 24       		.byte	36
 577 0224 1A       		.byte	26
 578 0225 11       		.byte	17
 579 0226 1E       		.byte	30
 580 0227 08       		.byte	8
 581 0228 22       		.byte	34
 582 0229 40       		.byte	64
 583 022a 24       		.byte	36
 584 022b 37       		.byte	55
 585 022c 28       		.byte	40
 586 022d 08       		.byte	8
 587 022e 2E       		.byte	46
 588 022f 08       		.byte	8
 589 0230 30       		.byte	48
 590 0231 07       		.byte	7
 591 0232 32       		.byte	50
 592 0233 08       		.byte	8
 593 0234 34       		.byte	52
 594 0235 30       		.byte	48
 595 0236 36       		.byte	54
 596 0237 40       		.byte	64
 597 0238 3E       		.byte	62
 598 0239 40       		.byte	64
 599 023a 58       		.byte	88
 600 023b 04       		.byte	4
 601 023c 5F       		.byte	95
 602 023d 01       		.byte	1
 603 023e 82       		.byte	-126
 604 023f 18       		.byte	24
 605 0240 83       		.byte	-125
 606 0241 04       		.byte	4
 607 0242 84       		.byte	-124
 608 0243 63       		.byte	99
 609 0244 86       		.byte	-122
 610 0245 0C       		.byte	12
 611 0246 87       		.byte	-121
 612 0247 01       		.byte	1
 613 0248 8A       		.byte	-118
 614 0249 08       		.byte	8
 615 024a 8B       		.byte	-117
 616 024b 08       		.byte	8
 617 024c 8F       		.byte	-113
 618 024d 14       		.byte	20
 619 024e 90       		.byte	-112
 620 024f 63       		.byte	99
 621 0250 91       		.byte	-111
 622 0251 14       		.byte	20
 623 0252 92       		.byte	-110
 624 0253 14       		.byte	20
 625 0254 94       		.byte	-108
 626 0255 5A       		.byte	90
 627 0256 95       		.byte	-107
ARM GAS  C:\Users\THERMA~1\AppData\Local\Temp\ccSic22P.s 			page 12


 628 0257 01       		.byte	1
 629 0258 96       		.byte	-106
 630 0259 04       		.byte	4
 631 025a 9B       		.byte	-101
 632 025b 04       		.byte	4
 633 025c 9E       		.byte	-98
 634 025d 25       		.byte	37
 635 025e 9F       		.byte	-97
 636 025f 08       		.byte	8
 637 0260 A3       		.byte	-93
 638 0261 14       		.byte	20
 639 0262 A5       		.byte	-91
 640 0263 02       		.byte	2
 641 0264 A9       		.byte	-87
 642 0265 14       		.byte	20
 643 0266 AC       		.byte	-84
 644 0267 03       		.byte	3
 645 0268 AD       		.byte	-83
 646 0269 01       		.byte	1
 647 026a AE       		.byte	-82
 648 026b 04       		.byte	4
 649 026c B0       		.byte	-80
 650 026d 1F       		.byte	31
 651 026e B1       		.byte	-79
 652 026f 10       		.byte	16
 653 0270 B3       		.byte	-77
 654 0271 08       		.byte	8
 655 0272 B4       		.byte	-76
 656 0273 60       		.byte	96
 657 0274 B5       		.byte	-75
 658 0275 04       		.byte	4
 659 0276 B7       		.byte	-73
 660 0277 03       		.byte	3
 661 0278 B8       		.byte	-72
 662 0279 20       		.byte	32
 663 027a B9       		.byte	-71
 664 027b 82       		.byte	-126
 665 027c BA       		.byte	-70
 666 027d 02       		.byte	2
 667 027e BE       		.byte	-66
 668 027f 10       		.byte	16
 669 0280 BF       		.byte	-65
 670 0281 04       		.byte	4
 671 0282 C0       		.byte	-64
 672 0283 02       		.byte	2
 673 0284 C7       		.byte	-57
 674 0285 04       		.byte	4
 675 0286 C9       		.byte	-55
 676 0287 FF       		.byte	-1
 677 0288 CA       		.byte	-54
 678 0289 07       		.byte	7
 679 028a CB       		.byte	-53
 680 028b FF       		.byte	-1
 681 028c CC       		.byte	-52
 682 028d 40       		.byte	64
 683 028e CD       		.byte	-51
 684 028f 20       		.byte	32
ARM GAS  C:\Users\THERMA~1\AppData\Local\Temp\ccSic22P.s 			page 13


 685 0290 CE       		.byte	-50
 686 0291 F0       		.byte	-16
 687 0292 CF       		.byte	-49
 688 0293 05       		.byte	5
 689 0294 D0       		.byte	-48
 690 0295 08       		.byte	8
 691 0296 D4       		.byte	-44
 692 0297 1C       		.byte	28
 693 0298 D6       		.byte	-42
 694 0299 04       		.byte	4
 695 029a D8       		.byte	-40
 696 029b 04       		.byte	4
 697 029c D9       		.byte	-39
 698 029d 04       		.byte	4
 699 029e DA       		.byte	-38
 700 029f 04       		.byte	4
 701 02a0 DB       		.byte	-37
 702 02a1 04       		.byte	4
 703 02a2 DF       		.byte	-33
 704 02a3 01       		.byte	1
 705 02a4 E0       		.byte	-32
 706 02a5 40       		.byte	64
 707 02a6 E1       		.byte	-31
 708 02a7 A8       		.byte	-88
 709 02a8 E2       		.byte	-30
 710 02a9 40       		.byte	64
 711 02aa E3       		.byte	-29
 712 02ab 20       		.byte	32
 713 02ac 00       		.byte	0
 714 02ad 0A       		.byte	10
 715 02ae 01       		.byte	1
 716 02af 20       		.byte	32
 717 02b0 03       		.byte	3
 718 02b1 0A       		.byte	10
 719 02b2 04       		.byte	4
 720 02b3 02       		.byte	2
 721 02b4 05       		.byte	5
 722 02b5 04       		.byte	4
 723 02b6 06       		.byte	6
 724 02b7 04       		.byte	4
 725 02b8 07       		.byte	7
 726 02b9 10       		.byte	16
 727 02ba 08       		.byte	8
 728 02bb 4C       		.byte	76
 729 02bc 0A       		.byte	10
 730 02bd 05       		.byte	5
 731 02be 0B       		.byte	11
 732 02bf 80       		.byte	-128
 733 02c0 0D       		.byte	13
 734 02c1 03       		.byte	3
 735 02c2 0E       		.byte	14
 736 02c3 20       		.byte	32
 737 02c4 0F       		.byte	15
 738 02c5 22       		.byte	34
 739 02c6 10       		.byte	16
 740 02c7 88       		.byte	-120
 741 02c8 11       		.byte	17
ARM GAS  C:\Users\THERMA~1\AppData\Local\Temp\ccSic22P.s 			page 14


 742 02c9 04       		.byte	4
 743 02ca 13       		.byte	19
 744 02cb 40       		.byte	64
 745 02cc 16       		.byte	22
 746 02cd 01       		.byte	1
 747 02ce 19       		.byte	25
 748 02cf 40       		.byte	64
 749 02d0 1A       		.byte	26
 750 02d1 04       		.byte	4
 751 02d2 1B       		.byte	27
 752 02d3 0A       		.byte	10
 753 02d4 1D       		.byte	29
 754 02d5 22       		.byte	34
 755 02d6 1E       		.byte	30
 756 02d7 40       		.byte	64
 757 02d8 24       		.byte	36
 758 02d9 02       		.byte	2
 759 02da 25       		.byte	37
 760 02db 08       		.byte	8
 761 02dc 27       		.byte	39
 762 02dd 48       		.byte	72
 763 02de 2A       		.byte	42
 764 02df 08       		.byte	8
 765 02e0 2B       		.byte	43
 766 02e1 10       		.byte	16
 767 02e2 2C       		.byte	44
 768 02e3 04       		.byte	4
 769 02e4 2E       		.byte	46
 770 02e5 40       		.byte	64
 771 02e6 2F       		.byte	47
 772 02e7 60       		.byte	96
 773 02e8 35       		.byte	53
 774 02e9 04       		.byte	4
 775 02ea 37       		.byte	55
 776 02eb 61       		.byte	97
 777 02ec 3C       		.byte	60
 778 02ed 20       		.byte	32
 779 02ee 3E       		.byte	62
 780 02ef 09       		.byte	9
 781 02f0 3F       		.byte	63
 782 02f1 40       		.byte	64
 783 02f2 45       		.byte	69
 784 02f3 28       		.byte	40
 785 02f4 46       		.byte	70
 786 02f5 20       		.byte	32
 787 02f6 54       		.byte	84
 788 02f7 02       		.byte	2
 789 02f8 56       		.byte	86
 790 02f9 04       		.byte	4
 791 02fa 57       		.byte	87
 792 02fb 01       		.byte	1
 793 02fc 5D       		.byte	93
 794 02fd 02       		.byte	2
 795 02fe 5F       		.byte	95
 796 02ff 08       		.byte	8
 797 0300 64       		.byte	100
 798 0301 80       		.byte	-128
ARM GAS  C:\Users\THERMA~1\AppData\Local\Temp\ccSic22P.s 			page 15


 799 0302 65       		.byte	101
 800 0303 40       		.byte	64
 801 0304 66       		.byte	102
 802 0305 20       		.byte	32
 803 0306 80       		.byte	-128
 804 0307 80       		.byte	-128
 805 0308 8B       		.byte	-117
 806 0309 21       		.byte	33
 807 030a C0       		.byte	-64
 808 030b 7F       		.byte	127
 809 030c C2       		.byte	-62
 810 030d BF       		.byte	-65
 811 030e C4       		.byte	-60
 812 030f 8F       		.byte	-113
 813 0310 CA       		.byte	-54
 814 0311 F0       		.byte	-16
 815 0312 CC       		.byte	-52
 816 0313 F0       		.byte	-16
 817 0314 CE       		.byte	-50
 818 0315 F0       		.byte	-16
 819 0316 D0       		.byte	-48
 820 0317 20       		.byte	32
 821 0318 D6       		.byte	-42
 822 0319 C0       		.byte	-64
 823 031a D8       		.byte	-40
 824 031b B0       		.byte	-80
 825 031c 32       		.byte	50
 826 031d 40       		.byte	64
 827 031e 82       		.byte	-126
 828 031f 40       		.byte	64
 829 0320 CC       		.byte	-52
 830 0321 10       		.byte	16
 831 0322 E6       		.byte	-26
 832 0323 80       		.byte	-128
 833 0324 01       		.byte	1
 834 0325 02       		.byte	2
 835 0326 56       		.byte	86
 836 0327 80       		.byte	-128
 837 0328 C0       		.byte	-64
 838 0329 08       		.byte	8
 839 032a D4       		.byte	-44
 840 032b 02       		.byte	2
 841 032c AA       		.byte	-86
 842 032d 80       		.byte	-128
 843 032e B1       		.byte	-79
 844 032f 02       		.byte	2
 845 0330 EA       		.byte	-22
 846 0331 01       		.byte	1
 847 0332 00       		.byte	0
 848 0333 01       		.byte	1
 849 0334 0C       		.byte	12
 850 0335 01       		.byte	1
 851 0336 0E       		.byte	14
 852 0337 01       		.byte	1
 853 0338 00       		.byte	0
 854 0339 03       		.byte	3
 855 033a 00       		.byte	0
ARM GAS  C:\Users\THERMA~1\AppData\Local\Temp\ccSic22P.s 			page 16


 856 033b 00       		.byte	0
 857 033c 00       		.byte	0
 858 033d 00       		.byte	0
 859 033e 10       		.byte	16
 860 033f 1F       		.byte	31
 861 0340 61       		.byte	97
 862 0341 00       		.byte	0
 863 0342 06       		.byte	6
 864 0343 00       		.byte	0
 865 0344 21       		.byte	33
 866 0345 18       		.byte	24
 867 0346 00       		.byte	0
 868 0347 04       		.byte	4
 869 0348 00       		.byte	0
 870 0349 10       		.byte	16
 871 034a 08       		.byte	8
 872 034b 09       		.byte	9
 873 034c 07       		.byte	7
 874 034d 00       		.byte	0
 875 034e 60       		.byte	96
 876 034f 00       		.byte	0
 877 0350 06       		.byte	6
 878 0351 1F       		.byte	31
 879 0352 00       		.byte	0
 880 0353 00       		.byte	0
 881 0354 00       		.byte	0
 882 0355 1D       		.byte	29
 883 0356 10       		.byte	16
 884 0357 02       		.byte	2
 885 0358 04       		.byte	4
 886 0359 1A       		.byte	26
 887 035a 00       		.byte	0
 888 035b 05       		.byte	5
 889 035c 00       		.byte	0
 890 035d 00       		.byte	0
 891 035e 61       		.byte	97
 892 035f 00       		.byte	0
 893 0360 02       		.byte	2
 894 0361 00       		.byte	0
 895 0362 00       		.byte	0
 896 0363 00       		.byte	0
 897 0364 67       		.byte	103
 898 0365 0D       		.byte	13
 899 0366 00       		.byte	0
 900 0367 12       		.byte	18
 901 0368 06       		.byte	6
 902 0369 07       		.byte	7
 903 036a 61       		.byte	97
 904 036b 18       		.byte	24
 905 036c 20       		.byte	32
 906 036d 00       		.byte	0
 907 036e 18       		.byte	24
 908 036f 1C       		.byte	28
 909 0370 07       		.byte	7
 910 0371 00       		.byte	0
 911 0372 46       		.byte	70
 912 0373 03       		.byte	3
ARM GAS  C:\Users\THERMA~1\AppData\Local\Temp\ccSic22P.s 			page 17


 913 0374 00       		.byte	0
 914 0375 00       		.byte	0
 915 0376 A0       		.byte	-96
 916 0377 88       		.byte	-120
 917 0378 00       		.byte	0
 918 0379 00       		.byte	0
 919 037a 04       		.byte	4
 920 037b 00       		.byte	0
 921 037c 21       		.byte	33
 922 037d 04       		.byte	4
 923 037e 06       		.byte	6
 924 037f 00       		.byte	0
 925 0380 03       		.byte	3
 926 0381 CE       		.byte	-50
 927 0382 00       		.byte	0
 928 0383 00       		.byte	0
 929 0384 03       		.byte	3
 930 0385 FF       		.byte	-1
 931 0386 FF       		.byte	-1
 932 0387 FF       		.byte	-1
 933 0388 62       		.byte	98
 934 0389 A0       		.byte	-96
 935 038a F0       		.byte	-16
 936 038b 41       		.byte	65
 937 038c 0C       		.byte	12
 938 038d 00       		.byte	0
 939 038e 00       		.byte	0
 940 038f 00       		.byte	0
 941 0390 00       		.byte	0
 942 0391 00       		.byte	0
 943 0392 00       		.byte	0
 944 0393 00       		.byte	0
 945 0394 04       		.byte	4
 946 0395 04       		.byte	4
 947 0396 04       		.byte	4
 948 0397 00       		.byte	0
 949 0398 00       		.byte	0
 950 0399 00       		.byte	0
 951 039a 00       		.byte	0
 952 039b 01       		.byte	1
 953 039c 00       		.byte	0
 954 039d 00       		.byte	0
 955 039e 00       		.byte	0
 956 039f 00       		.byte	0
 957 03a0 00       		.byte	0
 958 03a1 00       		.byte	0
 959 03a2 40       		.byte	64
 960 03a3 02       		.byte	2
 961 03a4 00       		.byte	0
 962 03a5 10       		.byte	16
 963 03a6 30       		.byte	48
 964 03a7 10       		.byte	16
 965 03a8 00       		.byte	0
 966 03a9 10       		.byte	16
 967 03aa 10       		.byte	16
 968 03ab 12       		.byte	18
 969 03ac 00       		.byte	0
ARM GAS  C:\Users\THERMA~1\AppData\Local\Temp\ccSic22P.s 			page 18


 970 03ad 00       		.byte	0
 971 03ae 00       		.byte	0
 972 03af 00       		.byte	0
 973 03b0 00       		.byte	0
 974 03b1 00       		.byte	0
 975 03b2 00       		.byte	0
 976 03b3 00       		.byte	0
 977 03b4 00       		.byte	0
 978 03b5 00       		.byte	0
 979 03b6 00       		.byte	0
 980 03b7 00       		.byte	0
 981 03b8 00       		.byte	0
 982 03b9 00       		.byte	0
 983 03ba 00       		.byte	0
 984 03bb 00       		.byte	0
 985 03bc 20       		.byte	32
 986 03bd 00       		.byte	0
 987 03be 10       		.byte	16
 988 03bf 20       		.byte	32
 989 03c0 20       		.byte	32
 990 03c1 00       		.byte	0
 991 03c2 20       		.byte	32
 992 03c3 00       		.byte	0
 993 03c4 00       		.byte	0
 994 03c5 00       		.byte	0
 995 03c6 00       		.byte	0
 996 03c7 00       		.byte	0
 997 03c8 00       		.byte	0
 998 03c9 0B       		.byte	11
 999 03ca 0B       		.byte	11
 1000 03cb 00       		.byte	0
 1001 03cc 00       		.byte	0
 1002 03cd 00       		.byte	0
 1003 03ce 00       		.byte	0
 1004 03cf 00       		.byte	0
 1005              		.section	.cywolatch,"a",%progbits
 1006              		.align	2
 1007              		.type	cy_meta_wonvl, %object
 1008              		.size	cy_meta_wonvl, 4
 1009              	cy_meta_wonvl:
 1010 0000 BC       		.byte	-68
 1011 0001 90       		.byte	-112
 1012 0002 AC       		.byte	-84
 1013 0003 AF       		.byte	-81
 1014              		.section	.cycustnvl,"a",%progbits
 1015              		.align	2
 1016              		.type	cy_meta_custnvl, %object
 1017              		.size	cy_meta_custnvl, 4
 1018              	cy_meta_custnvl:
 1019 0000 00       		.byte	0
 1020 0001 00       		.byte	0
 1021 0002 40       		.byte	64
 1022 0003 05       		.byte	5
 1023              		.section	.cymeta,"a",%progbits
 1024              		.align	2
 1025              		.type	cy_metadata, %object
 1026              		.size	cy_metadata, 12
ARM GAS  C:\Users\THERMA~1\AppData\Local\Temp\ccSic22P.s 			page 19


 1027              	cy_metadata:
 1028 0000 00       		.byte	0
 1029 0001 01       		.byte	1
 1030 0002 2E       		.byte	46
 1031 0003 16       		.byte	22
 1032 0004 10       		.byte	16
 1033 0005 69       		.byte	105
 1034 0006 00       		.byte	0
 1035 0007 01       		.byte	1
 1036 0008 00       		.byte	0
 1037 0009 00       		.byte	0
 1038 000a 00       		.byte	0
 1039 000b 00       		.byte	0
 1040              		.section	.cyflashprotect,"a",%progbits
 1041              		.align	2
 1042              		.type	cy_meta_flashprotect, %object
 1043              		.size	cy_meta_flashprotect, 256
 1044              	cy_meta_flashprotect:
 1045 0000 00000000 		.space	256
 1045      00000000 
 1045      00000000 
 1045      00000000 
 1045      00000000 
 1046              		.text
 1047              	.Letext0:
 1048              		.file 1 "c:\\program files (x86)\\cypress\\psoc creator\\4.2\\psoc creator\\import\\gnu\\arm\\5.4.
 1049              		.file 2 "c:\\program files (x86)\\cypress\\psoc creator\\4.2\\psoc creator\\import\\gnu\\arm\\5.4.
 1050              		.file 3 "Generated_Source\\PSoC5\\cymetadata.c"
 1051              		.section	.debug_info,"",%progbits
 1052              	.Ldebug_info0:
 1053 0000 31010000 		.4byte	0x131
 1054 0004 0400     		.2byte	0x4
 1055 0006 00000000 		.4byte	.Ldebug_abbrev0
 1056 000a 04       		.byte	0x4
 1057 000b 01       		.uleb128 0x1
 1058 000c 37000000 		.4byte	.LASF17
 1059 0010 0C       		.byte	0xc
 1060 0011 C3010000 		.4byte	.LASF18
 1061 0015 D7000000 		.4byte	.LASF19
 1062 0019 00000000 		.4byte	.Ldebug_line0
 1063 001d 02       		.uleb128 0x2
 1064 001e 01       		.byte	0x1
 1065 001f 06       		.byte	0x6
 1066 0020 B7010000 		.4byte	.LASF0
 1067 0024 03       		.uleb128 0x3
 1068 0025 00000000 		.4byte	.LASF9
 1069 0029 01       		.byte	0x1
 1070 002a 1D       		.byte	0x1d
 1071 002b 2F000000 		.4byte	0x2f
 1072 002f 02       		.uleb128 0x2
 1073 0030 01       		.byte	0x1
 1074 0031 08       		.byte	0x8
 1075 0032 29000000 		.4byte	.LASF1
 1076 0036 02       		.uleb128 0x2
 1077 0037 02       		.byte	0x2
 1078 0038 05       		.byte	0x5
 1079 0039 A4010000 		.4byte	.LASF2
ARM GAS  C:\Users\THERMA~1\AppData\Local\Temp\ccSic22P.s 			page 20


 1080 003d 02       		.uleb128 0x2
 1081 003e 02       		.byte	0x2
 1082 003f 07       		.byte	0x7
 1083 0040 0A000000 		.4byte	.LASF3
 1084 0044 02       		.uleb128 0x2
 1085 0045 04       		.byte	0x4
 1086 0046 05       		.byte	0x5
 1087 0047 AE010000 		.4byte	.LASF4
 1088 004b 02       		.uleb128 0x2
 1089 004c 04       		.byte	0x4
 1090 004d 07       		.byte	0x7
 1091 004e C5000000 		.4byte	.LASF5
 1092 0052 02       		.uleb128 0x2
 1093 0053 08       		.byte	0x8
 1094 0054 05       		.byte	0x5
 1095 0055 96010000 		.4byte	.LASF6
 1096 0059 02       		.uleb128 0x2
 1097 005a 08       		.byte	0x8
 1098 005b 07       		.byte	0x7
 1099 005c 4B010000 		.4byte	.LASF7
 1100 0060 04       		.uleb128 0x4
 1101 0061 04       		.byte	0x4
 1102 0062 05       		.byte	0x5
 1103 0063 696E7400 		.ascii	"int\000"
 1104 0067 02       		.uleb128 0x2
 1105 0068 04       		.byte	0x4
 1106 0069 07       		.byte	0x7
 1107 006a 3E010000 		.4byte	.LASF8
 1108 006e 03       		.uleb128 0x3
 1109 006f 62010000 		.4byte	.LASF10
 1110 0073 02       		.byte	0x2
 1111 0074 18       		.byte	0x18
 1112 0075 24000000 		.4byte	0x24
 1113 0079 05       		.uleb128 0x5
 1114 007a 91000000 		.4byte	0x91
 1115 007e 8A000000 		.4byte	0x8a
 1116 0082 06       		.uleb128 0x6
 1117 0083 8A000000 		.4byte	0x8a
 1118 0087 CF03     		.2byte	0x3cf
 1119 0089 00       		.byte	0
 1120 008a 02       		.uleb128 0x2
 1121 008b 04       		.byte	0x4
 1122 008c 07       		.byte	0x7
 1123 008d 8D010000 		.4byte	.LASF11
 1124 0091 07       		.uleb128 0x7
 1125 0092 6E000000 		.4byte	0x6e
 1126 0096 08       		.uleb128 0x8
 1127 0097 2C010000 		.4byte	.LASF12
 1128 009b 03       		.byte	0x3
 1129 009c 1F       		.byte	0x1f
 1130 009d A7000000 		.4byte	0xa7
 1131 00a1 05       		.uleb128 0x5
 1132 00a2 03       		.byte	0x3
 1133 00a3 00000000 		.4byte	cy_meta_configecc
 1134 00a7 07       		.uleb128 0x7
 1135 00a8 79000000 		.4byte	0x79
 1136 00ac 05       		.uleb128 0x5
ARM GAS  C:\Users\THERMA~1\AppData\Local\Temp\ccSic22P.s 			page 21


 1137 00ad 91000000 		.4byte	0x91
 1138 00b1 BC000000 		.4byte	0xbc
 1139 00b5 09       		.uleb128 0x9
 1140 00b6 8A000000 		.4byte	0x8a
 1141 00ba 03       		.byte	0x3
 1142 00bb 00       		.byte	0
 1143 00bc 08       		.uleb128 0x8
 1144 00bd 1C010000 		.4byte	.LASF13
 1145 00c1 03       		.byte	0x3
 1146 00c2 A6       		.byte	0xa6
 1147 00c3 CD000000 		.4byte	0xcd
 1148 00c7 05       		.uleb128 0x5
 1149 00c8 03       		.byte	0x3
 1150 00c9 00000000 		.4byte	cy_meta_custnvl
 1151 00cd 07       		.uleb128 0x7
 1152 00ce AC000000 		.4byte	0xac
 1153 00d2 08       		.uleb128 0x8
 1154 00d3 7F010000 		.4byte	.LASF14
 1155 00d7 03       		.byte	0x3
 1156 00d8 B4       		.byte	0xb4
 1157 00d9 E3000000 		.4byte	0xe3
 1158 00dd 05       		.uleb128 0x5
 1159 00de 03       		.byte	0x3
 1160 00df 00000000 		.4byte	cy_meta_wonvl
 1161 00e3 07       		.uleb128 0x7
 1162 00e4 AC000000 		.4byte	0xac
 1163 00e8 05       		.uleb128 0x5
 1164 00e9 91000000 		.4byte	0x91
 1165 00ed F8000000 		.4byte	0xf8
 1166 00f1 09       		.uleb128 0x9
 1167 00f2 8A000000 		.4byte	0x8a
 1168 00f6 FF       		.byte	0xff
 1169 00f7 00       		.byte	0
 1170 00f8 08       		.uleb128 0x8
 1171 00f9 6A010000 		.4byte	.LASF15
 1172 00fd 03       		.byte	0x3
 1173 00fe C2       		.byte	0xc2
 1174 00ff 09010000 		.4byte	0x109
 1175 0103 05       		.uleb128 0x5
 1176 0104 03       		.byte	0x3
 1177 0105 00000000 		.4byte	cy_meta_flashprotect
 1178 0109 07       		.uleb128 0x7
 1179 010a E8000000 		.4byte	0xe8
 1180 010e 05       		.uleb128 0x5
 1181 010f 91000000 		.4byte	0x91
 1182 0113 1E010000 		.4byte	0x11e
 1183 0117 09       		.uleb128 0x9
 1184 0118 8A000000 		.4byte	0x8a
 1185 011c 0B       		.byte	0xb
 1186 011d 00       		.byte	0
 1187 011e 08       		.uleb128 0x8
 1188 011f 1D000000 		.4byte	.LASF16
 1189 0123 03       		.byte	0x3
 1190 0124 EF       		.byte	0xef
 1191 0125 2F010000 		.4byte	0x12f
 1192 0129 05       		.uleb128 0x5
 1193 012a 03       		.byte	0x3
ARM GAS  C:\Users\THERMA~1\AppData\Local\Temp\ccSic22P.s 			page 22


 1194 012b 00000000 		.4byte	cy_metadata
 1195 012f 07       		.uleb128 0x7
 1196 0130 0E010000 		.4byte	0x10e
 1197 0134 00       		.byte	0
 1198              		.section	.debug_abbrev,"",%progbits
 1199              	.Ldebug_abbrev0:
 1200 0000 01       		.uleb128 0x1
 1201 0001 11       		.uleb128 0x11
 1202 0002 01       		.byte	0x1
 1203 0003 25       		.uleb128 0x25
 1204 0004 0E       		.uleb128 0xe
 1205 0005 13       		.uleb128 0x13
 1206 0006 0B       		.uleb128 0xb
 1207 0007 03       		.uleb128 0x3
 1208 0008 0E       		.uleb128 0xe
 1209 0009 1B       		.uleb128 0x1b
 1210 000a 0E       		.uleb128 0xe
 1211 000b 10       		.uleb128 0x10
 1212 000c 17       		.uleb128 0x17
 1213 000d 00       		.byte	0
 1214 000e 00       		.byte	0
 1215 000f 02       		.uleb128 0x2
 1216 0010 24       		.uleb128 0x24
 1217 0011 00       		.byte	0
 1218 0012 0B       		.uleb128 0xb
 1219 0013 0B       		.uleb128 0xb
 1220 0014 3E       		.uleb128 0x3e
 1221 0015 0B       		.uleb128 0xb
 1222 0016 03       		.uleb128 0x3
 1223 0017 0E       		.uleb128 0xe
 1224 0018 00       		.byte	0
 1225 0019 00       		.byte	0
 1226 001a 03       		.uleb128 0x3
 1227 001b 16       		.uleb128 0x16
 1228 001c 00       		.byte	0
 1229 001d 03       		.uleb128 0x3
 1230 001e 0E       		.uleb128 0xe
 1231 001f 3A       		.uleb128 0x3a
 1232 0020 0B       		.uleb128 0xb
 1233 0021 3B       		.uleb128 0x3b
 1234 0022 0B       		.uleb128 0xb
 1235 0023 49       		.uleb128 0x49
 1236 0024 13       		.uleb128 0x13
 1237 0025 00       		.byte	0
 1238 0026 00       		.byte	0
 1239 0027 04       		.uleb128 0x4
 1240 0028 24       		.uleb128 0x24
 1241 0029 00       		.byte	0
 1242 002a 0B       		.uleb128 0xb
 1243 002b 0B       		.uleb128 0xb
 1244 002c 3E       		.uleb128 0x3e
 1245 002d 0B       		.uleb128 0xb
 1246 002e 03       		.uleb128 0x3
 1247 002f 08       		.uleb128 0x8
 1248 0030 00       		.byte	0
 1249 0031 00       		.byte	0
 1250 0032 05       		.uleb128 0x5
ARM GAS  C:\Users\THERMA~1\AppData\Local\Temp\ccSic22P.s 			page 23


 1251 0033 01       		.uleb128 0x1
 1252 0034 01       		.byte	0x1
 1253 0035 49       		.uleb128 0x49
 1254 0036 13       		.uleb128 0x13
 1255 0037 01       		.uleb128 0x1
 1256 0038 13       		.uleb128 0x13
 1257 0039 00       		.byte	0
 1258 003a 00       		.byte	0
 1259 003b 06       		.uleb128 0x6
 1260 003c 21       		.uleb128 0x21
 1261 003d 00       		.byte	0
 1262 003e 49       		.uleb128 0x49
 1263 003f 13       		.uleb128 0x13
 1264 0040 2F       		.uleb128 0x2f
 1265 0041 05       		.uleb128 0x5
 1266 0042 00       		.byte	0
 1267 0043 00       		.byte	0
 1268 0044 07       		.uleb128 0x7
 1269 0045 26       		.uleb128 0x26
 1270 0046 00       		.byte	0
 1271 0047 49       		.uleb128 0x49
 1272 0048 13       		.uleb128 0x13
 1273 0049 00       		.byte	0
 1274 004a 00       		.byte	0
 1275 004b 08       		.uleb128 0x8
 1276 004c 34       		.uleb128 0x34
 1277 004d 00       		.byte	0
 1278 004e 03       		.uleb128 0x3
 1279 004f 0E       		.uleb128 0xe
 1280 0050 3A       		.uleb128 0x3a
 1281 0051 0B       		.uleb128 0xb
 1282 0052 3B       		.uleb128 0x3b
 1283 0053 0B       		.uleb128 0xb
 1284 0054 49       		.uleb128 0x49
 1285 0055 13       		.uleb128 0x13
 1286 0056 3F       		.uleb128 0x3f
 1287 0057 19       		.uleb128 0x19
 1288 0058 02       		.uleb128 0x2
 1289 0059 18       		.uleb128 0x18
 1290 005a 00       		.byte	0
 1291 005b 00       		.byte	0
 1292 005c 09       		.uleb128 0x9
 1293 005d 21       		.uleb128 0x21
 1294 005e 00       		.byte	0
 1295 005f 49       		.uleb128 0x49
 1296 0060 13       		.uleb128 0x13
 1297 0061 2F       		.uleb128 0x2f
 1298 0062 0B       		.uleb128 0xb
 1299 0063 00       		.byte	0
 1300 0064 00       		.byte	0
 1301 0065 00       		.byte	0
 1302              		.section	.debug_aranges,"",%progbits
 1303 0000 14000000 		.4byte	0x14
 1304 0004 0200     		.2byte	0x2
 1305 0006 00000000 		.4byte	.Ldebug_info0
 1306 000a 04       		.byte	0x4
 1307 000b 00       		.byte	0
ARM GAS  C:\Users\THERMA~1\AppData\Local\Temp\ccSic22P.s 			page 24


 1308 000c 0000     		.2byte	0
 1309 000e 0000     		.2byte	0
 1310 0010 00000000 		.4byte	0
 1311 0014 00000000 		.4byte	0
 1312              		.section	.debug_line,"",%progbits
 1313              	.Ldebug_line0:
 1314 0000 3D010000 		.section	.debug_str,"MS",%progbits,1
 1314      02003701 
 1314      00000201 
 1314      FB0E0D00 
 1314      01010101 
 1315              	.LASF9:
 1316 0000 5F5F7569 		.ascii	"__uint8_t\000"
 1316      6E74385F 
 1316      7400
 1317              	.LASF3:
 1318 000a 73686F72 		.ascii	"short unsigned int\000"
 1318      7420756E 
 1318      7369676E 
 1318      65642069 
 1318      6E7400
 1319              	.LASF16:
 1320 001d 63795F6D 		.ascii	"cy_metadata\000"
 1320      65746164 
 1320      61746100 
 1321              	.LASF1:
 1322 0029 756E7369 		.ascii	"unsigned char\000"
 1322      676E6564 
 1322      20636861 
 1322      7200
 1323              	.LASF17:
 1324 0037 474E5520 		.ascii	"GNU C11 5.4.1 20160609 (release) [ARM/embedded-5-br"
 1324      43313120 
 1324      352E342E 
 1324      31203230 
 1324      31363036 
 1325 006a 616E6368 		.ascii	"anch revision 237715] -mcpu=cortex-m3 -mthumb -g -O"
 1325      20726576 
 1325      6973696F 
 1325      6E203233 
 1325      37373135 
 1326 009d 67202D66 		.ascii	"g -ffunction-sections -ffat-lto-objects\000"
 1326      66756E63 
 1326      74696F6E 
 1326      2D736563 
 1326      74696F6E 
 1327              	.LASF5:
 1328 00c5 6C6F6E67 		.ascii	"long unsigned int\000"
 1328      20756E73 
 1328      69676E65 
 1328      6420696E 
 1328      7400
 1329              	.LASF19:
 1330 00d7 433A5C55 		.ascii	"C:\\Users\\Thermaltake\\Documents\\GitHub\\Mepsan\\"
 1330      73657273 
 1330      5C546865 
 1330      726D616C 
ARM GAS  C:\Users\THERMA~1\AppData\Local\Temp\ccSic22P.s 			page 25


 1330      74616B65 
 1331 0104 456D756C 		.ascii	"Emulador\\Emulador.cydsn\000"
 1331      61646F72 
 1331      5C456D75 
 1331      6C61646F 
 1331      722E6379 
 1332              	.LASF13:
 1333 011c 63795F6D 		.ascii	"cy_meta_custnvl\000"
 1333      6574615F 
 1333      63757374 
 1333      6E766C00 
 1334              	.LASF12:
 1335 012c 63795F6D 		.ascii	"cy_meta_configecc\000"
 1335      6574615F 
 1335      636F6E66 
 1335      69676563 
 1335      6300
 1336              	.LASF8:
 1337 013e 756E7369 		.ascii	"unsigned int\000"
 1337      676E6564 
 1337      20696E74 
 1337      00
 1338              	.LASF7:
 1339 014b 6C6F6E67 		.ascii	"long long unsigned int\000"
 1339      206C6F6E 
 1339      6720756E 
 1339      7369676E 
 1339      65642069 
 1340              	.LASF10:
 1341 0162 75696E74 		.ascii	"uint8_t\000"
 1341      385F7400 
 1342              	.LASF15:
 1343 016a 63795F6D 		.ascii	"cy_meta_flashprotect\000"
 1343      6574615F 
 1343      666C6173 
 1343      6870726F 
 1343      74656374 
 1344              	.LASF14:
 1345 017f 63795F6D 		.ascii	"cy_meta_wonvl\000"
 1345      6574615F 
 1345      776F6E76 
 1345      6C00
 1346              	.LASF11:
 1347 018d 73697A65 		.ascii	"sizetype\000"
 1347      74797065 
 1347      00
 1348              	.LASF6:
 1349 0196 6C6F6E67 		.ascii	"long long int\000"
 1349      206C6F6E 
 1349      6720696E 
 1349      7400
 1350              	.LASF2:
 1351 01a4 73686F72 		.ascii	"short int\000"
 1351      7420696E 
 1351      7400
 1352              	.LASF4:
 1353 01ae 6C6F6E67 		.ascii	"long int\000"
ARM GAS  C:\Users\THERMA~1\AppData\Local\Temp\ccSic22P.s 			page 26


 1353      20696E74 
 1353      00
 1354              	.LASF0:
 1355 01b7 7369676E 		.ascii	"signed char\000"
 1355      65642063 
 1355      68617200 
 1356              	.LASF18:
 1357 01c3 47656E65 		.ascii	"Generated_Source\\PSoC5\\cymetadata.c\000"
 1357      72617465 
 1357      645F536F 
 1357      75726365 
 1357      5C50536F 
 1358              		.ident	"GCC: (GNU Tools for ARM Embedded Processors) 5.4.1 20160609 (release) [ARM/embedded-5-bran
