--------------- Rebuild Started: 04/24/2018 12:59:05 Project: Mepsan, Configuration: ARM GCC 5.4-2016-q2-update Debug ---------------
Deleting file ".\ARM_GCC_541\Debug\main.o"
Deleting file ".\ARM_GCC_541\Debug\PumpCom.o"
Deleting file ".\ARM_GCC_541\Debug\Gbr.o"
Deleting file ".\ARM_GCC_541\Debug\cyfitter_cfg.o"
Deleting file ".\ARM_GCC_541\Debug\cymetadata.o"
Deleting file ".\ARM_GCC_541\Debug\clock_1.o"
Deleting file ".\ARM_GCC_541\Debug\PWM_1.o"
Deleting file ".\ARM_GCC_541\Debug\PWM_1_PM.o"
Deleting file ".\ARM_GCC_541\Debug\PWM_Out.o"
Deleting file ".\ARM_GCC_541\Debug\Kill_Switch.o"
Deleting file ".\ARM_GCC_541\Debug\Cm3Start.o"
Deleting file ".\ARM_GCC_541\Debug\CyBootAsmGnu.o"
Deleting file ".\ARM_GCC_541\Debug\CyDmac.o"
Deleting file ".\ARM_GCC_541\Debug\CyFlash.o"
Deleting file ".\ARM_GCC_541\Debug\CyLib.o"
Deleting file ".\ARM_GCC_541\Debug\cyPm.o"
Deleting file ".\ARM_GCC_541\Debug\CySpc.o"
Deleting file ".\ARM_GCC_541\Debug\cyutils.o"
Deleting file ".\ARM_GCC_541\Debug\cy_em_eeprom.o"
Deleting file ".\ARM_GCC_541\Debug\UART_1.o"
Deleting file ".\ARM_GCC_541\Debug\UART_1_PM.o"
Deleting file ".\ARM_GCC_541\Debug\UART_1_INT.o"
Deleting file ".\ARM_GCC_541\Debug\UART_1_BOOT.o"
Deleting file ".\ARM_GCC_541\Debug\UART_1_IntClock.o"
Deleting file ".\ARM_GCC_541\Debug\Timer_1.o"
Deleting file ".\ARM_GCC_541\Debug\Timer_1_PM.o"
Deleting file ".\ARM_GCC_541\Debug\isr_1.o"
Deleting file ".\ARM_GCC_541\Debug\UART_2.o"
Deleting file ".\ARM_GCC_541\Debug\UART_2_PM.o"
Deleting file ".\ARM_GCC_541\Debug\UART_2_INT.o"
Deleting file ".\ARM_GCC_541\Debug\UART_2_BOOT.o"
Deleting file ".\ARM_GCC_541\Debug\Clock_2.o"
Deleting file ".\ARM_GCC_541\Debug\Timer_2.o"
Deleting file ".\ARM_GCC_541\Debug\Timer_2_PM.o"
Deleting file ".\ARM_GCC_541\Debug\isr_2.o"
Deleting file ".\ARM_GCC_541\Debug\EnablePin.o"
Deleting file ".\ARM_GCC_541\Debug\Mepsan.hex"
Deleting file ".\ARM_GCC_541\Debug\Mepsan.elf"
Deleting file ".\ARM_GCC_541\Debug\Mepsan.map"
Deleting file ".\Mepsan.rpt"
Deleting file ".\Mepsan_timing.html"
Deleting file ".\ARM_GCC_541\Debug\.deps\SOURCE_C__ARM_GCC_GENERIC.P"
Deleting file ".\ARM_GCC_541\Debug\.deps\SOURCE_ASM__ARM_GCC_GENERIC.P"
cydsfit.exe -.appdatapath "C:\Users\Lenovo\AppData\Local\Cypress Semiconductor\PSoC Creator\4.2" -.fdsnotice -.fdswarpdepfile=warp_dependencies.txt -.fdselabdepfile=elab_dependencies.txt -.fdsbldfile=generated_files.txt -.fdsreffile=referenced_files.txt -p C:\Users\Lenovo\Documents\GitHub\Mepsan\Mepsan.cydsn\Mepsan.cyprj -d CY8C5888LTI-LP097 -s C:\Users\Lenovo\Documents\GitHub\Mepsan\Mepsan.cydsn\Generated_Source\PSoC5 -- -yv2 -q10 -ygs -o2 -v3 -.fftcfgtype=LE
Elaborating Design...
HDL Generation...
Synthesis...
Tech Mapping...
Analog Placement...
Analog Routing...
Analog Code Generation...
Digital Placement...
Digital Routing...
Bitstream Generation...
Bitstream Verification...
Static timing analysis...
API Generation...
Dependency Generation...
Cleanup...
arm-none-eabi-gcc.exe -mcpu=cortex-m3 -mthumb -I. -IGenerated_Source\PSoC5 -Wa,-alh=.\ARM_GCC_541\Debug/main.lst -g -ffunction-sections -ffat-lto-objects -O0 -c main.c -o .\ARM_GCC_541\Debug\main.o
arm-none-eabi-gcc.exe -mcpu=cortex-m3 -mthumb -I. -IGenerated_Source\PSoC5 -Wa,-alh=.\ARM_GCC_541\Debug/PumpCom.lst -g -ffunction-sections -ffat-lto-objects -O0 -c PumpCom.c -o .\ARM_GCC_541\Debug\PumpCom.o
arm-none-eabi-gcc.exe -mcpu=cortex-m3 -mthumb -I. -IGenerated_Source\PSoC5 -Wa,-alh=.\ARM_GCC_541\Debug/Gbr.lst -g -ffunction-sections -ffat-lto-objects -O0 -c Gbr.c -o .\ARM_GCC_541\Debug\Gbr.o
arm-none-eabi-gcc.exe -mcpu=cortex-m3 -mthumb -I. -IGenerated_Source\PSoC5 -Wa,-alh=.\ARM_GCC_541\Debug/cyfitter_cfg.lst -g -ffunction-sections -ffat-lto-objects -O0 -c Generated_Source\PSoC5\cyfitter_cfg.c -o .\ARM_GCC_541\Debug\cyfitter_cfg.o
arm-none-eabi-gcc.exe -mcpu=cortex-m3 -mthumb -I. -IGenerated_Source\PSoC5 -Wa,-alh=.\ARM_GCC_541\Debug/cymetadata.lst -g -ffunction-sections -ffat-lto-objects -O0 -c Generated_Source\PSoC5\cymetadata.c -o .\ARM_GCC_541\Debug\cymetadata.o
arm-none-eabi-gcc.exe -mcpu=cortex-m3 -mthumb -I. -IGenerated_Source\PSoC5 -Wa,-alh=.\ARM_GCC_541\Debug/clock_1.lst -g -ffunction-sections -ffat-lto-objects -O0 -c Generated_Source\PSoC5\clock_1.c -o .\ARM_GCC_541\Debug\clock_1.o
arm-none-eabi-gcc.exe -mcpu=cortex-m3 -mthumb -I. -IGenerated_Source\PSoC5 -Wa,-alh=.\ARM_GCC_541\Debug/PWM_1.lst -g -ffunction-sections -ffat-lto-objects -O0 -c Generated_Source\PSoC5\PWM_1.c -o .\ARM_GCC_541\Debug\PWM_1.o
arm-none-eabi-gcc.exe -mcpu=cortex-m3 -mthumb -I. -IGenerated_Source\PSoC5 -Wa,-alh=.\ARM_GCC_541\Debug/PWM_1_PM.lst -g -ffunction-sections -ffat-lto-objects -O0 -c Generated_Source\PSoC5\PWM_1_PM.c -o .\ARM_GCC_541\Debug\PWM_1_PM.o
arm-none-eabi-gcc.exe -mcpu=cortex-m3 -mthumb -I. -IGenerated_Source\PSoC5 -Wa,-alh=.\ARM_GCC_541\Debug/PWM_Out.lst -g -ffunction-sections -ffat-lto-objects -O0 -c Generated_Source\PSoC5\PWM_Out.c -o .\ARM_GCC_541\Debug\PWM_Out.o
arm-none-eabi-gcc.exe -mcpu=cortex-m3 -mthumb -I. -IGenerated_Source\PSoC5 -Wa,-alh=.\ARM_GCC_541\Debug/Kill_Switch.lst -g -ffunction-sections -ffat-lto-objects -O0 -c Generated_Source\PSoC5\Kill_Switch.c -o .\ARM_GCC_541\Debug\Kill_Switch.o
arm-none-eabi-gcc.exe -mcpu=cortex-m3 -mthumb -I. -IGenerated_Source\PSoC5 -Wa,-alh=.\ARM_GCC_541\Debug/Cm3Start.lst -g -ffunction-sections -ffat-lto-objects -O0 -c Generated_Source\PSoC5\Cm3Start.c -o .\ARM_GCC_541\Debug\Cm3Start.o
arm-none-eabi-gcc.exe -mcpu=cortex-m3 -mthumb -I. -IGenerated_Source\PSoC5 -Wa,-alh=.\ARM_GCC_541\Debug/CyDmac.lst -g -ffunction-sections -ffat-lto-objects -O0 -c Generated_Source\PSoC5\CyDmac.c -o .\ARM_GCC_541\Debug\CyDmac.o
arm-none-eabi-gcc.exe -mcpu=cortex-m3 -mthumb -I. -IGenerated_Source\PSoC5 -Wa,-alh=.\ARM_GCC_541\Debug/CyFlash.lst -g -ffunction-sections -ffat-lto-objects -O0 -c Generated_Source\PSoC5\CyFlash.c -o .\ARM_GCC_541\Debug\CyFlash.o
arm-none-eabi-gcc.exe -mcpu=cortex-m3 -mthumb -I. -IGenerated_Source\PSoC5 -Wa,-alh=.\ARM_GCC_541\Debug/CyLib.lst -g -ffunction-sections -ffat-lto-objects -O0 -c Generated_Source\PSoC5\CyLib.c -o .\ARM_GCC_541\Debug\CyLib.o
arm-none-eabi-gcc.exe -mcpu=cortex-m3 -mthumb -I. -IGenerated_Source\PSoC5 -Wa,-alh=.\ARM_GCC_541\Debug/cyPm.lst -g -ffunction-sections -ffat-lto-objects -O0 -c Generated_Source\PSoC5\cyPm.c -o .\ARM_GCC_541\Debug\cyPm.o
arm-none-eabi-gcc.exe -mcpu=cortex-m3 -mthumb -I. -IGenerated_Source\PSoC5 -Wa,-alh=.\ARM_GCC_541\Debug/CySpc.lst -g -ffunction-sections -ffat-lto-objects -O0 -c Generated_Source\PSoC5\CySpc.c -o .\ARM_GCC_541\Debug\CySpc.o
arm-none-eabi-gcc.exe -mcpu=cortex-m3 -mthumb -I. -IGenerated_Source\PSoC5 -Wa,-alh=.\ARM_GCC_541\Debug/cyutils.lst -g -ffunction-sections -ffat-lto-objects -O0 -c Generated_Source\PSoC5\cyutils.c -o .\ARM_GCC_541\Debug\cyutils.o
arm-none-eabi-gcc.exe -mcpu=cortex-m3 -mthumb -I. -IGenerated_Source\PSoC5 -Wa,-alh=.\ARM_GCC_541\Debug/cy_em_eeprom.lst -g -ffunction-sections -ffat-lto-objects -O0 -c Generated_Source\PSoC5\cy_em_eeprom.c -o .\ARM_GCC_541\Debug\cy_em_eeprom.o
arm-none-eabi-gcc.exe -mcpu=cortex-m3 -mthumb -I. -IGenerated_Source\PSoC5 -Wa,-alh=.\ARM_GCC_541\Debug/UART_1.lst -g -ffunction-sections -ffat-lto-objects -O0 -c Generated_Source\PSoC5\UART_1.c -o .\ARM_GCC_541\Debug\UART_1.o
arm-none-eabi-gcc.exe -mcpu=cortex-m3 -mthumb -I. -IGenerated_Source\PSoC5 -Wa,-alh=.\ARM_GCC_541\Debug/UART_1_PM.lst -g -ffunction-sections -ffat-lto-objects -O0 -c Generated_Source\PSoC5\UART_1_PM.c -o .\ARM_GCC_541\Debug\UART_1_PM.o
arm-none-eabi-gcc.exe -mcpu=cortex-m3 -mthumb -I. -IGenerated_Source\PSoC5 -Wa,-alh=.\ARM_GCC_541\Debug/UART_1_INT.lst -g -ffunction-sections -ffat-lto-objects -O0 -c Generated_Source\PSoC5\UART_1_INT.c -o .\ARM_GCC_541\Debug\UART_1_INT.o
arm-none-eabi-gcc.exe -mcpu=cortex-m3 -mthumb -I. -IGenerated_Source\PSoC5 -Wa,-alh=.\ARM_GCC_541\Debug/UART_1_BOOT.lst -g -ffunction-sections -ffat-lto-objects -O0 -c Generated_Source\PSoC5\UART_1_BOOT.c -o .\ARM_GCC_541\Debug\UART_1_BOOT.o
arm-none-eabi-gcc.exe -mcpu=cortex-m3 -mthumb -I. -IGenerated_Source\PSoC5 -Wa,-alh=.\ARM_GCC_541\Debug/UART_1_IntClock.lst -g -ffunction-sections -ffat-lto-objects -O0 -c Generated_Source\PSoC5\UART_1_IntClock.c -o .\ARM_GCC_541\Debug\UART_1_IntClock.o
arm-none-eabi-gcc.exe -mcpu=cortex-m3 -mthumb -I. -IGenerated_Source\PSoC5 -Wa,-alh=.\ARM_GCC_541\Debug/Timer_1.lst -g -ffunction-sections -ffat-lto-objects -O0 -c Generated_Source\PSoC5\Timer_1.c -o .\ARM_GCC_541\Debug\Timer_1.o
arm-none-eabi-gcc.exe -mcpu=cortex-m3 -mthumb -I. -IGenerated_Source\PSoC5 -Wa,-alh=.\ARM_GCC_541\Debug/Timer_1_PM.lst -g -ffunction-sections -ffat-lto-objects -O0 -c Generated_Source\PSoC5\Timer_1_PM.c -o .\ARM_GCC_541\Debug\Timer_1_PM.o
arm-none-eabi-gcc.exe -mcpu=cortex-m3 -mthumb -I. -IGenerated_Source\PSoC5 -Wa,-alh=.\ARM_GCC_541\Debug/isr_1.lst -g -ffunction-sections -ffat-lto-objects -O0 -c Generated_Source\PSoC5\isr_1.c -o .\ARM_GCC_541\Debug\isr_1.o
arm-none-eabi-gcc.exe -mcpu=cortex-m3 -mthumb -I. -IGenerated_Source\PSoC5 -Wa,-alh=.\ARM_GCC_541\Debug/UART_2.lst -g -ffunction-sections -ffat-lto-objects -O0 -c Generated_Source\PSoC5\UART_2.c -o .\ARM_GCC_541\Debug\UART_2.o
arm-none-eabi-gcc.exe -mcpu=cortex-m3 -mthumb -I. -IGenerated_Source\PSoC5 -Wa,-alh=.\ARM_GCC_541\Debug/UART_2_PM.lst -g -ffunction-sections -ffat-lto-objects -O0 -c Generated_Source\PSoC5\UART_2_PM.c -o .\ARM_GCC_541\Debug\UART_2_PM.o
arm-none-eabi-gcc.exe -mcpu=cortex-m3 -mthumb -I. -IGenerated_Source\PSoC5 -Wa,-alh=.\ARM_GCC_541\Debug/UART_2_INT.lst -g -ffunction-sections -ffat-lto-objects -O0 -c Generated_Source\PSoC5\UART_2_INT.c -o .\ARM_GCC_541\Debug\UART_2_INT.o
arm-none-eabi-gcc.exe -mcpu=cortex-m3 -mthumb -I. -IGenerated_Source\PSoC5 -Wa,-alh=.\ARM_GCC_541\Debug/UART_2_BOOT.lst -g -ffunction-sections -ffat-lto-objects -O0 -c Generated_Source\PSoC5\UART_2_BOOT.c -o .\ARM_GCC_541\Debug\UART_2_BOOT.o
arm-none-eabi-gcc.exe -mcpu=cortex-m3 -mthumb -I. -IGenerated_Source\PSoC5 -Wa,-alh=.\ARM_GCC_541\Debug/Clock_2.lst -g -ffunction-sections -ffat-lto-objects -O0 -c Generated_Source\PSoC5\Clock_2.c -o .\ARM_GCC_541\Debug\Clock_2.o
arm-none-eabi-gcc.exe -mcpu=cortex-m3 -mthumb -I. -IGenerated_Source\PSoC5 -Wa,-alh=.\ARM_GCC_541\Debug/Timer_2.lst -g -ffunction-sections -ffat-lto-objects -O0 -c Generated_Source\PSoC5\Timer_2.c -o .\ARM_GCC_541\Debug\Timer_2.o
arm-none-eabi-gcc.exe -mcpu=cortex-m3 -mthumb -I. -IGenerated_Source\PSoC5 -Wa,-alh=.\ARM_GCC_541\Debug/Timer_2_PM.lst -g -ffunction-sections -ffat-lto-objects -O0 -c Generated_Source\PSoC5\Timer_2_PM.c -o .\ARM_GCC_541\Debug\Timer_2_PM.o
arm-none-eabi-gcc.exe -mcpu=cortex-m3 -mthumb -I. -IGenerated_Source\PSoC5 -Wa,-alh=.\ARM_GCC_541\Debug/isr_2.lst -g -ffunction-sections -ffat-lto-objects -O0 -c Generated_Source\PSoC5\isr_2.c -o .\ARM_GCC_541\Debug\isr_2.o
arm-none-eabi-gcc.exe -mcpu=cortex-m3 -mthumb -I. -IGenerated_Source\PSoC5 -Wa,-alh=.\ARM_GCC_541\Debug/EnablePin.lst -g -ffunction-sections -ffat-lto-objects -O0 -c Generated_Source\PSoC5\EnablePin.c -o .\ARM_GCC_541\Debug\EnablePin.o
arm-none-eabi-as.exe -mcpu=cortex-m3 -mthumb -I. -IGenerated_Source\PSoC5 -alh=.\ARM_GCC_541\Debug/CyBootAsmGnu.lst -g -o .\ARM_GCC_541\Debug\CyBootAsmGnu.o Generated_Source\PSoC5\CyBootAsmGnu.s
arm-none-eabi-ar.exe -rs .\ARM_GCC_541\Debug\Mepsan.a .\ARM_GCC_541\Debug\clock_1.o .\ARM_GCC_541\Debug\PWM_1.o .\ARM_GCC_541\Debug\PWM_1_PM.o .\ARM_GCC_541\Debug\PWM_Out.o .\ARM_GCC_541\Debug\Kill_Switch.o .\ARM_GCC_541\Debug\CyDmac.o .\ARM_GCC_541\Debug\CyFlash.o .\ARM_GCC_541\Debug\CyLib.o .\ARM_GCC_541\Debug\cyPm.o .\ARM_GCC_541\Debug\CySpc.o .\ARM_GCC_541\Debug\cyutils.o .\ARM_GCC_541\Debug\cy_em_eeprom.o .\ARM_GCC_541\Debug\UART_1.o .\ARM_GCC_541\Debug\UART_1_PM.o .\ARM_GCC_541\Debug\UART_1_INT.o .\ARM_GCC_541\Debug\UART_1_BOOT.o .\ARM_GCC_541\Debug\UART_1_IntClock.o .\ARM_GCC_541\Debug\Timer_1.o .\ARM_GCC_541\Debug\Timer_1_PM.o .\ARM_GCC_541\Debug\isr_1.o .\ARM_GCC_541\Debug\UART_2.o .\ARM_GCC_541\Debug\UART_2_PM.o .\ARM_GCC_541\Debug\UART_2_INT.o .\ARM_GCC_541\Debug\UART_2_BOOT.o .\ARM_GCC_541\Debug\Clock_2.o .\ARM_GCC_541\Debug\Timer_2.o .\ARM_GCC_541\Debug\Timer_2_PM.o .\ARM_GCC_541\Debug\isr_2.o .\ARM_GCC_541\Debug\EnablePin.o .\ARM_GCC_541\Debug\CyBootAsmGnu.o
arm-none-eabi-ar.exe: creating .\ARM_GCC_541\Debug\Mepsan.a
arm-none-eabi-gcc.exe -Wl,--start-group -o C:\Users\Lenovo\Documents\GitHub\Mepsan\Mepsan.cydsn\ARM_GCC_541\Debug\Mepsan.elf .\ARM_GCC_541\Debug\main.o .\ARM_GCC_541\Debug\PumpCom.o .\ARM_GCC_541\Debug\Gbr.o .\ARM_GCC_541\Debug\cyfitter_cfg.o .\ARM_GCC_541\Debug\cymetadata.o .\ARM_GCC_541\Debug\Cm3Start.o .\ARM_GCC_541\Debug\Mepsan.a "C:\Program Files (x86)\Cypress\PSoC Creator\4.2\PSoC Creator\psoc\content\cycomponentlibrary\CyComponentLibrary.cylib\CortexM3\ARM_GCC_541\Debug\CyComponentLibrary.a" -mcpu=cortex-m3 -mthumb -L Generated_Source\PSoC5 -Wl,-Map,.\ARM_GCC_541\Debug/Mepsan.map -T Generated_Source\PSoC5\cm3gcc.ld -specs=nano.specs -Wl,--gc-sections -g -ffunction-sections -O0 -ffat-lto-objects -Wl,--end-group
cyelftool.exe -C C:\Users\Lenovo\Documents\GitHub\Mepsan\Mepsan.cydsn\ARM_GCC_541\Debug\Mepsan.elf --flash_row_size 256 --flash_size 262144 --flash_offset 0x00000000
No ELF section .cychecksum found, creating one
Application checksum calculated and stored in ELF section .cychecksum
Checksum calculated and stored in ELF section .cymeta
cyelftool.exe -S C:\Users\Lenovo\Documents\GitHub\Mepsan\Mepsan.cydsn\ARM_GCC_541\Debug\Mepsan.elf
Flash used: 6006 of 262144 bytes (2,3%).
SRAM used: 3973 of 65536 bytes (6,1%). Stack: 2048 bytes. Heap: 128 bytes.
--------------- Rebuild Succeeded: 04/24/2018 13:00:54 ---------------
