#***************************************************************************

#sjplacer

#Version:            1.1

#Build Date:         Dec  5 2017 15:35:27

#File Generated:     Oct 2 2018 07:05:56

#Purpose:            

#Copyright (C) 2010-2011 by Softjin Technologies Pvt Ltd. All rights reserved.

#***************************************************************************

Executing : C:\Program Files (x86)\Cypress\PSoC Creator\4.2\PSoC Creator\bin/sjplacer.exe --proj-name Mepsan --netlist-vh2 Mepsan_p.vh2 --arch p35_udb4x6 --arch-file C:\Program Files (x86)\Cypress\PSoC Creator\4.2\PSoC Creator\dev\arch/udbdsi_4x6_24.cydata --ip-file C:\Program Files (x86)\Cypress\PSoC Creator\4.2\PSoC Creator\dev\psoc5/psoc5lp/ip_blocks.cydata --rrg-file C:\Program Files (x86)\Cypress\PSoC Creator\4.2\PSoC Creator\dev\psoc5/psoc5lp/route_arch-rrg.cydata --irq-file C:\Program Files (x86)\Cypress\PSoC Creator\4.2\PSoC Creator\dev\psoc5/psoc5lp/irqconn.cydata --drq-file C:\Program Files (x86)\Cypress\PSoC Creator\4.2\PSoC Creator\dev\psoc5/psoc5lp/dmaconn.cydata --dsi-conn-file C:\Program Files (x86)\Cypress\PSoC Creator\4.2\PSoC Creator\dev\psoc5/psoc5lp/dsiconn.cydata --pins-file pins_68-QFN.xml --lib-file Mepsan_p.lib --sdc-file Mepsan.sdc --io-pcf Mepsan.pci --outdir .

		Softjin Techologies Placer, Version 1.1

Build Date : Dec  5 2017	15:33:41

D2004: Option and Settings Summary
=============================================================
Netlist vh2 file          - Mepsan_p.vh2
Architecture file         - C:\Program Files (x86)\Cypress\PSoC Creator\4.2\PSoC Creator\dev\arch/udbdsi_4x6_24.cydata
Package                   - 
Defparam file             - 
SDC file                  - Mepsan.sdc
Output directory          - .
Timing library            - Mepsan_p.lib
IO Placement file         - Mepsan.pci

D2050: Starting reading inputs for placer
=============================================================
D2065: Reading netlist file : "Mepsan_p.vh2"
D2065: Reading arch file : "C:\Program Files (x86)\Cypress\PSoC Creator\4.2\PSoC Creator\dev\arch/udbdsi_4x6_24.cydata"
D2051: Reading of inputs for placer completed successfully

D2053: Starting placement of the design
=============================================================

Phase 2
Phase 3

Design Statistics after Packing
    Number of Combinational MCs 	:	42
    Number of Sequential MCs    	:	82
    Number of DPs               	:	16
    Number of Controls          	:	4
    Number of Status            	:	10
    Number of SyncCells         	:	0
    Number of count7cells       	:	4

Device Utilization Summary after Packing
    Macrocells                  :	124/192
    UDBS                        :	20/24
    IOs                         :	13/72


D2088: Phase 3, elapsed time : 0.0 (sec)

Phase 4
D2088: Phase 4, elapsed time : 0.0 (sec)

Phase 5
D2088: Phase 5, elapsed time : 0.0 (sec)

Phase 6

######################################################################
Placement Timing Summary

The timing summary is based on estimated routing delays after
placement. For final timing report, please carry out the timing
analysis after routing.
======================================================================

######################################################################
                     Clock Summary 
======================================================================
Number of clocks: 13
Clock: Clock_2              | Frequency:  48.9 MHz | Target:   0.0 MHz
Clock: CyBUS_CLK            | Frequency:  48.9 MHz | Target:  24.0 MHz
Clock: CyILO                | Frequency: N/A       | Target:   0.0 MHz
Clock: CyIMO                | Frequency: N/A       | Target:   3.0 MHz
Clock: CyMASTER_CLK         | Frequency: N/A       | Target:  24.0 MHz
Clock: CyPLL_OUT            | Frequency: N/A       | Target:  24.0 MHz
Clock: MEPSAN_IntClock      | Frequency:  52.7 MHz | Target:   0.1 MHz
Clock: PRINTER_A_IntClock   | Frequency:  45.6 MHz | Target:   0.1 MHz
Clock: PRINTER_B_IntClock   | Frequency:  58.8 MHz | Target:   0.1 MHz
Clock: clock_1              | Frequency: N/A       | Target:   0.0 MHz
Clock: clock_1(fixed-function) | Frequency: N/A       | Target:   0.0 MHz
Clock: screen2_IntClock     | Frequency:  50.5 MHz | Target:   0.9 MHz
Clock: screen_IntClock      | Frequency:  51.4 MHz | Target:   0.9 MHz

======================================================================
                     End of Clock Summary
######################################################################

D2088: Phase 6, elapsed time : 0.3 (sec)

Phase 7
######################################################################
                     Clock Summary 
======================================================================
Number of clocks: 13
Clock: Clock_2              | Frequency:   1.2 MHz | Target:   0.0 MHz
Clock: CyBUS_CLK            | Frequency:   1.2 MHz | Target:  24.0 MHz
Clock: CyILO                | Frequency: N/A       | Target:   0.0 MHz
Clock: CyIMO                | Frequency: N/A       | Target:   3.0 MHz
Clock: CyMASTER_CLK         | Frequency: N/A       | Target:  24.0 MHz
Clock: CyPLL_OUT            | Frequency: N/A       | Target:  24.0 MHz
Clock: MEPSAN_IntClock      | Frequency:   1.3 MHz | Target:   0.1 MHz
Clock: PRINTER_A_IntClock   | Frequency:  44.0 MHz | Target:   0.1 MHz
Clock: PRINTER_B_IntClock   | Frequency:  55.3 MHz | Target:   0.1 MHz
Clock: clock_1              | Frequency: N/A       | Target:   0.0 MHz
Clock: clock_1(fixed-function) | Frequency: N/A       | Target:   0.0 MHz
Clock: screen2_IntClock     | Frequency:   1.3 MHz | Target:   0.9 MHz
Clock: screen_IntClock      | Frequency:   1.3 MHz | Target:   0.9 MHz

======================================================================
                     End of Clock Summary
######################################################################
D2088: Phase 7, elapsed time : 5.5 (sec)

Final Design Statistics
    Number of Combinational MCs 	:	42
    Number of Sequential MCs    	:	82
    Number of DPs               	:	16
    Number of Controls          	:	4
    Number of Status            	:	10
    Number of SyncCells         	:	0
    Number of count7cells       	:	4
    Number of IOs       	:	13

Device Utilization Summary
    Macrocells                  :	124/192
    IOs                         :	13/72



######################################################################
Placement Timing Summary

The timing summary is based on estimated routing delays after
placement. For final timing report, please carry out the timing
analysis after routing.
======================================================================


######################################################################
                     Clock Summary 
======================================================================
Number of clocks: 13
Clock: Clock_2              | Frequency:   1.3 MHz | Target:   0.0 MHz
Clock: CyBUS_CLK            | Frequency:   1.3 MHz | Target:  24.0 MHz
Clock: CyILO                | Frequency: N/A       | Target:   0.0 MHz
Clock: CyIMO                | Frequency: N/A       | Target:   3.0 MHz
Clock: CyMASTER_CLK         | Frequency: N/A       | Target:  24.0 MHz
Clock: CyPLL_OUT            | Frequency: N/A       | Target:  24.0 MHz
Clock: MEPSAN_IntClock      | Frequency:   1.3 MHz | Target:   0.1 MHz
Clock: PRINTER_A_IntClock   | Frequency:  55.3 MHz | Target:   0.1 MHz
Clock: PRINTER_B_IntClock   | Frequency:  54.4 MHz | Target:   0.1 MHz
Clock: clock_1              | Frequency: N/A       | Target:   0.0 MHz
Clock: clock_1(fixed-function) | Frequency: N/A       | Target:   0.0 MHz
Clock: screen2_IntClock     | Frequency:   1.3 MHz | Target:   0.9 MHz
Clock: screen_IntClock      | Frequency:   1.4 MHz | Target:   0.9 MHz

======================================================================
                     End of Clock Summary
######################################################################

Phase 8
D2088: Phase 8, elapsed time : 0.0 (sec)

D2054: Placement of the design completed successfully

I2076: Total run-time: 8.3 sec.

